#
# There is insufficient memory for the Java Runtime Environment to continue.
# Native memory allocation (mmap) failed to map 72351744 bytes for G1 virtual space
# Possible reasons:
#   The system is out of physical RAM or swap space
#   The process is running with CompressedOops enabled, and the Java Heap may be blocking the growth of the native heap
# Possible solutions:
#   Reduce memory load on the system
#   Increase physical memory or swap space
#   Check if swap backing store is full
#   Decrease Java heap size (-Xmx/-Xms)
#   Decrease number of Java threads
#   Decrease Java thread stack sizes (-Xss)
#   Set larger code cache with -XX:ReservedCodeCacheSize=
#   JVM is running with Unscaled Compressed Oops mode in which the Java heap is
#     placed in the first 4GB address space. The Java Heap base address is the
#     maximum limit for the native heap growth. Please use -XX:HeapBaseMinAddress
#     to set the Java Heap base and to place the Java Heap above 4GB virtual address.
# This output file may be truncated or incomplete.
#
#  Out of Memory Error (./open/src/hotspot/os/windows/os_windows.cpp:3321), pid=9368, tid=21984
#
# JRE version: Java(TM) SE Runtime Environment (15.0.2+7) (build 15.0.2+7-27)
# Java VM: Java HotSpot(TM) 64-Bit Server VM (15.0.2+7-27, mixed mode, sharing, tiered, compressed oops, g1 gc, windows-amd64)
# No core dump will be written. Minidumps are not enabled by default on client versions of Windows
#

---------------  S U M M A R Y ------------

Command Line: -ea -Dtestng.dtd.http=true -javaagent:C:\Users\MMohamed\.m2\repository/org/aspectj/aspectjweaver/1.9.6/aspectjweaver-1.9.6.jar -Didea.test.cyclic.buffer.size=1048576 -javaagent:C:\Program Files\JetBrains\IntelliJ IDEA Community Edition 2020.2.3\lib\idea_rt.jar=57870:C:\Program Files\JetBrains\IntelliJ IDEA Community Edition 2020.2.3\bin -Dfile.encoding=UTF-8 com.intellij.rt.testng.RemoteTestNGStarter -usedefaultlisteners false -listener com.shaft.tools.listeners.AlterSuiteListener;com.shaft.tools.listeners.InvokedMethodListener;com.shaft.tools.listeners.SuiteListener -socket57869 @w@C:\Users\MMohamed\AppData\Local\Temp\idea_working_dirs_testng.tmp -temp C:\Users\MMohamed\AppData\Local\Temp\idea_testng.tmp

Host: Intel(R) Core(TM) i5-4300U CPU @ 1.90GHz, 4 cores, 3G,  Windows 10 , 64 bit Build 19041 (10.0.19041.928)
Time: Mon May  3 20:59:10 2021 Egypt Standard Time elapsed time: 91.742352 seconds (0d 0h 1m 31s)

---------------  T H R E A D  ---------------

Current thread (0x000001d0d7c28400):  VMThread "VM Thread" [stack: 0x00000096c1a00000,0x00000096c1b00000] [id=21984]

Stack: [0x00000096c1a00000,0x00000096c1b00000]
[error occurred during error reporting (printing stack bounds), id 0xc0000005, EXCEPTION_ACCESS_VIOLATION (0xc0000005) at pc=0x000001d0c3ae10ad]

Native frames: (J=compiled Java code, j=interpreted, Vv=VM code, C=native code)
V  [jvm.dll+0x62ae9a]
V  [jvm.dll+0x7817a9]
V  [jvm.dll+0x782f03]
V  [jvm.dll+0x7834c5]
V  [jvm.dll+0x78347b]
V  [jvm.dll+0x62a2b9]
V  [jvm.dll+0x62aa88]
C  [ntdll.dll+0xa207f]

VM_Operation (0x00000096c16ff3e0): G1Concurrent, mode: safepoint, requested by thread 0x000001d0ba113b10


---------------  P R O C E S S  ---------------

Threads class SMR info:
_java_thread_list=0x000001d0dbf4f070, length=20, elements={
0x000001d0ba0da4b0, 0x000001d0ba17e9b0, 0x000001d0d7c2bb70, 0x000001d0d7c434b0,
0x000001d0d7c47630, 0x000001d0d7c4a000, 0x000001d0d7c4b490, 0x000001d0d7c58e40,
0x000001d0d85c8070, 0x000001d0ba16d230, 0x000001d0da691ca0, 0x000001d0da692170,
0x000001d0d9b36030, 0x000001d0da4ab0f0, 0x000001d0d8e8e840, 0x000001d0d8e8ed10,
0x000001d0da4bfda0, 0x000001d0da4c10e0, 0x000001d0da4c1f50, 0x000001d0da4c0c10
}

Java Threads: ( => current thread )
  0x000001d0ba0da4b0 JavaThread "Forwarding getLog on session 36571f544e1a40f5882bc08a23c489ba to remote" [_thread_blocked, id=7904, stack(0x00000096c1400000,0x00000096c1500000)]
  0x000001d0ba17e9b0 JavaThread "Reference Handler" daemon [_thread_blocked, id=20572, stack(0x00000096c1b00000,0x00000096c1c00000)]
  0x000001d0d7c2bb70 JavaThread "Finalizer" daemon [_thread_blocked, id=8436, stack(0x00000096c1c00000,0x00000096c1d00000)]
  0x000001d0d7c434b0 JavaThread "Signal Dispatcher" daemon [_thread_blocked, id=14400, stack(0x00000096c1d00000,0x00000096c1e00000)]
  0x000001d0d7c47630 JavaThread "Attach Listener" daemon [_thread_blocked, id=17128, stack(0x00000096c1e00000,0x00000096c1f00000)]
  0x000001d0d7c4a000 JavaThread "Service Thread" daemon [_thread_blocked, id=9600, stack(0x00000096c1f00000,0x00000096c2000000)]
  0x000001d0d7c4b490 JavaThread "C2 CompilerThread0" daemon [_thread_blocked, id=18140, stack(0x00000096c2000000,0x00000096c2100000)]
  0x000001d0d7c58e40 JavaThread "C1 CompilerThread0" daemon [_thread_blocked, id=20524, stack(0x00000096c2100000,0x00000096c2200000)]
  0x000001d0d85c8070 JavaThread "Sweeper thread" daemon [_thread_blocked, id=22968, stack(0x00000096c2200000,0x00000096c2300000)]
  0x000001d0ba16d230 JavaThread "Common-Cleaner" daemon [_thread_blocked, id=22756, stack(0x00000096c2300000,0x00000096c2400000)]
  0x000001d0da691ca0 JavaThread "Monitor Ctrl-Break" daemon [_thread_in_native, id=2880, stack(0x00000096c2500000,0x00000096c2600000)]
  0x000001d0da692170 JavaThread "Notification Thread" daemon [_thread_blocked, id=6048, stack(0x00000096c2600000,0x00000096c2700000)]
  0x000001d0d9b36030 JavaThread "ForkJoinPool.commonPool-worker-5" daemon [_thread_blocked, id=23008, stack(0x00000096c2900000,0x00000096c2a00000)]
  0x000001d0da4ab0f0 JavaThread "Exec Default Executor" daemon [_thread_in_native, id=7340, stack(0x00000096c2a00000,0x00000096c2b00000)]
  0x000001d0d8e8e840 JavaThread "Exec Stream Pumper" daemon [_thread_in_native, id=22892, stack(0x00000096c2d00000,0x00000096c2e00000)]
  0x000001d0d8e8ed10 JavaThread "Exec Stream Pumper" daemon [_thread_in_native, id=21688, stack(0x00000096c2e00000,0x00000096c2f00000)]
  0x000001d0da4bfda0 JavaThread "ForkJoinPool.commonPool-worker-7" daemon [_thread_blocked, id=22724, stack(0x00000096c3000000,0x00000096c3100000)]
  0x000001d0da4c10e0 JavaThread "OkHttp ConnectionPool" daemon [_thread_blocked, id=22896, stack(0x00000096c3100000,0x00000096c3200000)]
  0x000001d0da4c1f50 JavaThread "Okio Watchdog" daemon [_thread_blocked, id=23492, stack(0x00000096c3200000,0x00000096c3300000)]
  0x000001d0da4c0c10 JavaThread "Java2D Disposer" daemon [_thread_blocked, id=13320, stack(0x00000096c3300000,0x00000096c3400000)]

Other Threads:
=>0x000001d0d7c28400 VMThread "VM Thread" [stack: 0x00000096c1a00000,0x00000096c1b00000] [id=21984]
  0x000001d0da7fe750 WatcherThread [stack: 0x00000096c2700000,0x00000096c2800000] [id=21784]
  0x000001d0ba109d60 GCTaskThread "GC Thread#0" [stack: 0x00000096c1500000,0x00000096c1600000] [id=15936]
  0x000001d0d87d6c50 GCTaskThread "GC Thread#1" [stack: 0x00000096c2400000,0x00000096c2500000] [id=22352]
  0x000001d0d971f580 GCTaskThread "GC Thread#2" [stack: 0x00000096c2f00000,0x00000096c3000000] [id=21620]
  0x000001d0d971e260 GCTaskThread "GC Thread#3" [stack: 0x00000096c3400000,0x00000096c3500000] [id=23144]
  0x000001d0ba113b10 ConcurrentGCThread "G1 Main Marker" [stack: 0x00000096c1600000,0x00000096c1700000] [id=23508]
  0x000001d0ba114db0 ConcurrentGCThread "G1 Conc#0" [stack: 0x00000096c1700000,0x00000096c1800000] [id=19364]
  0x000001d0ba1611a0 ConcurrentGCThread "G1 Refine#0" [stack: 0x00000096c1800000,0x00000096c1900000] [id=20980]
  0x000001d0ba162cc0 ConcurrentGCThread "G1 Young RemSet Sampling" [stack: 0x00000096c1900000,0x00000096c1a00000] [id=1584]

Threads with active compile tasks:
C2 CompilerThread0    91823 6782   !   4       org.openqa.selenium.json.JsonInput::nextNumber (160 bytes)

VM state: at safepoint (normal execution)

VM Mutex/Monitor currently owned by a thread:  ([mutex/lock_event])
[0x000001d0ba0d6b50] Threads_lock - owner thread: 0x000001d0d7c28400
[0x000001d0ba0d5b00] Heap_lock - owner thread: 0x000001d0ba113b10

Heap address: 0x00000000c1600000, size: 1002 MB, Compressed Oops mode: 32-bit
CDS archive(s) mapped at: [0x0000000800000000-0x0000000800b50000-0x0000000800b50000), size 11862016, SharedBaseAddress: 0x0000000800000000, ArchiveRelocationMode: 0.
Compressed class space mapped at: 0x0000000800b50000-0x0000000840b50000, size: 1073741824
Narrow klass base: 0x0000000800000000, Narrow klass shift: 3, Narrow klass range: 0x100000000

GC Precious Log:
 CPUs: 4 total, 4 available
 Memory: 4001M
 Large Page Support: Disabled
 NUMA Support: Disabled
 Compressed Oops: Enabled (32-bit)
 Heap Region Size: 1M
 Heap Min Capacity: 8M
 Heap Initial Capacity: 64M
 Heap Max Capacity: 1002M
 Pre-touch: Disabled
 Parallel Workers: 4
 Concurrent Workers: 1
 Concurrent Refinement Workers: 4
 Periodic GC: Disabled

Heap:
 garbage-first heap   total 285696K, used 168606K [0x00000000c1600000, 0x0000000100000000)
  region size 1024K, 83 young (84992K), 3 survivors (3072K)
 Metaspace       used 41830K, capacity 42295K, committed 42368K, reserved 1087488K
  class space    used 4547K, capacity 4699K, committed 4736K, reserved 1048576K

Heap Regions: E=young(eden), S=young(survivor), O=old, HS=humongous(starts), HC=humongous(continues), CS=collection set, F=free, OA=open archive, CA=closed archive, TAMS=top-at-mark-start (previous, next)
|   0|0x00000000c1600000, 0x00000000c1700000, 0x00000000c1700000|100%|HS|  |TAMS 0x00000000c1700000, 0x00000000c1600000| Complete 
|   1|0x00000000c1700000, 0x00000000c1800000, 0x00000000c1800000|100%| O|  |TAMS 0x00000000c1800000, 0x00000000c1700000| Updating 
|   2|0x00000000c1800000, 0x00000000c1900000, 0x00000000c1900000|100%| O|  |TAMS 0x00000000c1900000, 0x00000000c1800000| Updating 
|   3|0x00000000c1900000, 0x00000000c1a00000, 0x00000000c1a00000|100%| O|  |TAMS 0x00000000c1a00000, 0x00000000c1900000| Updating 
|   4|0x00000000c1a00000, 0x00000000c1b00000, 0x00000000c1b00000|100%| O|  |TAMS 0x00000000c1b00000, 0x00000000c1a00000| Updating 
|   5|0x00000000c1b00000, 0x00000000c1c00000, 0x00000000c1c00000|100%| O|  |TAMS 0x00000000c1c00000, 0x00000000c1b00000| Updating 
|   6|0x00000000c1c00000, 0x00000000c1d00000, 0x00000000c1d00000|100%| O|  |TAMS 0x00000000c1d00000, 0x00000000c1c00000| Updating 
|   7|0x00000000c1d00000, 0x00000000c1e00000, 0x00000000c1e00000|100%| O|  |TAMS 0x00000000c1e00000, 0x00000000c1d00000| Updating 
|   8|0x00000000c1e00000, 0x00000000c1f00000, 0x00000000c1f00000|100%| O|  |TAMS 0x00000000c1f00000, 0x00000000c1e00000| Updating 
|   9|0x00000000c1f00000, 0x00000000c2000000, 0x00000000c2000000|100%| O|  |TAMS 0x00000000c2000000, 0x00000000c1f00000| Updating 
|  10|0x00000000c2000000, 0x00000000c2100000, 0x00000000c2100000|100%| O|  |TAMS 0x00000000c2100000, 0x00000000c2000000| Updating 
|  11|0x00000000c2100000, 0x00000000c2200000, 0x00000000c2200000|100%| O|  |TAMS 0x00000000c2200000, 0x00000000c2100000| Updating 
|  12|0x00000000c2200000, 0x00000000c2300000, 0x00000000c2300000|100%| O|  |TAMS 0x00000000c2300000, 0x00000000c2200000| Updating 
|  13|0x00000000c2300000, 0x00000000c2400000, 0x00000000c2400000|100%| O|  |TAMS 0x00000000c2400000, 0x00000000c2300000| Updating 
|  14|0x00000000c2400000, 0x00000000c2500000, 0x00000000c2500000|100%| O|  |TAMS 0x00000000c2500000, 0x00000000c2400000| Updating 
|  15|0x00000000c2500000, 0x00000000c2600000, 0x00000000c2600000|100%| O|  |TAMS 0x00000000c2600000, 0x00000000c2500000| Updating 
|  16|0x00000000c2600000, 0x00000000c2700000, 0x00000000c2700000|100%| O|  |TAMS 0x00000000c2700000, 0x00000000c2600000| Updating 
|  17|0x00000000c2700000, 0x00000000c2800000, 0x00000000c2800000|100%| O|  |TAMS 0x00000000c2800000, 0x00000000c2700000| Updating 
|  18|0x00000000c2800000, 0x00000000c2900000, 0x00000000c2900000|100%| O|  |TAMS 0x00000000c2900000, 0x00000000c2800000| Updating 
|  19|0x00000000c2900000, 0x00000000c2a00000, 0x00000000c2a00000|100%| O|  |TAMS 0x00000000c2a00000, 0x00000000c2900000| Updating 
|  20|0x00000000c2a00000, 0x00000000c2b00000, 0x00000000c2b00000|100%| O|  |TAMS 0x00000000c2b00000, 0x00000000c2a00000| Updating 
|  21|0x00000000c2b00000, 0x00000000c2c00000, 0x00000000c2c00000|100%| O|  |TAMS 0x00000000c2c00000, 0x00000000c2b00000| Updating 
|  22|0x00000000c2c00000, 0x00000000c2d00000, 0x00000000c2d00000|100%| O|  |TAMS 0x00000000c2d00000, 0x00000000c2c00000| Updating 
|  23|0x00000000c2d00000, 0x00000000c2e00000, 0x00000000c2e00000|100%| O|  |TAMS 0x00000000c2e00000, 0x00000000c2d00000| Updating 
|  24|0x00000000c2e00000, 0x00000000c2f00000, 0x00000000c2f00000|100%| O|  |TAMS 0x00000000c2f00000, 0x00000000c2e00000| Updating 
|  25|0x00000000c2f00000, 0x00000000c3000000, 0x00000000c3000000|100%| O|  |TAMS 0x00000000c3000000, 0x00000000c2f00000| Updating 
|  26|0x00000000c3000000, 0x00000000c3100000, 0x00000000c3100000|100%| O|  |TAMS 0x00000000c3100000, 0x00000000c3000000| Updating 
|  27|0x00000000c3100000, 0x00000000c3200000, 0x00000000c3200000|100%| O|  |TAMS 0x00000000c3200000, 0x00000000c3100000| Updating 
|  28|0x00000000c3200000, 0x00000000c3300000, 0x00000000c3300000|100%| O|  |TAMS 0x00000000c3300000, 0x00000000c3200000| Updating 
|  29|0x00000000c3300000, 0x00000000c3400000, 0x00000000c3400000|100%| O|  |TAMS 0x00000000c3400000, 0x00000000c3300000| Updating 
|  30|0x00000000c3400000, 0x00000000c3500000, 0x00000000c3500000|100%| O|  |TAMS 0x00000000c3500000, 0x00000000c3400000| Updating 
|  31|0x00000000c3500000, 0x00000000c3600000, 0x00000000c3600000|100%| O|  |TAMS 0x00000000c3600000, 0x00000000c3500000| Updating 
|  32|0x00000000c3600000, 0x00000000c3700000, 0x00000000c3700000|100%| O|  |TAMS 0x00000000c3700000, 0x00000000c3600000| Updating 
|  33|0x00000000c3700000, 0x00000000c3800000, 0x00000000c3800000|100%| O|  |TAMS 0x00000000c3800000, 0x00000000c3700000| Updating 
|  34|0x00000000c3800000, 0x00000000c3900000, 0x00000000c3900000|100%| O|  |TAMS 0x00000000c3900000, 0x00000000c3800000| Updating 
|  35|0x00000000c3900000, 0x00000000c3a00000, 0x00000000c3a00000|100%| O|  |TAMS 0x00000000c3a00000, 0x00000000c3900000| Updating 
|  36|0x00000000c3a00000, 0x00000000c3b00000, 0x00000000c3b00000|100%| O|  |TAMS 0x00000000c3b00000, 0x00000000c3a00000| Updating 
|  37|0x00000000c3b00000, 0x00000000c3c00000, 0x00000000c3c00000|100%| O|  |TAMS 0x00000000c3c00000, 0x00000000c3b00000| Updating 
|  38|0x00000000c3c00000, 0x00000000c3d00000, 0x00000000c3d00000|100%| O|  |TAMS 0x00000000c3d00000, 0x00000000c3c00000| Updating 
|  39|0x00000000c3d00000, 0x00000000c3e00000, 0x00000000c3e00000|100%| O|  |TAMS 0x00000000c3e00000, 0x00000000c3d00000| Updating 
|  40|0x00000000c3e00000, 0x00000000c3f00000, 0x00000000c3f00000|100%| O|  |TAMS 0x00000000c3f00000, 0x00000000c3e00000| Updating 
|  41|0x00000000c3f00000, 0x00000000c4000000, 0x00000000c4000000|100%| O|  |TAMS 0x00000000c4000000, 0x00000000c3f00000| Updating 
|  42|0x00000000c4000000, 0x00000000c4100000, 0x00000000c4100000|100%| O|  |TAMS 0x00000000c4100000, 0x00000000c4000000| Updating 
|  43|0x00000000c4100000, 0x00000000c4200000, 0x00000000c4200000|100%| O|  |TAMS 0x00000000c4200000, 0x00000000c4100000| Updating 
|  44|0x00000000c4200000, 0x00000000c4300000, 0x00000000c4300000|100%| O|  |TAMS 0x00000000c4300000, 0x00000000c4200000| Updating 
|  45|0x00000000c4300000, 0x00000000c4400000, 0x00000000c4400000|100%| O|  |TAMS 0x00000000c4400000, 0x00000000c4300000| Updating 
|  46|0x00000000c4400000, 0x00000000c4500000, 0x00000000c4500000|100%| O|  |TAMS 0x00000000c4500000, 0x00000000c4400000| Updating 
|  47|0x00000000c4500000, 0x00000000c4600000, 0x00000000c4600000|100%| O|  |TAMS 0x00000000c4600000, 0x00000000c4500000| Updating 
|  48|0x00000000c4600000, 0x00000000c4700000, 0x00000000c4700000|100%| O|  |TAMS 0x00000000c4700000, 0x00000000c4600000| Updating 
|  49|0x00000000c4700000, 0x00000000c4800000, 0x00000000c4800000|100%| O|  |TAMS 0x00000000c4800000, 0x00000000c4700000| Updating 
|  50|0x00000000c4800000, 0x00000000c4900000, 0x00000000c4900000|100%| O|  |TAMS 0x00000000c4900000, 0x00000000c4800000| Updating 
|  51|0x00000000c4900000, 0x00000000c4a00000, 0x00000000c4a00000|100%| O|  |TAMS 0x00000000c4a00000, 0x00000000c4900000| Updating 
|  52|0x00000000c4a00000, 0x00000000c4b00000, 0x00000000c4b00000|100%| O|  |TAMS 0x00000000c4b00000, 0x00000000c4a00000| Updating 
|  53|0x00000000c4b00000, 0x00000000c4c00000, 0x00000000c4c00000|100%| O|  |TAMS 0x00000000c4c00000, 0x00000000c4b00000| Updating 
|  54|0x00000000c4c00000, 0x00000000c4d00000, 0x00000000c4d00000|100%| O|  |TAMS 0x00000000c4d00000, 0x00000000c4c00000| Updating 
|  55|0x00000000c4d00000, 0x00000000c4e00000, 0x00000000c4e00000|100%| O|  |TAMS 0x00000000c4e00000, 0x00000000c4d00000| Updating 
|  56|0x00000000c4e00000, 0x00000000c4f00000, 0x00000000c4f00000|100%| O|  |TAMS 0x00000000c4f00000, 0x00000000c4e00000| Updating 
|  57|0x00000000c4f00000, 0x00000000c5000000, 0x00000000c5000000|100%| O|  |TAMS 0x00000000c5000000, 0x00000000c4f00000| Updating 
|  58|0x00000000c5000000, 0x00000000c5100000, 0x00000000c5100000|100%| O|  |TAMS 0x00000000c5100000, 0x00000000c5000000| Updating 
|  59|0x00000000c5100000, 0x00000000c5200000, 0x00000000c5200000|100%| O|  |TAMS 0x00000000c5200000, 0x00000000c5100000| Updating 
|  60|0x00000000c5200000, 0x00000000c5300000, 0x00000000c5300000|100%| O|  |TAMS 0x00000000c5300000, 0x00000000c5200000| Updating 
|  61|0x00000000c5300000, 0x00000000c5400000, 0x00000000c5400000|100%| O|  |TAMS 0x00000000c5400000, 0x00000000c5300000| Updating 
|  62|0x00000000c5400000, 0x00000000c5500000, 0x00000000c5500000|100%|HS|  |TAMS 0x00000000c5400000, 0x00000000c5400000| Complete 
|  63|0x00000000c5500000, 0x00000000c5600000, 0x00000000c5600000|100%|HC|  |TAMS 0x00000000c5500000, 0x00000000c5500000| Complete 
|  64|0x00000000c5600000, 0x00000000c5700000, 0x00000000c5700000|100%|HC|  |TAMS 0x00000000c5600000, 0x00000000c5600000| Complete 
|  65|0x00000000c5700000, 0x00000000c5800000, 0x00000000c5800000|100%|HC|  |TAMS 0x00000000c5700000, 0x00000000c5700000| Complete 
|  66|0x00000000c5800000, 0x00000000c5800000, 0x00000000c5900000|  0%| F|  |TAMS 0x00000000c5800000, 0x00000000c5800000| Untracked 
|  67|0x00000000c5900000, 0x00000000c5900000, 0x00000000c5a00000|  0%| F|  |TAMS 0x00000000c5900000, 0x00000000c5900000| Untracked 
|  68|0x00000000c5a00000, 0x00000000c5b00000, 0x00000000c5b00000|100%|HS|  |TAMS 0x00000000c5b00000, 0x00000000c5a00000| Complete 
|  69|0x00000000c5b00000, 0x00000000c5c00000, 0x00000000c5c00000|100%|HC|  |TAMS 0x00000000c5c00000, 0x00000000c5b00000| Complete 
|  70|0x00000000c5c00000, 0x00000000c5d00000, 0x00000000c5d00000|100%|HC|  |TAMS 0x00000000c5d00000, 0x00000000c5c00000| Complete 
|  71|0x00000000c5d00000, 0x00000000c5e00000, 0x00000000c5e00000|100%|HC|  |TAMS 0x00000000c5e00000, 0x00000000c5d00000| Complete 
|  72|0x00000000c5e00000, 0x00000000c5e00000, 0x00000000c5f00000|  0%| F|  |TAMS 0x00000000c5e00000, 0x00000000c5e00000| Untracked 
|  73|0x00000000c5f00000, 0x00000000c5f00000, 0x00000000c6000000|  0%| F|  |TAMS 0x00000000c5f00000, 0x00000000c5f00000| Untracked 
|  74|0x00000000c6000000, 0x00000000c6000000, 0x00000000c6100000|  0%| F|  |TAMS 0x00000000c6000000, 0x00000000c6000000| Untracked 
|  75|0x00000000c6100000, 0x00000000c6200000, 0x00000000c6200000|100%|HS|  |TAMS 0x00000000c6200000, 0x00000000c6100000| Complete 
|  76|0x00000000c6200000, 0x00000000c6200000, 0x00000000c6300000|  0%| F|  |TAMS 0x00000000c6200000, 0x00000000c6200000| Untracked 
|  77|0x00000000c6300000, 0x00000000c6300000, 0x00000000c6400000|  0%| F|  |TAMS 0x00000000c6300000, 0x00000000c6300000| Untracked 
|  78|0x00000000c6400000, 0x00000000c6400000, 0x00000000c6500000|  0%| F|  |TAMS 0x00000000c6400000, 0x00000000c6400000| Untracked 
|  79|0x00000000c6500000, 0x00000000c653ba00, 0x00000000c6600000| 23%| O|  |TAMS 0x00000000c6512c00, 0x00000000c6500000| Updating 
|  80|0x00000000c6600000, 0x00000000c6700000, 0x00000000c6700000|100%| O|  |TAMS 0x00000000c6700000, 0x00000000c6600000| Updating 
|  81|0x00000000c6700000, 0x00000000c6800000, 0x00000000c6800000|100%| O|  |TAMS 0x00000000c6800000, 0x00000000c6700000| Updating 
|  82|0x00000000c6800000, 0x00000000c6900000, 0x00000000c6900000|100%|HS|  |TAMS 0x00000000c6800000, 0x00000000c6800000| Complete 
|  83|0x00000000c6900000, 0x00000000c6a00000, 0x00000000c6a00000|100%|HC|  |TAMS 0x00000000c6900000, 0x00000000c6900000| Complete 
|  84|0x00000000c6a00000, 0x00000000c6b00000, 0x00000000c6b00000|100%|HC|  |TAMS 0x00000000c6a00000, 0x00000000c6a00000| Complete 
|  85|0x00000000c6b00000, 0x00000000c6c00000, 0x00000000c6c00000|100%|HC|  |TAMS 0x00000000c6b00000, 0x00000000c6b00000| Complete 
|  86|0x00000000c6c00000, 0x00000000c6c00000, 0x00000000c6d00000|  0%| F|  |TAMS 0x00000000c6c00000, 0x00000000c6c00000| Untracked 
|  87|0x00000000c6d00000, 0x00000000c6d00000, 0x00000000c6e00000|  0%| F|  |TAMS 0x00000000c6d00000, 0x00000000c6d00000| Untracked 
|  88|0x00000000c6e00000, 0x00000000c6f00000, 0x00000000c6f00000|100%|HS|  |TAMS 0x00000000c6f00000, 0x00000000c6e00000| Complete 
|  89|0x00000000c6f00000, 0x00000000c7000000, 0x00000000c7000000|100%|HS|  |TAMS 0x00000000c7000000, 0x00000000c6f00000| Complete 
|  90|0x00000000c7000000, 0x00000000c7100000, 0x00000000c7100000|100%|HC|  |TAMS 0x00000000c7100000, 0x00000000c7000000| Complete 
|  91|0x00000000c7100000, 0x00000000c7200000, 0x00000000c7200000|100%|HC|  |TAMS 0x00000000c7200000, 0x00000000c7100000| Complete 
|  92|0x00000000c7200000, 0x00000000c7300000, 0x00000000c7300000|100%|HC|  |TAMS 0x00000000c7300000, 0x00000000c7200000| Complete 
|  93|0x00000000c7300000, 0x00000000c7400000, 0x00000000c7400000|100%|HC|  |TAMS 0x00000000c7400000, 0x00000000c7300000| Complete 
|  94|0x00000000c7400000, 0x00000000c7400000, 0x00000000c7500000|  0%| F|  |TAMS 0x00000000c7400000, 0x00000000c7400000| Untracked 
|  95|0x00000000c7500000, 0x00000000c7500000, 0x00000000c7600000|  0%| F|  |TAMS 0x00000000c7500000, 0x00000000c7500000| Untracked 
|  96|0x00000000c7600000, 0x00000000c7600000, 0x00000000c7700000|  0%| F|  |TAMS 0x00000000c7600000, 0x00000000c7600000| Untracked 
|  97|0x00000000c7700000, 0x00000000c7700000, 0x00000000c7800000|  0%| F|  |TAMS 0x00000000c7700000, 0x00000000c7700000| Untracked 
|  98|0x00000000c7800000, 0x00000000c7800000, 0x00000000c7900000|  0%| F|  |TAMS 0x00000000c7800000, 0x00000000c7800000| Untracked 
|  99|0x00000000c7900000, 0x00000000c7900000, 0x00000000c7a00000|  0%| F|  |TAMS 0x00000000c7900000, 0x00000000c7900000| Untracked 
| 100|0x00000000c7a00000, 0x00000000c7a00000, 0x00000000c7b00000|  0%| F|  |TAMS 0x00000000c7a00000, 0x00000000c7a00000| Untracked 
| 101|0x00000000c7b00000, 0x00000000c7b00000, 0x00000000c7c00000|  0%| F|  |TAMS 0x00000000c7b00000, 0x00000000c7b00000| Untracked 
| 102|0x00000000c7c00000, 0x00000000c7c00000, 0x00000000c7d00000|  0%| F|  |TAMS 0x00000000c7c00000, 0x00000000c7c00000| Untracked 
| 103|0x00000000c7d00000, 0x00000000c7d00000, 0x00000000c7e00000|  0%| F|  |TAMS 0x00000000c7d00000, 0x00000000c7d00000| Untracked 
| 104|0x00000000c7e00000, 0x00000000c7e00000, 0x00000000c7f00000|  0%| F|  |TAMS 0x00000000c7e00000, 0x00000000c7e00000| Untracked 
| 105|0x00000000c7f00000, 0x00000000c7f00000, 0x00000000c8000000|  0%| F|  |TAMS 0x00000000c7f00000, 0x00000000c7f00000| Untracked 
| 106|0x00000000c8000000, 0x00000000c8000000, 0x00000000c8100000|  0%| F|  |TAMS 0x00000000c8000000, 0x00000000c8000000| Untracked 
| 107|0x00000000c8100000, 0x00000000c8100000, 0x00000000c8200000|  0%| F|  |TAMS 0x00000000c8100000, 0x00000000c8100000| Untracked 
| 108|0x00000000c8200000, 0x00000000c8200000, 0x00000000c8300000|  0%| F|  |TAMS 0x00000000c8200000, 0x00000000c8200000| Untracked 
| 109|0x00000000c8300000, 0x00000000c8300000, 0x00000000c8400000|  0%| F|  |TAMS 0x00000000c8300000, 0x00000000c8300000| Untracked 
| 110|0x00000000c8400000, 0x00000000c8400000, 0x00000000c8500000|  0%| F|  |TAMS 0x00000000c8400000, 0x00000000c8400000| Untracked 
| 111|0x00000000c8500000, 0x00000000c8500000, 0x00000000c8600000|  0%| F|  |TAMS 0x00000000c8500000, 0x00000000c8500000| Untracked 
| 112|0x00000000c8600000, 0x00000000c8600000, 0x00000000c8700000|  0%| F|  |TAMS 0x00000000c8600000, 0x00000000c8600000| Untracked 
| 113|0x00000000c8700000, 0x00000000c8700000, 0x00000000c8800000|  0%| F|  |TAMS 0x00000000c8700000, 0x00000000c8700000| Untracked 
| 114|0x00000000c8800000, 0x00000000c8800000, 0x00000000c8900000|  0%| F|  |TAMS 0x00000000c8800000, 0x00000000c8800000| Untracked 
| 115|0x00000000c8900000, 0x00000000c8900000, 0x00000000c8a00000|  0%| F|  |TAMS 0x00000000c8900000, 0x00000000c8900000| Untracked 
| 116|0x00000000c8a00000, 0x00000000c8a00000, 0x00000000c8b00000|  0%| F|  |TAMS 0x00000000c8a00000, 0x00000000c8a00000| Untracked 
| 117|0x00000000c8b00000, 0x00000000c8b00000, 0x00000000c8c00000|  0%| F|  |TAMS 0x00000000c8b00000, 0x00000000c8b00000| Untracked 
| 118|0x00000000c8c00000, 0x00000000c8c00000, 0x00000000c8d00000|  0%| F|  |TAMS 0x00000000c8c00000, 0x00000000c8c00000| Untracked 
| 119|0x00000000c8d00000, 0x00000000c8d00000, 0x00000000c8e00000|  0%| F|  |TAMS 0x00000000c8d00000, 0x00000000c8d00000| Untracked 
| 120|0x00000000c8e00000, 0x00000000c8e00000, 0x00000000c8f00000|  0%| F|  |TAMS 0x00000000c8e00000, 0x00000000c8e00000| Untracked 
| 121|0x00000000c8f00000, 0x00000000c8f00000, 0x00000000c9000000|  0%| F|  |TAMS 0x00000000c8f00000, 0x00000000c8f00000| Untracked 
| 122|0x00000000c9000000, 0x00000000c9000000, 0x00000000c9100000|  0%| F|  |TAMS 0x00000000c9000000, 0x00000000c9000000| Untracked 
| 123|0x00000000c9100000, 0x00000000c9100000, 0x00000000c9200000|  0%| F|  |TAMS 0x00000000c9100000, 0x00000000c9100000| Untracked 
| 124|0x00000000c9200000, 0x00000000c9200000, 0x00000000c9300000|  0%| F|  |TAMS 0x00000000c9200000, 0x00000000c9200000| Untracked 
| 125|0x00000000c9300000, 0x00000000c9300000, 0x00000000c9400000|  0%| F|  |TAMS 0x00000000c9300000, 0x00000000c9300000| Untracked 
| 126|0x00000000c9400000, 0x00000000c9400000, 0x00000000c9500000|  0%| F|  |TAMS 0x00000000c9400000, 0x00000000c9400000| Untracked 
| 127|0x00000000c9500000, 0x00000000c9600000, 0x00000000c9600000|100%| E|  |TAMS 0x00000000c9500000, 0x00000000c9500000| Complete 
| 128|0x00000000c9600000, 0x00000000c9700000, 0x00000000c9700000|100%| E|CS|TAMS 0x00000000c9600000, 0x00000000c9600000| Complete 
| 129|0x00000000c9700000, 0x00000000c9800000, 0x00000000c9800000|100%| E|CS|TAMS 0x00000000c9700000, 0x00000000c9700000| Complete 
| 130|0x00000000c9800000, 0x00000000c9900000, 0x00000000c9900000|100%| E|CS|TAMS 0x00000000c9800000, 0x00000000c9800000| Complete 
| 131|0x00000000c9900000, 0x00000000c9a00000, 0x00000000c9a00000|100%| E|CS|TAMS 0x00000000c9900000, 0x00000000c9900000| Complete 
| 132|0x00000000c9a00000, 0x00000000c9b00000, 0x00000000c9b00000|100%| E|CS|TAMS 0x00000000c9a00000, 0x00000000c9a00000| Complete 
| 133|0x00000000c9b00000, 0x00000000c9c00000, 0x00000000c9c00000|100%| E|CS|TAMS 0x00000000c9b00000, 0x00000000c9b00000| Complete 
| 134|0x00000000c9c00000, 0x00000000c9d00000, 0x00000000c9d00000|100%| E|CS|TAMS 0x00000000c9c00000, 0x00000000c9c00000| Complete 
| 135|0x00000000c9d00000, 0x00000000c9e00000, 0x00000000c9e00000|100%| E|CS|TAMS 0x00000000c9d00000, 0x00000000c9d00000| Complete 
| 136|0x00000000c9e00000, 0x00000000c9f00000, 0x00000000c9f00000|100%| E|CS|TAMS 0x00000000c9e00000, 0x00000000c9e00000| Complete 
| 137|0x00000000c9f00000, 0x00000000ca000000, 0x00000000ca000000|100%| E|CS|TAMS 0x00000000c9f00000, 0x00000000c9f00000| Complete 
| 138|0x00000000ca000000, 0x00000000ca100000, 0x00000000ca100000|100%| E|CS|TAMS 0x00000000ca000000, 0x00000000ca000000| Complete 
| 139|0x00000000ca100000, 0x00000000ca200000, 0x00000000ca200000|100%| E|CS|TAMS 0x00000000ca100000, 0x00000000ca100000| Complete 
| 140|0x00000000ca200000, 0x00000000ca300000, 0x00000000ca300000|100%| E|CS|TAMS 0x00000000ca200000, 0x00000000ca200000| Complete 
| 141|0x00000000ca300000, 0x00000000ca400000, 0x00000000ca400000|100%| E|CS|TAMS 0x00000000ca300000, 0x00000000ca300000| Complete 
| 142|0x00000000ca400000, 0x00000000ca500000, 0x00000000ca500000|100%| E|CS|TAMS 0x00000000ca400000, 0x00000000ca400000| Complete 
| 143|0x00000000ca500000, 0x00000000ca600000, 0x00000000ca600000|100%| E|CS|TAMS 0x00000000ca500000, 0x00000000ca500000| Complete 
| 144|0x00000000ca600000, 0x00000000ca700000, 0x00000000ca700000|100%| E|CS|TAMS 0x00000000ca600000, 0x00000000ca600000| Complete 
| 145|0x00000000ca700000, 0x00000000ca800000, 0x00000000ca800000|100%| E|CS|TAMS 0x00000000ca700000, 0x00000000ca700000| Complete 
| 146|0x00000000ca800000, 0x00000000ca900000, 0x00000000ca900000|100%| E|CS|TAMS 0x00000000ca800000, 0x00000000ca800000| Complete 
| 147|0x00000000ca900000, 0x00000000caa00000, 0x00000000caa00000|100%| E|CS|TAMS 0x00000000ca900000, 0x00000000ca900000| Complete 
| 148|0x00000000caa00000, 0x00000000cab00000, 0x00000000cab00000|100%| E|CS|TAMS 0x00000000caa00000, 0x00000000caa00000| Complete 
| 149|0x00000000cab00000, 0x00000000cac00000, 0x00000000cac00000|100%| E|CS|TAMS 0x00000000cab00000, 0x00000000cab00000| Complete 
| 150|0x00000000cac00000, 0x00000000cad00000, 0x00000000cad00000|100%| E|CS|TAMS 0x00000000cac00000, 0x00000000cac00000| Complete 
| 151|0x00000000cad00000, 0x00000000cae00000, 0x00000000cae00000|100%| E|CS|TAMS 0x00000000cad00000, 0x00000000cad00000| Complete 
| 152|0x00000000cae00000, 0x00000000caf00000, 0x00000000caf00000|100%| E|CS|TAMS 0x00000000cae00000, 0x00000000cae00000| Complete 
| 153|0x00000000caf00000, 0x00000000cb000000, 0x00000000cb000000|100%| E|CS|TAMS 0x00000000caf00000, 0x00000000caf00000| Complete 
| 154|0x00000000cb000000, 0x00000000cb100000, 0x00000000cb100000|100%| E|CS|TAMS 0x00000000cb000000, 0x00000000cb000000| Complete 
| 155|0x00000000cb100000, 0x00000000cb200000, 0x00000000cb200000|100%| E|CS|TAMS 0x00000000cb100000, 0x00000000cb100000| Complete 
| 156|0x00000000cb200000, 0x00000000cb300000, 0x00000000cb300000|100%| E|CS|TAMS 0x00000000cb200000, 0x00000000cb200000| Complete 
| 157|0x00000000cb300000, 0x00000000cb400000, 0x00000000cb400000|100%| E|CS|TAMS 0x00000000cb300000, 0x00000000cb300000| Complete 
| 158|0x00000000cb400000, 0x00000000cb500000, 0x00000000cb500000|100%| E|CS|TAMS 0x00000000cb400000, 0x00000000cb400000| Complete 
| 159|0x00000000cb500000, 0x00000000cb600000, 0x00000000cb600000|100%| E|CS|TAMS 0x00000000cb500000, 0x00000000cb500000| Complete 
| 160|0x00000000cb600000, 0x00000000cb700000, 0x00000000cb700000|100%| E|CS|TAMS 0x00000000cb600000, 0x00000000cb600000| Complete 
| 161|0x00000000cb700000, 0x00000000cb800000, 0x00000000cb800000|100%| E|CS|TAMS 0x00000000cb700000, 0x00000000cb700000| Complete 
| 162|0x00000000cb800000, 0x00000000cb900000, 0x00000000cb900000|100%| E|CS|TAMS 0x00000000cb800000, 0x00000000cb800000| Complete 
| 163|0x00000000cb900000, 0x00000000cba00000, 0x00000000cba00000|100%| E|CS|TAMS 0x00000000cb900000, 0x00000000cb900000| Complete 
| 164|0x00000000cba00000, 0x00000000cbb00000, 0x00000000cbb00000|100%| E|CS|TAMS 0x00000000cba00000, 0x00000000cba00000| Complete 
| 165|0x00000000cbb00000, 0x00000000cbc00000, 0x00000000cbc00000|100%| E|CS|TAMS 0x00000000cbb00000, 0x00000000cbb00000| Complete 
| 166|0x00000000cbc00000, 0x00000000cbd00000, 0x00000000cbd00000|100%| E|CS|TAMS 0x00000000cbc00000, 0x00000000cbc00000| Complete 
| 167|0x00000000cbd00000, 0x00000000cbe00000, 0x00000000cbe00000|100%| E|CS|TAMS 0x00000000cbd00000, 0x00000000cbd00000| Complete 
| 168|0x00000000cbe00000, 0x00000000cbf00000, 0x00000000cbf00000|100%| E|CS|TAMS 0x00000000cbe00000, 0x00000000cbe00000| Complete 
| 169|0x00000000cbf00000, 0x00000000cc000000, 0x00000000cc000000|100%| E|CS|TAMS 0x00000000cbf00000, 0x00000000cbf00000| Complete 
| 170|0x00000000cc000000, 0x00000000cc100000, 0x00000000cc100000|100%| E|CS|TAMS 0x00000000cc000000, 0x00000000cc000000| Complete 
| 171|0x00000000cc100000, 0x00000000cc200000, 0x00000000cc200000|100%| E|CS|TAMS 0x00000000cc100000, 0x00000000cc100000| Complete 
| 172|0x00000000cc200000, 0x00000000cc300000, 0x00000000cc300000|100%| E|CS|TAMS 0x00000000cc200000, 0x00000000cc200000| Complete 
| 173|0x00000000cc300000, 0x00000000cc400000, 0x00000000cc400000|100%| E|CS|TAMS 0x00000000cc300000, 0x00000000cc300000| Complete 
| 174|0x00000000cc400000, 0x00000000cc500000, 0x00000000cc500000|100%| E|CS|TAMS 0x00000000cc400000, 0x00000000cc400000| Complete 
| 175|0x00000000cc500000, 0x00000000cc600000, 0x00000000cc600000|100%| E|CS|TAMS 0x00000000cc500000, 0x00000000cc500000| Complete 
| 176|0x00000000cc600000, 0x00000000cc700000, 0x00000000cc700000|100%| E|CS|TAMS 0x00000000cc600000, 0x00000000cc600000| Complete 
| 177|0x00000000cc700000, 0x00000000cc800000, 0x00000000cc800000|100%| E|CS|TAMS 0x00000000cc700000, 0x00000000cc700000| Complete 
| 178|0x00000000cc800000, 0x00000000cc900000, 0x00000000cc900000|100%| E|CS|TAMS 0x00000000cc800000, 0x00000000cc800000| Complete 
| 179|0x00000000cc900000, 0x00000000cca00000, 0x00000000cca00000|100%| E|CS|TAMS 0x00000000cc900000, 0x00000000cc900000| Complete 
| 180|0x00000000cca00000, 0x00000000ccb00000, 0x00000000ccb00000|100%| E|CS|TAMS 0x00000000cca00000, 0x00000000cca00000| Complete 
| 181|0x00000000ccb00000, 0x00000000ccc00000, 0x00000000ccc00000|100%| E|CS|TAMS 0x00000000ccb00000, 0x00000000ccb00000| Complete 
| 182|0x00000000ccc00000, 0x00000000ccd00000, 0x00000000ccd00000|100%| E|CS|TAMS 0x00000000ccc00000, 0x00000000ccc00000| Complete 
| 183|0x00000000ccd00000, 0x00000000cce00000, 0x00000000cce00000|100%| E|CS|TAMS 0x00000000ccd00000, 0x00000000ccd00000| Complete 
| 184|0x00000000cce00000, 0x00000000ccf00000, 0x00000000ccf00000|100%| E|CS|TAMS 0x00000000cce00000, 0x00000000cce00000| Complete 
| 185|0x00000000ccf00000, 0x00000000cd000000, 0x00000000cd000000|100%| E|CS|TAMS 0x00000000ccf00000, 0x00000000ccf00000| Complete 
| 186|0x00000000cd000000, 0x00000000cd100000, 0x00000000cd100000|100%| E|CS|TAMS 0x00000000cd000000, 0x00000000cd000000| Complete 
| 187|0x00000000cd100000, 0x00000000cd200000, 0x00000000cd200000|100%| E|CS|TAMS 0x00000000cd100000, 0x00000000cd100000| Complete 
| 188|0x00000000cd200000, 0x00000000cd300000, 0x00000000cd300000|100%| E|CS|TAMS 0x00000000cd200000, 0x00000000cd200000| Complete 
| 189|0x00000000cd300000, 0x00000000cd400000, 0x00000000cd400000|100%| E|CS|TAMS 0x00000000cd300000, 0x00000000cd300000| Complete 
| 190|0x00000000cd400000, 0x00000000cd500000, 0x00000000cd500000|100%| E|CS|TAMS 0x00000000cd400000, 0x00000000cd400000| Complete 
| 191|0x00000000cd500000, 0x00000000cd600000, 0x00000000cd600000|100%| E|CS|TAMS 0x00000000cd500000, 0x00000000cd500000| Complete 
| 192|0x00000000cd600000, 0x00000000cd700000, 0x00000000cd700000|100%| E|CS|TAMS 0x00000000cd600000, 0x00000000cd600000| Complete 
| 193|0x00000000cd700000, 0x00000000cd800000, 0x00000000cd800000|100%| E|CS|TAMS 0x00000000cd700000, 0x00000000cd700000| Complete 
| 194|0x00000000cd800000, 0x00000000cd900000, 0x00000000cd900000|100%| E|CS|TAMS 0x00000000cd800000, 0x00000000cd800000| Complete 
| 195|0x00000000cd900000, 0x00000000cda00000, 0x00000000cda00000|100%| E|CS|TAMS 0x00000000cd900000, 0x00000000cd900000| Complete 
| 196|0x00000000cda00000, 0x00000000cda6bfe8, 0x00000000cdb00000| 42%| S|CS|TAMS 0x00000000cda00000, 0x00000000cda00000| Complete 
| 197|0x00000000cdb00000, 0x00000000cdc00000, 0x00000000cdc00000|100%| S|CS|TAMS 0x00000000cdb00000, 0x00000000cdb00000| Complete 
| 198|0x00000000cdc00000, 0x00000000cdd00000, 0x00000000cdd00000|100%| S|CS|TAMS 0x00000000cdc00000, 0x00000000cdc00000| Complete 
| 199|0x00000000cdd00000, 0x00000000cde00000, 0x00000000cde00000|100%| E|CS|TAMS 0x00000000cdd00000, 0x00000000cdd00000| Complete 
| 200|0x00000000cde00000, 0x00000000cdf00000, 0x00000000cdf00000|100%| E|CS|TAMS 0x00000000cde00000, 0x00000000cde00000| Complete 
| 201|0x00000000cdf00000, 0x00000000ce000000, 0x00000000ce000000|100%| E|CS|TAMS 0x00000000cdf00000, 0x00000000cdf00000| Complete 
| 202|0x00000000ce000000, 0x00000000ce100000, 0x00000000ce100000|100%| E|CS|TAMS 0x00000000ce000000, 0x00000000ce000000| Complete 
| 203|0x00000000ce100000, 0x00000000ce200000, 0x00000000ce200000|100%| E|CS|TAMS 0x00000000ce100000, 0x00000000ce100000| Complete 
| 204|0x00000000ce200000, 0x00000000ce300000, 0x00000000ce300000|100%| E|CS|TAMS 0x00000000ce200000, 0x00000000ce200000| Complete 
| 205|0x00000000ce300000, 0x00000000ce400000, 0x00000000ce400000|100%| E|CS|TAMS 0x00000000ce300000, 0x00000000ce300000| Complete 
| 206|0x00000000ce400000, 0x00000000ce500000, 0x00000000ce500000|100%| E|CS|TAMS 0x00000000ce400000, 0x00000000ce400000| Complete 
| 207|0x00000000ce500000, 0x00000000ce600000, 0x00000000ce600000|100%| E|CS|TAMS 0x00000000ce500000, 0x00000000ce500000| Complete 
| 208|0x00000000ce600000, 0x00000000ce700000, 0x00000000ce700000|100%| E|CS|TAMS 0x00000000ce600000, 0x00000000ce600000| Complete 
| 209|0x00000000ce700000, 0x00000000ce800000, 0x00000000ce800000|100%| E|CS|TAMS 0x00000000ce700000, 0x00000000ce700000| Complete 

Card table byte_map: [0x000001d0d3320000,0x000001d0d3520000] _byte_map_base: 0x000001d0d2d15000

Marking Bits (Prev, Next): (CMBitMap*) 0x000001d0ba10b470, (CMBitMap*) 0x000001d0ba10b4b0
 Prev Bits: [0x000001d0d3720000, 0x000001d0d46c8000)
 Next Bits: [0x000001d0d46d0000, 0x000001d0d5678000)

Polling page: 0x000001d0ba020000

Metaspace:

Usage:
  Non-class:     36.71 MB capacity,    36.41 MB (>99%) used,   246.90 KB ( <1%) free+waste,    65.25 KB ( <1%) overhead. 
      Class:      4.59 MB capacity,     4.44 MB ( 97%) used,   129.05 KB (  3%) free+waste,    22.94 KB ( <1%) overhead. 
       Both:     41.30 MB capacity,    40.85 MB ( 99%) used,   375.95 KB ( <1%) free+waste,    88.19 KB ( <1%) overhead. 

Virtual space:
  Non-class space:       38.00 MB reserved,      36.75 MB ( 97%) committed 
      Class space:        1.00 GB reserved,       4.62 MB ( <1%) committed 
             Both:        1.04 GB reserved,      41.38 MB (  4%) committed 

Chunk freelists:
   Non-Class:  36.00 KB
       Class:  5.00 KB
        Both:  41.00 KB

MaxMetaspaceSize: 17179869184.00 GB
CompressedClassSpaceSize: 1.00 GB

CodeHeap 'non-profiled nmethods': size=120000Kb used=3191Kb max_used=3191Kb free=116809Kb
 bounds [0x000001d0cb5b0000, 0x000001d0cb8d0000, 0x000001d0d2ae0000]
CodeHeap 'profiled nmethods': size=120000Kb used=11801Kb max_used=11801Kb free=108198Kb
 bounds [0x000001d0c4080000, 0x000001d0c4c10000, 0x000001d0cb5b0000]
CodeHeap 'non-nmethods': size=5760Kb used=1562Kb max_used=1600Kb free=4197Kb
 bounds [0x000001d0c3ae0000, 0x000001d0c3d50000, 0x000001d0c4080000]
 total_blobs=6912 nmethods=5977 adapters=847
 compilation: enabled
              stopped_count=0, restarted_count=0
 full_count=0

Compilation events (20 events):
Event: 91.408 Thread 0x000001d0d7c4b490 nmethod 6718 0x000001d0cb8c4510 code [0x000001d0cb8c4680, 0x000001d0cb8c46f8]
Event: 91.408 Thread 0x000001d0d7c4b490 6758       4       java.text.DontCareFieldPosition$1::formatted (1 bytes)
Event: 91.408 Thread 0x000001d0d7c4b490 nmethod 6758 0x000001d0cb8c4810 code [0x000001d0cb8c4980, 0x000001d0cb8c49d8]
Event: 91.408 Thread 0x000001d0d7c4b490 6714       4       java.nio.Buffer::remaining (20 bytes)
Event: 91.409 Thread 0x000001d0d7c4b490 nmethod 6714 0x000001d0cb8c4b10 code [0x000001d0cb8c4c80, 0x000001d0cb8c4cf8]
Event: 91.504 Thread 0x000001d0d7c58e40 6772   !   3       java.nio.DirectByteBuffer::get (156 bytes)
Event: 91.506 Thread 0x000001d0d7c58e40 nmethod 6772 0x000001d0c4c05810 code [0x000001d0c4c05a60, 0x000001d0c4c06368]
Event: 91.508 Thread 0x000001d0d7c4b490 6773       4       okio.Segment::pop (51 bytes)
Event: 91.513 Thread 0x000001d0d7c4b490 nmethod 6773 0x000001d0cb8c4e10 code [0x000001d0cb8c4f80, 0x000001d0cb8c5298]
Event: 91.526 Thread 0x000001d0d7c4b490 6774       4       java.util.ArrayDeque::isEmpty (17 bytes)
Event: 91.527 Thread 0x000001d0d7c4b490 nmethod 6774 0x000001d0cb8c5390 code [0x000001d0cb8c5500, 0x000001d0cb8c5578]
Event: 91.527 Thread 0x000001d0d7c4b490 6775       4       org.openqa.selenium.json.JsonInput::nextName (68 bytes)
Event: 91.600 Thread 0x000001d0d7c4b490 nmethod 6775 0x000001d0cb8c5690 code [0x000001d0cb8c59c0, 0x000001d0cb8c7928]
Event: 91.600 Thread 0x000001d0d7c4b490 6780       4       java.util.RegularEnumSet::contains (57 bytes)
Event: 91.602 Thread 0x000001d0d7c4b490 nmethod 6780 0x000001d0cb8c8d90 code [0x000001d0cb8c8f20, 0x000001d0cb8c9078]
Event: 91.602 Thread 0x000001d0d7c4b490 6776       4       org.openqa.selenium.json.JsonInput::hasNext (97 bytes)
Event: 91.676 Thread 0x000001d0d7c4b490 nmethod 6776 0x000001d0cb8c9190 code [0x000001d0cb8c94e0, 0x000001d0cb8cb598]
Event: 91.676 Thread 0x000001d0d7c4b490 6783   !   4       java.math.BigDecimal::<init> (1067 bytes)
Event: 91.703 Thread 0x000001d0d7c4b490 nmethod 6783 0x000001d0cb8cc910 code [0x000001d0cb8ccae0, 0x000001d0cb8cd348]
Event: 91.703 Thread 0x000001d0d7c4b490 6782   !   4       org.openqa.selenium.json.JsonInput::nextNumber (160 bytes)

GC Heap History (20 events):
Event: 54.037 GC heap before
{Heap before GC invocations=76 (full 0):
 garbage-first heap   total 215040K, used 179683K [0x00000000c1600000, 0x0000000100000000)
  region size 1024K, 84 young (86016K), 2 survivors (2048K)
 Metaspace       used 40665K, capacity 41079K, committed 41344K, reserved 1085440K
  class space    used 4466K, capacity 4616K, committed 4736K, reserved 1048576K
}
Event: 54.040 GC heap after
{Heap after GC invocations=77 (full 0):
 garbage-first heap   total 215040K, used 85612K [0x00000000c1600000, 0x0000000100000000)
  region size 1024K, 2 young (2048K), 2 survivors (2048K)
 Metaspace       used 40665K, capacity 41079K, committed 41344K, reserved 1085440K
  class space    used 4466K, capacity 4616K, committed 4736K, reserved 1048576K
}
Event: 54.419 GC heap before
{Heap before GC invocations=78 (full 0):
 garbage-first heap   total 215040K, used 154220K [0x00000000c1600000, 0x0000000100000000)
  region size 1024K, 59 young (60416K), 2 survivors (2048K)
 Metaspace       used 40667K, capacity 41079K, committed 41344K, reserved 1085440K
  class space    used 4466K, capacity 4616K, committed 4736K, reserved 1048576K
}
Event: 54.422 GC heap after
{Heap after GC invocations=79 (full 0):
 garbage-first heap   total 215040K, used 81553K [0x00000000c1600000, 0x0000000100000000)
  region size 1024K, 2 young (2048K), 2 survivors (2048K)
 Metaspace       used 40667K, capacity 41079K, committed 41344K, reserved 1085440K
  class space    used 4466K, capacity 4616K, committed 4736K, reserved 1048576K
}
Event: 72.760 GC heap before
{Heap before GC invocations=80 (full 0):
 garbage-first heap   total 215040K, used 202385K [0x00000000c1600000, 0x0000000100000000)
  region size 1024K, 108 young (110592K), 2 survivors (2048K)
 Metaspace       used 40692K, capacity 41079K, committed 41344K, reserved 1085440K
  class space    used 4467K, capacity 4616K, committed 4736K, reserved 1048576K
}
Event: 72.763 GC heap after
{Heap after GC invocations=81 (full 0):
 garbage-first heap   total 215040K, used 79537K [0x00000000c1600000, 0x0000000100000000)
  region size 1024K, 3 young (3072K), 3 survivors (3072K)
 Metaspace       used 40692K, capacity 41079K, committed 41344K, reserved 1085440K
  class space    used 4467K, capacity 4616K, committed 4736K, reserved 1048576K
}
Event: 73.664 GC heap before
{Heap before GC invocations=81 (full 0):
 garbage-first heap   total 215040K, used 199345K [0x00000000c1600000, 0x0000000100000000)
  region size 1024K, 104 young (106496K), 3 survivors (3072K)
 Metaspace       used 40714K, capacity 41079K, committed 41344K, reserved 1085440K
  class space    used 4467K, capacity 4616K, committed 4736K, reserved 1048576K
}
Event: 73.668 GC heap after
{Heap after GC invocations=82 (full 0):
 garbage-first heap   total 215040K, used 79990K [0x00000000c1600000, 0x0000000100000000)
  region size 1024K, 3 young (3072K), 3 survivors (3072K)
 Metaspace       used 40714K, capacity 41079K, committed 41344K, reserved 1085440K
  class space    used 4467K, capacity 4616K, committed 4736K, reserved 1048576K
}
Event: 77.573 GC heap before
{Heap before GC invocations=83 (full 0):
 garbage-first heap   total 215040K, used 187510K [0x00000000c1600000, 0x0000000100000000)
  region size 1024K, 94 young (96256K), 3 survivors (3072K)
 Metaspace       used 40718K, capacity 41079K, committed 41344K, reserved 1085440K
  class space    used 4467K, capacity 4616K, committed 4736K, reserved 1048576K
}
Event: 77.577 GC heap after
{Heap after GC invocations=84 (full 0):
 garbage-first heap   total 215040K, used 82943K [0x00000000c1600000, 0x0000000100000000)
  region size 1024K, 2 young (2048K), 2 survivors (2048K)
 Metaspace       used 40718K, capacity 41079K, committed 41344K, reserved 1085440K
  class space    used 4467K, capacity 4616K, committed 4736K, reserved 1048576K
}
Event: 83.342 GC heap before
{Heap before GC invocations=85 (full 0):
 garbage-first heap   total 215040K, used 178175K [0x00000000c1600000, 0x0000000100000000)
  region size 1024K, 82 young (83968K), 2 survivors (2048K)
 Metaspace       used 40718K, capacity 41079K, committed 41344K, reserved 1085440K
  class space    used 4467K, capacity 4616K, committed 4736K, reserved 1048576K
}
Event: 83.345 GC heap after
{Heap after GC invocations=86 (full 0):
 garbage-first heap   total 215040K, used 81515K [0x00000000c1600000, 0x0000000100000000)
  region size 1024K, 2 young (2048K), 2 survivors (2048K)
 Metaspace       used 40718K, capacity 41079K, committed 41344K, reserved 1085440K
  class space    used 4467K, capacity 4616K, committed 4736K, reserved 1048576K
}
Event: 89.764 GC heap before
{Heap before GC invocations=87 (full 0):
 garbage-first heap   total 215040K, used 201323K [0x00000000c1600000, 0x0000000100000000)
  region size 1024K, 105 young (107520K), 2 survivors (2048K)
 Metaspace       used 41294K, capacity 41745K, committed 41856K, reserved 1087488K
  class space    used 4504K, capacity 4665K, committed 4736K, reserved 1048576K
}
Event: 89.774 GC heap after
{Heap after GC invocations=88 (full 0):
 garbage-first heap   total 215040K, used 81970K [0x00000000c1600000, 0x0000000100000000)
  region size 1024K, 2 young (2048K), 2 survivors (2048K)
 Metaspace       used 41294K, capacity 41745K, committed 41856K, reserved 1087488K
  class space    used 4504K, capacity 4665K, committed 4736K, reserved 1048576K
}
Event: 90.768 GC heap before
{Heap before GC invocations=89 (full 0):
 garbage-first heap   total 215040K, used 162866K [0x00000000c1600000, 0x0000000100000000)
  region size 1024K, 66 young (67584K), 2 survivors (2048K)
 Metaspace       used 41704K, capacity 42161K, committed 42368K, reserved 1087488K
  class space    used 4537K, capacity 4697K, committed 4736K, reserved 1048576K
}
Event: 90.773 GC heap after
{Heap after GC invocations=90 (full 0):
 garbage-first heap   total 215040K, used 78581K [0x00000000c1600000, 0x0000000100000000)
  region size 1024K, 3 young (3072K), 3 survivors (3072K)
 Metaspace       used 41704K, capacity 42161K, committed 42368K, reserved 1087488K
  class space    used 4537K, capacity 4697K, committed 4736K, reserved 1048576K
}
Event: 91.235 GC heap before
{Heap before GC invocations=91 (full 0):
 garbage-first heap   total 215040K, used 205557K [0x00000000c1600000, 0x0000000100000000)
  region size 1024K, 110 young (112640K), 3 survivors (3072K)
 Metaspace       used 41791K, capacity 42231K, committed 42368K, reserved 1087488K
  class space    used 4545K, capacity 4699K, committed 4736K, reserved 1048576K
}
Event: 91.241 GC heap after
{Heap after GC invocations=92 (full 0):
 garbage-first heap   total 215040K, used 74267K [0x00000000c1600000, 0x0000000100000000)
  region size 1024K, 4 young (4096K), 4 survivors (4096K)
 Metaspace       used 41791K, capacity 42231K, committed 42368K, reserved 1087488K
  class space    used 4545K, capacity 4699K, committed 4736K, reserved 1048576K
}
Event: 91.515 GC heap before
{Heap before GC invocations=92 (full 0):
 garbage-first heap   total 215040K, used 106011K [0x00000000c1600000, 0x0000000100000000)
  region size 1024K, 15 young (15360K), 4 survivors (4096K)
 Metaspace       used 41830K, capacity 42295K, committed 42368K, reserved 1087488K
  class space    used 4547K, capacity 4699K, committed 4736K, reserved 1048576K
}
Event: 91.520 GC heap after
{Heap after GC invocations=93 (full 0):
 garbage-first heap   total 215040K, used 79518K [0x00000000c1600000, 0x0000000100000000)
  region size 1024K, 3 young (3072K), 3 survivors (3072K)
 Metaspace       used 41830K, capacity 42295K, committed 42368K, reserved 1087488K
  class space    used 4547K, capacity 4699K, committed 4736K, reserved 1048576K
}

Deoptimization events (20 events):
Event: 90.654 Thread 0x000001d0ba0da4b0 DEOPT PACKING pc=0x000001d0c4bb3855 sp=0x00000096c14fd290
Event: 90.654 Thread 0x000001d0ba0da4b0 DEOPT UNPACKING pc=0x000001d0c3b2e23f sp=0x00000096c14fc718 mode 0
Event: 90.658 Thread 0x000001d0ba0da4b0 DEOPT PACKING pc=0x000001d0c4bb3855 sp=0x00000096c14fd290
Event: 90.658 Thread 0x000001d0ba0da4b0 DEOPT UNPACKING pc=0x000001d0c3b2e23f sp=0x00000096c14fc718 mode 0
Event: 90.664 Thread 0x000001d0ba0da4b0 DEOPT PACKING pc=0x000001d0c4bb3855 sp=0x00000096c14fd290
Event: 90.669 Thread 0x000001d0ba0da4b0 DEOPT UNPACKING pc=0x000001d0c3b2e23f sp=0x00000096c14fc718 mode 0
Event: 90.687 Thread 0x000001d0ba0da4b0 DEOPT PACKING pc=0x000001d0c4bc28e9 sp=0x00000096c14fd1c0
Event: 90.687 Thread 0x000001d0ba0da4b0 DEOPT UNPACKING pc=0x000001d0c3b2e23f sp=0x00000096c14fc648 mode 0
Event: 90.688 Thread 0x000001d0ba0da4b0 DEOPT PACKING pc=0x000001d0c4bc28e9 sp=0x00000096c14fd1c0
Event: 90.688 Thread 0x000001d0ba0da4b0 DEOPT UNPACKING pc=0x000001d0c3b2e23f sp=0x00000096c14fc648 mode 0
Event: 90.688 Thread 0x000001d0ba0da4b0 DEOPT PACKING pc=0x000001d0c4bc28e9 sp=0x00000096c14fd1c0
Event: 90.688 Thread 0x000001d0ba0da4b0 DEOPT UNPACKING pc=0x000001d0c3b2e23f sp=0x00000096c14fc648 mode 0
Event: 90.751 Thread 0x000001d0ba0da4b0 Uncommon trap: trap_request=0xffffff45 fr.pc=0x000001d0cb88b818 relative=0x00000000000004d8
Event: 90.751 Thread 0x000001d0ba0da4b0 Uncommon trap: reason=unstable_if action=reinterpret pc=0x000001d0cb88b818 method=java.nio.channels.Channels$1.write([BII)V @ 46 c2
Event: 90.751 Thread 0x000001d0ba0da4b0 DEOPT PACKING pc=0x000001d0cb88b818 sp=0x00000096c14fd0f0
Event: 90.751 Thread 0x000001d0ba0da4b0 DEOPT UNPACKING pc=0x000001d0c3b2e42f sp=0x00000096c14fd0c0 mode 2
Event: 90.753 Thread 0x000001d0ba0da4b0 DEOPT PACKING pc=0x000001d0c4a88fba sp=0x00000096c14fd1e0
Event: 90.753 Thread 0x000001d0ba0da4b0 DEOPT UNPACKING pc=0x000001d0c3b2e23f sp=0x00000096c14fc678 mode 0
Event: 90.881 Thread 0x000001d0ba0da4b0 DEOPT PACKING pc=0x000001d0c44fba2c sp=0x00000096c14fbd80
Event: 90.881 Thread 0x000001d0ba0da4b0 DEOPT UNPACKING pc=0x000001d0c3b2e23f sp=0x00000096c14fb378 mode 0

Classes unloaded (1 events):
Event: 7.710 Thread 0x000001d0d7c28400 Unloading class 0x0000000800bb3840 'java/lang/invoke/LambdaForm$DMH+0x0000000800bb3840'

Classes redefined (0 events):
No events

Internal exceptions (20 events):
Event: 84.615 Thread 0x000001d0ba0da4b0 Exception <a 'sun/nio/fs/WindowsException'{0x00000000c8239b70}> (0x00000000c8239b70) 
thrown [./open/src/hotspot/share/prims/jni.cpp, line 578]
Event: 84.615 Thread 0x000001d0ba0da4b0 Exception <a 'sun/nio/fs/WindowsException'{0x00000000c8239eb8}> (0x00000000c8239eb8) 
thrown [./open/src/hotspot/share/prims/jni.cpp, line 578]
Event: 84.615 Thread 0x000001d0ba0da4b0 Exception <a 'sun/nio/fs/WindowsException'{0x00000000c823ab78}> (0x00000000c823ab78) 
thrown [./open/src/hotspot/share/prims/jni.cpp, line 578]
Event: 84.615 Thread 0x000001d0ba0da4b0 Exception <a 'sun/nio/fs/WindowsException'{0x00000000c823ae98}> (0x00000000c823ae98) 
thrown [./open/src/hotspot/share/prims/jni.cpp, line 578]
Event: 84.615 Thread 0x000001d0ba0da4b0 Exception <a 'sun/nio/fs/WindowsException'{0x00000000c823bb40}> (0x00000000c823bb40) 
thrown [./open/src/hotspot/share/prims/jni.cpp, line 578]
Event: 84.615 Thread 0x000001d0ba0da4b0 Exception <a 'sun/nio/fs/WindowsException'{0x00000000c823be30}> (0x00000000c823be30) 
thrown [./open/src/hotspot/share/prims/jni.cpp, line 578]
Event: 84.615 Thread 0x000001d0ba0da4b0 Exception <a 'sun/nio/fs/WindowsException'{0x00000000c823cac8}> (0x00000000c823cac8) 
thrown [./open/src/hotspot/share/prims/jni.cpp, line 578]
Event: 84.615 Thread 0x000001d0ba0da4b0 Exception <a 'sun/nio/fs/WindowsException'{0x00000000c823cd98}> (0x00000000c823cd98) 
thrown [./open/src/hotspot/share/prims/jni.cpp, line 578]
Event: 84.615 Thread 0x000001d0ba0da4b0 Exception <a 'sun/nio/fs/WindowsException'{0x00000000c823d9c8}> (0x00000000c823d9c8) 
thrown [./open/src/hotspot/share/prims/jni.cpp, line 578]
Event: 90.746 Thread 0x000001d0ba0da4b0 Exception <a 'sun/nio/fs/WindowsException'{0x00000000cabfc5f8}> (0x00000000cabfc5f8) 
thrown [./open/src/hotspot/share/prims/jni.cpp, line 578]
Event: 90.775 Thread 0x000001d0ba0da4b0 Exception <a 'sun/nio/fs/WindowsException'{0x00000000ce7005e8}> (0x00000000ce7005e8) 
thrown [./open/src/hotspot/share/prims/jni.cpp, line 578]
Event: 90.787 Thread 0x000001d0ba0da4b0 Exception <a 'sun/nio/fs/WindowsException'{0x00000000ce74b670}> (0x00000000ce74b670) 
thrown [./open/src/hotspot/share/prims/jni.cpp, line 578]
Event: 90.843 Thread 0x000001d0ba0da4b0 Exception <a 'sun/nio/fs/WindowsException'{0x00000000ce7632f0}> (0x00000000ce7632f0) 
thrown [./open/src/hotspot/share/prims/jni.cpp, line 578]
Event: 90.849 Thread 0x000001d0ba0da4b0 Exception <a 'java/lang/IncompatibleClassChangeError'{0x00000000ce76b940}: Found class java.lang.Object, but interface was expected> (0x00000000ce76b940) 
thrown [./open/src/hotspot/share/interpreter/linkResolver.cpp, line 848]
Event: 90.849 Thread 0x000001d0ba0da4b0 Exception <a 'java/lang/IncompatibleClassChangeError'{0x00000000ce76ee90}: Found class java.lang.Object, but interface was expected> (0x00000000ce76ee90) 
thrown [./open/src/hotspot/share/interpreter/linkResolver.cpp, line 848]
Event: 90.850 Thread 0x000001d0ba0da4b0 Exception <a 'sun/nio/fs/WindowsException'{0x00000000ce772078}> (0x00000000ce772078) 
thrown [./open/src/hotspot/share/prims/jni.cpp, line 578]
Event: 90.865 Thread 0x000001d0ba0da4b0 Exception <a 'java/lang/IncompatibleClassChangeError'{0x00000000ce7d7040}: Found class java.lang.Object, but interface was expected> (0x00000000ce7d7040) 
thrown [./open/src/hotspot/share/interpreter/linkResolver.cpp, line 848]
Event: 90.868 Thread 0x000001d0ba0da4b0 Exception <a 'sun/nio/fs/WindowsException'{0x00000000ce7e2290}> (0x00000000ce7e2290) 
thrown [./open/src/hotspot/share/prims/jni.cpp, line 578]
Event: 91.295 Thread 0x000001d0ba0da4b0 Exception <a 'sun/nio/fs/WindowsException'{0x00000000ce29c718}> (0x00000000ce29c718) 
thrown [./open/src/hotspot/share/prims/jni.cpp, line 578]
Event: 91.305 Thread 0x000001d0ba0da4b0 Exception <a 'sun/nio/fs/WindowsException'{0x00000000ce101ce8}> (0x00000000ce101ce8) 
thrown [./open/src/hotspot/share/prims/jni.cpp, line 578]

Events (20 events):
Event: 90.424 loading class com/sun/imageio/plugins/png/IDATOutputStream
Event: 90.424 loading class com/sun/imageio/plugins/png/IDATOutputStream done
Event: 90.424 loading class java/util/zip/Deflater
Event: 90.427 loading class java/util/zip/Deflater done
Event: 90.428 loading class java/util/zip/Deflater$DeflaterZStreamRef
Event: 90.428 loading class java/util/zip/Deflater$DeflaterZStreamRef done
Event: 90.749 Loaded shared library C:\Program Files\Java\jdk-15.0.2\bin\nio.dll
Event: 90.767 Executing VM operation: G1TryInitiateConcMark
Event: 90.773 Executing VM operation: G1TryInitiateConcMark done
Event: 90.773 Executing VM operation: HandshakeAllThreads
Event: 90.773 Executing VM operation: HandshakeAllThreads done
Event: 90.969 Executing VM operation: G1Concurrent
Event: 90.973 Executing VM operation: G1Concurrent done
Event: 91.063 Executing VM operation: G1Concurrent
Event: 91.063 Executing VM operation: G1Concurrent done
Event: 91.235 Executing VM operation: G1CollectForAllocation
Event: 91.241 Executing VM operation: G1CollectForAllocation done
Event: 91.515 Executing VM operation: G1TryInitiateConcMark
Event: 91.520 Executing VM operation: G1TryInitiateConcMark done
Event: 91.705 Executing VM operation: G1Concurrent


Dynamic libraries:
0x00007ff7a17b0000 - 0x00007ff7a17bf000 	C:\Program Files\Java\jdk-15.0.2\bin\java.exe
0x00007ffda1370000 - 0x00007ffda1565000 	C:\Windows\SYSTEM32\ntdll.dll
0x00007ffd8fcd0000 - 0x00007ffd8fd44000 	C:\Windows\System32\verifier.dll
0x00007ffd85f60000 - 0x00007ffd86054000 	C:\Windows\SYSTEM32\PayloadRestrictions.dll
0x00007ffd9f2d0000 - 0x00007ffd9f3d0000 	C:\Windows\System32\ucrtbase.dll
0x00007ffd9eec0000 - 0x00007ffd9f188000 	C:\Windows\System32\kernelbase.dll
0x00007ffda0b30000 - 0x00007ffda0bed000 	C:\Windows\System32\kernel32.dll
0x00007ffd99890000 - 0x00007ffd998a8000 	C:\Program Files\Java\jdk-15.0.2\bin\jli.dll
0x00007ffda05d0000 - 0x00007ffda067c000 	C:\Windows\System32\ADVAPI32.dll
0x00007ffda1290000 - 0x00007ffda132e000 	C:\Windows\System32\msvcrt.dll
0x00007ffda0530000 - 0x00007ffda05cb000 	C:\Windows\System32\sechost.dll
0x00007ffda0c50000 - 0x00007ffda0d7b000 	C:\Windows\System32\RPCRT4.dll
0x00007ffda0210000 - 0x00007ffda03b0000 	C:\Windows\System32\USER32.dll
0x00007ffd9ed40000 - 0x00007ffd9ed62000 	C:\Windows\System32\win32u.dll
0x00007ffda0af0000 - 0x00007ffda0b1a000 	C:\Windows\System32\GDI32.dll
0x00007ffd9f190000 - 0x00007ffd9f29b000 	C:\Windows\System32\gdi32full.dll
0x00007ffd9ed70000 - 0x00007ffd9ee0d000 	C:\Windows\System32\msvcp_win.dll
0x00007ffd99130000 - 0x00007ffd99149000 	C:\Program Files\Java\jdk-15.0.2\bin\VCRUNTIME140.dll
0x00007ffd937c0000 - 0x00007ffd93a5a000 	C:\Windows\WinSxS\amd64_microsoft.windows.common-controls_6595b64144ccf1df_6.0.19041.844_none_ca00b6081b84eb1d\COMCTL32.dll
0x00007ffd94350000 - 0x00007ffd9435a000 	C:\Windows\SYSTEM32\VERSION.dll
0x00007ffd9fc10000 - 0x00007ffd9fc40000 	C:\Windows\System32\IMM32.DLL
0x00007ffd99120000 - 0x00007ffd9912c000 	C:\Program Files\Java\jdk-15.0.2\bin\vcruntime140_1.dll
0x00007ffd872b0000 - 0x00007ffd87341000 	C:\Program Files\Java\jdk-15.0.2\bin\msvcp140.dll
0x00007ffd76960000 - 0x00007ffd774be000 	C:\Program Files\Java\jdk-15.0.2\bin\server\jvm.dll
0x00007ffd9fba0000 - 0x00007ffd9fba8000 	C:\Windows\System32\PSAPI.DLL
0x00007ffd99900000 - 0x00007ffd99909000 	C:\Windows\SYSTEM32\WSOCK32.dll
0x00007ffda1130000 - 0x00007ffda119b000 	C:\Windows\System32\WS2_32.dll
0x00007ffd93db0000 - 0x00007ffd93dd7000 	C:\Windows\SYSTEM32\WINMM.dll
0x00007ffd9c8e0000 - 0x00007ffd9c8f2000 	C:\Windows\SYSTEM32\kernel.appcore.dll
0x00007ffd987b0000 - 0x00007ffd987ba000 	C:\Program Files\Java\jdk-15.0.2\bin\jimage.dll
0x00007ffd97170000 - 0x00007ffd97354000 	C:\Windows\SYSTEM32\DBGHELP.DLL
0x00007ffd968c0000 - 0x00007ffd968ec000 	C:\Windows\SYSTEM32\dbgcore.DLL
0x00007ffd9ecc0000 - 0x00007ffd9ed40000 	C:\Windows\System32\bcryptPrimitives.dll
0x00007ffd98220000 - 0x00007ffd9822e000 	C:\Program Files\Java\jdk-15.0.2\bin\instrument.dll
0x00007ffd97950000 - 0x00007ffd97975000 	C:\Program Files\Java\jdk-15.0.2\bin\java.dll
0x00007ffd9f450000 - 0x00007ffd9fb92000 	C:\Windows\System32\SHELL32.dll
0x00007ffd9cae0000 - 0x00007ffd9d271000 	C:\Windows\SYSTEM32\windows.storage.dll
0x00007ffd9feb0000 - 0x00007ffda0205000 	C:\Windows\System32\combase.dll
0x00007ffd9e520000 - 0x00007ffd9e54c000 	C:\Windows\SYSTEM32\Wldp.dll
0x00007ffd9fe00000 - 0x00007ffd9feae000 	C:\Windows\System32\SHCORE.dll
0x00007ffda10d0000 - 0x00007ffda1125000 	C:\Windows\System32\shlwapi.dll
0x00007ffd9e9f0000 - 0x00007ffd9ea0f000 	C:\Windows\SYSTEM32\profapi.dll
0x00007ffd90bc0000 - 0x00007ffd90bd8000 	C:\Program Files\Java\jdk-15.0.2\bin\zip.dll
0x00007ffd97930000 - 0x00007ffd97949000 	C:\Program Files\Java\jdk-15.0.2\bin\net.dll
0x00007ffd9db40000 - 0x00007ffd9dc4b000 	C:\Windows\SYSTEM32\WINHTTP.dll
0x00007ffd9e290000 - 0x00007ffd9e2fa000 	C:\Windows\system32\mswsock.dll
0x00007ffd90be0000 - 0x00007ffd90bf2000 	C:\Program Files\Java\jdk-15.0.2\bin\nio.dll
0x00007ffd90b90000 - 0x00007ffd90baa000 	C:\Program Files\JetBrains\IntelliJ IDEA Community Edition 2020.2.3\bin\breakgen64.dll
0x00007ffd9e470000 - 0x00007ffd9e488000 	C:\Windows\SYSTEM32\CRYPTSP.dll
0x00007ffd9dab0000 - 0x00007ffd9dae4000 	C:\Windows\system32\rsaenh.dll
0x00007ffd9f2a0000 - 0x00007ffd9f2c7000 	C:\Windows\System32\bcrypt.dll
0x00007ffd9e9b0000 - 0x00007ffd9e9de000 	C:\Windows\SYSTEM32\USERENV.dll
0x00007ffd9e460000 - 0x00007ffd9e46c000 	C:\Windows\SYSTEM32\CRYPTBASE.dll
0x00007ffd9df30000 - 0x00007ffd9df6b000 	C:\Windows\SYSTEM32\IPHLPAPI.DLL
0x00007ffda11a0000 - 0x00007ffda11a8000 	C:\Windows\System32\NSI.dll
0x00007ffd95e70000 - 0x00007ffd95e87000 	C:\Windows\SYSTEM32\dhcpcsvc6.DLL
0x00007ffd96700000 - 0x00007ffd9671d000 	C:\Windows\SYSTEM32\dhcpcsvc.DLL
0x00007ffd9df80000 - 0x00007ffd9e04c000 	C:\Windows\SYSTEM32\DNSAPI.dll
0x00007ffd978d0000 - 0x00007ffd978e0000 	C:\Program Files\Java\jdk-15.0.2\bin\verify.dll
0x00007ffd93010000 - 0x00007ffd9301a000 	C:\Windows\System32\rasadhlp.dll
0x00007ffd931b0000 - 0x00007ffd9322f000 	C:\Windows\System32\fwpuclnt.dll
0x00007ffd90b80000 - 0x00007ffd90b8d000 	C:\Program Files\Java\jdk-15.0.2\bin\sunmscapi.dll
0x00007ffd9eb00000 - 0x00007ffd9ec5f000 	C:\Windows\System32\CRYPT32.dll
0x00007ffd9e590000 - 0x00007ffd9e5b7000 	C:\Windows\SYSTEM32\ncrypt.dll
0x00007ffd9e550000 - 0x00007ffd9e58b000 	C:\Windows\SYSTEM32\NTASN1.dll
0x00007ffd77880000 - 0x00007ffd77a00000 	C:\Program Files\Java\jdk-15.0.2\bin\awt.dll
0x00007ffda03b0000 - 0x00007ffda047d000 	C:\Windows\System32\OLEAUT32.dll
0x00007ffd9c250000 - 0x00007ffd9c2e0000 	C:\Windows\SYSTEM32\apphelp.dll
0x00007ffd8fd60000 - 0x00007ffd8fd9f000 	C:\Program Files\Java\jdk-15.0.2\bin\lcms.dll
0x00007ffd9c7d0000 - 0x00007ffd9c7ff000 	C:\Windows\system32\DWMAPI.DLL
0x00007ffd9c3d0000 - 0x00007ffd9c46e000 	C:\Windows\system32\uxtheme.dll
0x00007ffd92420000 - 0x00007ffd92437000 	C:\Windows\system32\napinsp.dll
0x00007ffd94eb0000 - 0x00007ffd94ecb000 	C:\Windows\system32\pnrpnsp.dll
0x00007ffd99dd0000 - 0x00007ffd99de5000 	C:\Windows\system32\wshbth.dll
0x00007ffd97790000 - 0x00007ffd977ad000 	C:\Windows\system32\NLAapi.dll
0x00007ffd94ed0000 - 0x00007ffd94ee2000 	C:\Windows\System32\winrnr.dll
0x00007ffd97890000 - 0x00007ffd97899000 	C:\Program Files\Java\jdk-15.0.2\bin\management.dll
0x00007ffd90bb0000 - 0x00007ffd90bbb000 	C:\Program Files\Java\jdk-15.0.2\bin\management_ext.dll
0x00007ffd5bc10000 - 0x00007ffd5ec11000 	C:\Users\MMohamed\AppData\Local\Temp\opencv_openpnp2843242214938164692\nu\pattern\opencv\windows\x86_64\opencv_java430.dll
0x00007ffd9fcd0000 - 0x00007ffd9fdfa000 	C:\Windows\System32\ole32.dll
0x00007ffd95c70000 - 0x00007ffd95e2c000 	C:\Windows\SYSTEM32\MFPlat.DLL
0x00007ffd9eab0000 - 0x00007ffd9eafe000 	C:\Windows\System32\cfgmgr32.dll
0x00007ffd67b60000 - 0x00007ffd67be4000 	C:\Windows\SYSTEM32\MF.dll
0x00007ffd85c60000 - 0x00007ffd85d6a000 	C:\Windows\SYSTEM32\MFReadWrite.dll
0x00007ffd71420000 - 0x00007ffd718ae000 	C:\Windows\SYSTEM32\MFCORE.DLL
0x00007ffd9e050000 - 0x00007ffd9e09b000 	C:\Windows\SYSTEM32\powrprof.dll
0x00007ffd97040000 - 0x00007ffd97049000 	C:\Windows\SYSTEM32\ksuser.dll
0x00007ffd97eb0000 - 0x00007ffd97ee0000 	C:\Windows\SYSTEM32\RTWorkQ.DLL
0x00007ffd9df10000 - 0x00007ffd9df22000 	C:\Windows\SYSTEM32\UMPDC.dll
0x00007ffd8e460000 - 0x00007ffd8e48d000 	C:\Program Files\Java\jdk-15.0.2\bin\javajpeg.dll

dbghelp: loaded successfully - version: 4.0.5 - missing functions: none
symbol engine: initialized successfully - sym options: 0x614 - pdb path: .;C:\Program Files\Java\jdk-15.0.2\bin;C:\Windows\SYSTEM32;C:\Windows\WinSxS\amd64_microsoft.windows.common-controls_6595b64144ccf1df_6.0.19041.844_none_ca00b6081b84eb1d;C:\Program Files\Java\jdk-15.0.2\bin\server;C:\Program Files\JetBrains\IntelliJ IDEA Community Edition 2020.2.3\bin;C:\Users\MMohamed\AppData\Local\Temp\opencv_openpnp2843242214938164692\nu\pattern\opencv\windows\x86_64

VM Arguments:
jvm_args: -ea -Dtestng.dtd.http=true -javaagent:C:\Users\MMohamed\.m2\repository/org/aspectj/aspectjweaver/1.9.6/aspectjweaver-1.9.6.jar -Didea.test.cyclic.buffer.size=1048576 -javaagent:C:\Program Files\JetBrains\IntelliJ IDEA Community Edition 2020.2.3\lib\idea_rt.jar=57870:C:\Program Files\JetBrains\IntelliJ IDEA Community Edition 2020.2.3\bin -Dfile.encoding=UTF-8 
java_command: com.intellij.rt.testng.RemoteTestNGStarter -usedefaultlisteners false -listener com.shaft.tools.listeners.AlterSuiteListener;com.shaft.tools.listeners.InvokedMethodListener;com.shaft.tools.listeners.SuiteListener -socket57869 @w@C:\Users\MMohamed\AppData\Local\Temp\idea_working_dirs_testng.tmp -temp C:\Users\MMohamed\AppData\Local\Temp\idea_testng.tmp
java_class_path (initial): C:\Program Files\JetBrains\IntelliJ IDEA Community Edition 2020.2.3\lib\idea_rt.jar;C:\Program Files\JetBrains\IntelliJ IDEA Community Edition 2020.2.3\plugins\testng\lib\testng-rt.jar;D:\Automation Workshops\SHAFT_ENGINE\target\test-classes;D:\Automation Workshops\SHAFT_ENGINE\target\classes;C:\Users\MMohamed\.m2\repository\io\github\mohabmohie\SHAFT_ENGINE\5.2.20210428\SHAFT_ENGINE-5.2.20210428.jar;C:\Users\MMohamed\.m2\repository\org\testng\testng\7.4.0\testng-7.4.0.jar;C:\Users\MMohamed\.m2\repository\com\beust\jcommander\1.78\jcommander-1.78.jar;C:\Users\MMohamed\.m2\repository\org\webjars\jquery\3.5.1\jquery-3.5.1.jar;C:\Users\MMohamed\.m2\repository\org\seleniumhq\selenium\selenium-java\3.141.59\selenium-java-3.141.59.jar;C:\Users\MMohamed\.m2\repository\org\seleniumhq\selenium\selenium-api\3.141.59\selenium-api-3.141.59.jar;C:\Users\MMohamed\.m2\repository\org\seleniumhq\selenium\selenium-chrome-driver\3.141.59\selenium-chrome-driver-3.141.59.jar;C:\Users\MMohamed\.m2\repository\org\seleniumhq\selenium\selenium-edge-driver\3.141.59\selenium-edge-driver-3.141.59.jar;C:\Users\MMohamed\.m2\repository\org\seleniumhq\selenium\selenium-firefox-driver\3.141.59\selenium-firefox-driver-3.141.59.jar;C:\Users\MMohamed\.m2\repository\org\seleniumhq\selenium\selenium-ie-driver\3.141.59\selenium-ie-driver-3.141.59.jar;C:\Users\MMohamed\.m2\repository\org\seleniumhq\selenium\selenium-opera-driver\3.141.59\selenium-opera-driver-3.141.59.jar;C:\Users\MMohamed\.m2\repository\org\seleniumhq\selenium\selenium-remote-driver\3.141.59\selenium-remote-driver-3.141.59.jar;C:\Users\MMohamed\.m2\repository\org\seleniumhq\selenium\selenium-safari-driver\3.141.59\selenium-safari-driver-3.141.59.jar;C:\Users\MMohamed\.m2\repository\org\seleniumhq\selenium\selenium-support\3.141.59\selenium-support-3.141.59.jar;C:\Users\MMohamed\.m2\repository\net\bytebuddy\byte-buddy\1.8.15\byte-buddy-1.8.15.jar;C:\Users\MMohamed\.m2\repository\org\apache\commons\commons-exec
Launcher Type: SUN_STANDARD

[Global flags]
     intx CICompilerCount                          = 3                                         {product} {ergonomic}
     uint ConcGCThreads                            = 1                                         {product} {ergonomic}
     uint G1ConcRefinementThreads                  = 4                                         {product} {ergonomic}
   size_t G1HeapRegionSize                         = 1048576                                   {product} {ergonomic}
    uintx GCDrainStackTargetSize                   = 64                                        {product} {ergonomic}
   size_t InitialHeapSize                          = 67108864                                  {product} {ergonomic}
   size_t MarkStackSize                            = 4194304                                   {product} {ergonomic}
   size_t MaxHeapSize                              = 1050673152                                {product} {ergonomic}
   size_t MaxNewSize                               = 630194176                                 {product} {ergonomic}
   size_t MinHeapDeltaBytes                        = 1048576                                   {product} {ergonomic}
   size_t MinHeapSize                              = 8388608                                   {product} {ergonomic}
    uintx NonNMethodCodeHeapSize                   = 5832780                                {pd product} {ergonomic}
    uintx NonProfiledCodeHeapSize                  = 122912730                              {pd product} {ergonomic}
    uintx ProfiledCodeHeapSize                     = 122912730                              {pd product} {ergonomic}
    uintx ReservedCodeCacheSize                    = 251658240                              {pd product} {ergonomic}
     bool SegmentedCodeCache                       = true                                      {product} {ergonomic}
   size_t SoftMaxHeapSize                          = 1050673152                             {manageable} {ergonomic}
     bool UseCompressedClassPointers               = true                                 {lp64_product} {ergonomic}
     bool UseCompressedOops                        = true                                 {lp64_product} {ergonomic}
     bool UseG1GC                                  = true                                      {product} {ergonomic}
     bool UseLargePagesIndividualAllocation        = false                                  {pd product} {ergonomic}

Logging:
Log output configuration:
 #0: stdout all=warning uptime,level,tags
 #1: stderr all=off uptime,level,tags

Environment Variables:
JAVA_HOME=C:\Program Files\Java\jdk-15.0.1
PATH=C:\Program Files\Common Files\Oracle\Java\javapath;C:\Windows\system32;C:\Windows;C:\Windows\System32\Wbem;C:\Windows\System32\WindowsPowerShell\v1.0\;C:\Windows\System32\OpenSSH\;D:\programs\apache-maven-3.6.3-bin\apache-maven-3.6.3\bin;C:\Program Files\Git\cmd;c:\bin;D:\programs\allure-2.13.9\allure-2.13.9\bin;C:\Users\MMohamed\AppData\Local\Android\Sdk\platform-tools;C:\Program Files\nodejs\node_modules\npm\bin;C:\Program Files\Appium;C:\Users\MMohamed\AppData\Local\Programs\Python\Python38\Scripts\;C:\Users\MMohamed\AppData\Local\Programs\Python\Python38\;C:\Users\MMohamed\AppData\Local\Microsoft\WindowsApps;C:\Program Files\JetBrains\IntelliJ IDEA Community Edition 2020.2.3\bin;;C:\Users\MMohamed\AppData\Local\GitHubDesktop\bin;
USERNAME=MMohamed
OS=Windows_NT
PROCESSOR_IDENTIFIER=Intel64 Family 6 Model 69 Stepping 1, GenuineIntel



---------------  S Y S T E M  ---------------

OS:
 Windows 10 , 64 bit Build 19041 (10.0.19041.928)
OS uptime: 5 days 9:43 hours

CPU: total 4 (initial active 4) (2 cores per cpu, 2 threads per core) family 6 model 69 stepping 1 microcode 0x26, cmov, cx8, fxsr, mmx, sse, sse2, sse3, ssse3, sse4.1, sse4.2, popcnt, vzeroupper, avx, avx2, aes, clmul, erms, lzcnt, ht, tsc, tscinvbit, bmi1, bmi2, fma, clflush

Memory: 4k page, system-wide physical 4001M (304M free)
TotalPageFile size 16289M (AvailPageFile size 68M)
current process WorkingSet (physical memory assigned to process): 306M, peak: 325M
current process commit charge ("private bytes"): 392M, peak: 461M

vm_info: Java HotSpot(TM) 64-Bit Server VM (15.0.2+7-27) for windows-amd64 JRE (15.0.2+7-27), built on Dec  7 2020 20:07:01 by "mach5one" with unknown MS VC++:1925

END.
