#
# There is insufficient memory for the Java Runtime Environment to continue.
# Native memory allocation (mmap) failed to map 45088768 bytes for G1 virtual space
# Possible reasons:
#   The system is out of physical RAM or swap space
#   The process is running with CompressedOops enabled, and the Java Heap may be blocking the growth of the native heap
# Possible solutions:
#   Reduce memory load on the system
#   Increase physical memory or swap space
#   Check if swap backing store is full
#   Decrease Java heap size (-Xmx/-Xms)
#   Decrease number of Java threads
#   Decrease Java thread stack sizes (-Xss)
#   Set larger code cache with -XX:ReservedCodeCacheSize=
#   JVM is running with Unscaled Compressed Oops mode in which the Java heap is
#     placed in the first 4GB address space. The Java Heap base address is the
#     maximum limit for the native heap growth. Please use -XX:HeapBaseMinAddress
#     to set the Java Heap base and to place the Java Heap above 4GB virtual address.
# This output file may be truncated or incomplete.
#
#  Out of Memory Error (./open/src/hotspot/os/windows/os_windows.cpp:3321), pid=21960, tid=760
#
# JRE version: Java(TM) SE Runtime Environment (15.0.2+7) (build 15.0.2+7-27)
# Java VM: Java HotSpot(TM) 64-Bit Server VM (15.0.2+7-27, mixed mode, sharing, tiered, compressed oops, g1 gc, windows-amd64)
# No core dump will be written. Minidumps are not enabled by default on client versions of Windows
#

---------------  S U M M A R Y ------------

Command Line: -ea -Dtestng.dtd.http=true -javaagent:C:\Users\MMohamed\.m2\repository/org/aspectj/aspectjweaver/1.9.6/aspectjweaver-1.9.6.jar -Didea.test.cyclic.buffer.size=1048576 -javaagent:C:\Program Files\JetBrains\IntelliJ IDEA Community Edition 2020.2.3\lib\idea_rt.jar=57970:C:\Program Files\JetBrains\IntelliJ IDEA Community Edition 2020.2.3\bin -Dfile.encoding=UTF-8 com.intellij.rt.testng.RemoteTestNGStarter -usedefaultlisteners false -listener com.shaft.tools.listeners.AlterSuiteListener;com.shaft.tools.listeners.InvokedMethodListener;com.shaft.tools.listeners.SuiteListener -socket57969 @w@C:\Users\MMohamed\AppData\Local\Temp\idea_working_dirs_testng.tmp -temp C:\Users\MMohamed\AppData\Local\Temp\idea_testng.tmp

Host: Intel(R) Core(TM) i5-4300U CPU @ 1.90GHz, 4 cores, 3G,  Windows 10 , 64 bit Build 19041 (10.0.19041.928)
Time: Mon May  3 21:01:05 2021 Egypt Standard Time elapsed time: 71.311964 seconds (0d 0h 1m 11s)

---------------  T H R E A D  ---------------

Current thread (0x0000026a64e58380):  VMThread "VM Thread" [stack: 0x000000ae9d800000,0x000000ae9d900000] [id=760]

Stack: [0x000000ae9d800000,0x000000ae9d900000]
[error occurred during error reporting (printing stack bounds), id 0xc0000005, EXCEPTION_ACCESS_VIOLATION (0xc0000005) at pc=0x0000026a514610ad]

Native frames: (J=compiled Java code, j=interpreted, Vv=VM code, C=native code)
V  [jvm.dll+0x62ae9a]
V  [jvm.dll+0x7817a9]
V  [jvm.dll+0x782f03]
V  [jvm.dll+0x7834c5]
V  [jvm.dll+0x78347b]
V  [jvm.dll+0x62a2b9]
V  [jvm.dll+0x62aa88]
C  [ntdll.dll+0xa207f]

VM_Operation (0x000000ae9d4ff460): G1Concurrent, mode: safepoint, requested by thread 0x0000026a492941e0


---------------  P R O C E S S  ---------------

Threads class SMR info:
_java_thread_list=0x0000026a68314d70, length=22, elements={
0x0000026a49259150, 0x0000026a64e597b0, 0x0000026a64e5bd90, 0x0000026a64e71f30,
0x0000026a64e75910, 0x0000026a64e762d0, 0x0000026a64e78fd0, 0x0000026a64eea4c0,
0x0000026a64eecdf0, 0x0000026a64e4ecc0, 0x0000026a675d6c90, 0x0000026a688d5400,
0x0000026a68c78d20, 0x0000026a68c791f0, 0x0000026a68c796c0, 0x0000026a69543490,
0x0000026a69542af0, 0x0000026a69545170, 0x0000026a69543960, 0x0000026a69544300,
0x0000026a695447d0, 0x0000026a69541c80
}

Java Threads: ( => current thread )
  0x0000026a49259150 JavaThread "Forwarding getLog on session b7dc443111892581a3d31ad67803887d to remote" [_thread_blocked, id=20240, stack(0x000000ae9d200000,0x000000ae9d300000)]
  0x0000026a64e597b0 JavaThread "Reference Handler" daemon [_thread_blocked, id=21672, stack(0x000000ae9d900000,0x000000ae9da00000)]
  0x0000026a64e5bd90 JavaThread "Finalizer" daemon [_thread_blocked, id=4200, stack(0x000000ae9da00000,0x000000ae9db00000)]
  0x0000026a64e71f30 JavaThread "Signal Dispatcher" daemon [_thread_blocked, id=10588, stack(0x000000ae9db00000,0x000000ae9dc00000)]
  0x0000026a64e75910 JavaThread "Attach Listener" daemon [_thread_blocked, id=21736, stack(0x000000ae9dc00000,0x000000ae9dd00000)]
  0x0000026a64e762d0 JavaThread "Service Thread" daemon [_thread_blocked, id=18032, stack(0x000000ae9dd00000,0x000000ae9de00000)]
  0x0000026a64e78fd0 JavaThread "C2 CompilerThread0" daemon [_thread_blocked, id=6260, stack(0x000000ae9de00000,0x000000ae9df00000)]
  0x0000026a64eea4c0 JavaThread "C1 CompilerThread0" daemon [_thread_blocked, id=15568, stack(0x000000ae9df00000,0x000000ae9e000000)]
  0x0000026a64eecdf0 JavaThread "Sweeper thread" daemon [_thread_blocked, id=13832, stack(0x000000ae9e000000,0x000000ae9e100000)]
  0x0000026a64e4ecc0 JavaThread "Common-Cleaner" daemon [_thread_blocked, id=13920, stack(0x000000ae9e100000,0x000000ae9e200000)]
  0x0000026a675d6c90 JavaThread "Monitor Ctrl-Break" daemon [_thread_in_native, id=19044, stack(0x000000ae9e400000,0x000000ae9e500000)]
  0x0000026a688d5400 JavaThread "Notification Thread" daemon [_thread_blocked, id=19016, stack(0x000000ae9e500000,0x000000ae9e600000)]
  0x0000026a68c78d20 JavaThread "ForkJoinPool.commonPool-worker-3" daemon [_thread_blocked, id=21140, stack(0x000000ae9e700000,0x000000ae9e800000)]
  0x0000026a68c791f0 JavaThread "ForkJoinPool.commonPool-worker-5" daemon [_thread_blocked, id=21488, stack(0x000000ae9e800000,0x000000ae9e900000)]
  0x0000026a68c796c0 JavaThread "ForkJoinPool.commonPool-worker-7" daemon [_thread_blocked, id=23212, stack(0x000000ae9e900000,0x000000ae9ea00000)]
  0x0000026a69543490 JavaThread "Exec Default Executor" daemon [_thread_in_native, id=20952, stack(0x000000ae9ea00000,0x000000ae9eb00000)]
  0x0000026a69542af0 JavaThread "UrlChecker-2" daemon [_thread_blocked, id=22328, stack(0x000000ae9eb00000,0x000000ae9ec00000)]
  0x0000026a69545170 JavaThread "Exec Stream Pumper" daemon [_thread_in_native, id=22812, stack(0x000000ae9ed00000,0x000000ae9ee00000)]
  0x0000026a69543960 JavaThread "Exec Stream Pumper" daemon [_thread_in_native, id=15088, stack(0x000000ae9ee00000,0x000000ae9ef00000)]
  0x0000026a69544300 JavaThread "OkHttp ConnectionPool" daemon [_thread_blocked, id=19180, stack(0x000000ae9ef00000,0x000000ae9f000000)]
  0x0000026a695447d0 JavaThread "Okio Watchdog" daemon [_thread_blocked, id=20356, stack(0x000000ae9f000000,0x000000ae9f100000)]
  0x0000026a69541c80 JavaThread "Java2D Disposer" daemon [_thread_blocked, id=23008, stack(0x000000ae9e300000,0x000000ae9e400000)]

Other Threads:
=>0x0000026a64e58380 VMThread "VM Thread" [stack: 0x000000ae9d800000,0x000000ae9d900000] [id=760]
  0x0000026a675ff370 WatcherThread [stack: 0x000000ae9e600000,0x000000ae9e700000] [id=20152]
  0x0000026a49288c00 GCTaskThread "GC Thread#0" [stack: 0x000000ae9d300000,0x000000ae9d400000] [id=23328]
  0x0000026a659fb0e0 GCTaskThread "GC Thread#1" [stack: 0x000000ae9e200000,0x000000ae9e300000] [id=7112]
  0x0000026a66cf6e30 GCTaskThread "GC Thread#2" [stack: 0x000000ae9f100000,0x000000ae9f200000] [id=23360]
  0x0000026a66cf8480 GCTaskThread "GC Thread#3" [stack: 0x000000ae9f200000,0x000000ae9f300000] [id=13320]
  0x0000026a492941e0 ConcurrentGCThread "G1 Main Marker" [stack: 0x000000ae9d400000,0x000000ae9d500000] [id=11772]
  0x0000026a49298cf0 ConcurrentGCThread "G1 Conc#0" [stack: 0x000000ae9d500000,0x000000ae9d600000] [id=14356]
  0x0000026a492e60e0 ConcurrentGCThread "G1 Refine#0" [stack: 0x000000ae9d600000,0x000000ae9d700000] [id=21364]
  0x0000026a492e6bf0 ConcurrentGCThread "G1 Young RemSet Sampling" [stack: 0x000000ae9d700000,0x000000ae9d800000] [id=23424]

Threads with active compile tasks:
C2 CompilerThread0    71359 6879       4       org.openqa.selenium.json.NumberCoercer$$Lambda$360/0x0000000800eeab60::apply (16 bytes)

VM state: at safepoint (normal execution)

VM Mutex/Monitor currently owned by a thread:  ([mutex/lock_event])
[0x0000026a49255fd0] Threads_lock - owner thread: 0x0000026a64e58380
[0x0000026a49254950] Heap_lock - owner thread: 0x0000026a492941e0

Heap address: 0x00000000c1600000, size: 1002 MB, Compressed Oops mode: 32-bit
CDS archive(s) mapped at: [0x0000000800000000-0x0000000800b50000-0x0000000800b50000), size 11862016, SharedBaseAddress: 0x0000000800000000, ArchiveRelocationMode: 0.
Compressed class space mapped at: 0x0000000800b50000-0x0000000840b50000, size: 1073741824
Narrow klass base: 0x0000000800000000, Narrow klass shift: 3, Narrow klass range: 0x100000000

GC Precious Log:
 CPUs: 4 total, 4 available
 Memory: 4001M
 Large Page Support: Disabled
 NUMA Support: Disabled
 Compressed Oops: Enabled (32-bit)
 Heap Region Size: 1M
 Heap Min Capacity: 8M
 Heap Initial Capacity: 64M
 Heap Max Capacity: 1002M
 Pre-touch: Disabled
 Parallel Workers: 4
 Concurrent Workers: 1
 Concurrent Refinement Workers: 4
 Periodic GC: Disabled

Heap:
 garbage-first heap   total 276480K, used 163927K [0x00000000c1600000, 0x0000000100000000)
  region size 1024K, 73 young (74752K), 3 survivors (3072K)
 Metaspace       used 41912K, capacity 42351K, committed 42624K, reserved 1087488K
  class space    used 4545K, capacity 4699K, committed 4736K, reserved 1048576K

Heap Regions: E=young(eden), S=young(survivor), O=old, HS=humongous(starts), HC=humongous(continues), CS=collection set, F=free, OA=open archive, CA=closed archive, TAMS=top-at-mark-start (previous, next)
|   0|0x00000000c1600000, 0x00000000c1700000, 0x00000000c1700000|100%|HS|  |TAMS 0x00000000c1700000, 0x00000000c1600000| Complete 
|   1|0x00000000c1700000, 0x00000000c1800000, 0x00000000c1800000|100%| O|  |TAMS 0x00000000c1800000, 0x00000000c1700000| Updating 
|   2|0x00000000c1800000, 0x00000000c1900000, 0x00000000c1900000|100%| O|  |TAMS 0x00000000c1900000, 0x00000000c1800000| Updating 
|   3|0x00000000c1900000, 0x00000000c1a00000, 0x00000000c1a00000|100%| O|  |TAMS 0x00000000c1a00000, 0x00000000c1900000| Updating 
|   4|0x00000000c1a00000, 0x00000000c1b00000, 0x00000000c1b00000|100%| O|  |TAMS 0x00000000c1b00000, 0x00000000c1a00000| Updating 
|   5|0x00000000c1b00000, 0x00000000c1c00000, 0x00000000c1c00000|100%| O|  |TAMS 0x00000000c1c00000, 0x00000000c1b00000| Updating 
|   6|0x00000000c1c00000, 0x00000000c1d00000, 0x00000000c1d00000|100%| O|  |TAMS 0x00000000c1d00000, 0x00000000c1c00000| Updating 
|   7|0x00000000c1d00000, 0x00000000c1e00000, 0x00000000c1e00000|100%| O|  |TAMS 0x00000000c1e00000, 0x00000000c1d00000| Updating 
|   8|0x00000000c1e00000, 0x00000000c1f00000, 0x00000000c1f00000|100%| O|  |TAMS 0x00000000c1f00000, 0x00000000c1e00000| Updating 
|   9|0x00000000c1f00000, 0x00000000c2000000, 0x00000000c2000000|100%| O|  |TAMS 0x00000000c2000000, 0x00000000c1f00000| Updating 
|  10|0x00000000c2000000, 0x00000000c2100000, 0x00000000c2100000|100%| O|  |TAMS 0x00000000c2100000, 0x00000000c2000000| Updating 
|  11|0x00000000c2100000, 0x00000000c2200000, 0x00000000c2200000|100%| O|  |TAMS 0x00000000c2200000, 0x00000000c2100000| Updating 
|  12|0x00000000c2200000, 0x00000000c2300000, 0x00000000c2300000|100%| O|  |TAMS 0x00000000c2300000, 0x00000000c2200000| Updating 
|  13|0x00000000c2300000, 0x00000000c2400000, 0x00000000c2400000|100%| O|  |TAMS 0x00000000c2400000, 0x00000000c2300000| Updating 
|  14|0x00000000c2400000, 0x00000000c2500000, 0x00000000c2500000|100%| O|  |TAMS 0x00000000c2500000, 0x00000000c2400000| Updating 
|  15|0x00000000c2500000, 0x00000000c2600000, 0x00000000c2600000|100%| O|  |TAMS 0x00000000c2600000, 0x00000000c2500000| Updating 
|  16|0x00000000c2600000, 0x00000000c2700000, 0x00000000c2700000|100%| O|  |TAMS 0x00000000c2700000, 0x00000000c2600000| Updating 
|  17|0x00000000c2700000, 0x00000000c2800000, 0x00000000c2800000|100%| O|  |TAMS 0x00000000c2800000, 0x00000000c2700000| Updating 
|  18|0x00000000c2800000, 0x00000000c2900000, 0x00000000c2900000|100%| O|  |TAMS 0x00000000c2900000, 0x00000000c2800000| Updating 
|  19|0x00000000c2900000, 0x00000000c2a00000, 0x00000000c2a00000|100%| O|  |TAMS 0x00000000c2a00000, 0x00000000c2900000| Updating 
|  20|0x00000000c2a00000, 0x00000000c2b00000, 0x00000000c2b00000|100%| O|  |TAMS 0x00000000c2b00000, 0x00000000c2a00000| Updating 
|  21|0x00000000c2b00000, 0x00000000c2c00000, 0x00000000c2c00000|100%| O|  |TAMS 0x00000000c2c00000, 0x00000000c2b00000| Updating 
|  22|0x00000000c2c00000, 0x00000000c2d00000, 0x00000000c2d00000|100%| O|  |TAMS 0x00000000c2d00000, 0x00000000c2c00000| Updating 
|  23|0x00000000c2d00000, 0x00000000c2e00000, 0x00000000c2e00000|100%| O|  |TAMS 0x00000000c2e00000, 0x00000000c2d00000| Updating 
|  24|0x00000000c2e00000, 0x00000000c2f00000, 0x00000000c2f00000|100%| O|  |TAMS 0x00000000c2f00000, 0x00000000c2e00000| Updating 
|  25|0x00000000c2f00000, 0x00000000c3000000, 0x00000000c3000000|100%| O|  |TAMS 0x00000000c3000000, 0x00000000c2f00000| Updating 
|  26|0x00000000c3000000, 0x00000000c3100000, 0x00000000c3100000|100%| O|  |TAMS 0x00000000c3100000, 0x00000000c3000000| Updating 
|  27|0x00000000c3100000, 0x00000000c3200000, 0x00000000c3200000|100%| O|  |TAMS 0x00000000c3200000, 0x00000000c3100000| Updating 
|  28|0x00000000c3200000, 0x00000000c3300000, 0x00000000c3300000|100%| O|  |TAMS 0x00000000c3300000, 0x00000000c3200000| Updating 
|  29|0x00000000c3300000, 0x00000000c3400000, 0x00000000c3400000|100%| O|  |TAMS 0x00000000c3400000, 0x00000000c3300000| Updating 
|  30|0x00000000c3400000, 0x00000000c3500000, 0x00000000c3500000|100%| O|  |TAMS 0x00000000c3500000, 0x00000000c3400000| Updating 
|  31|0x00000000c3500000, 0x00000000c3600000, 0x00000000c3600000|100%| O|  |TAMS 0x00000000c3600000, 0x00000000c3500000| Updating 
|  32|0x00000000c3600000, 0x00000000c3700000, 0x00000000c3700000|100%| O|  |TAMS 0x00000000c3700000, 0x00000000c3600000| Updating 
|  33|0x00000000c3700000, 0x00000000c3800000, 0x00000000c3800000|100%| O|  |TAMS 0x00000000c3800000, 0x00000000c3700000| Updating 
|  34|0x00000000c3800000, 0x00000000c3900000, 0x00000000c3900000|100%| O|  |TAMS 0x00000000c3900000, 0x00000000c3800000| Updating 
|  35|0x00000000c3900000, 0x00000000c3a00000, 0x00000000c3a00000|100%| O|  |TAMS 0x00000000c3a00000, 0x00000000c3900000| Updating 
|  36|0x00000000c3a00000, 0x00000000c3b00000, 0x00000000c3b00000|100%| O|  |TAMS 0x00000000c3b00000, 0x00000000c3a00000| Updating 
|  37|0x00000000c3b00000, 0x00000000c3c00000, 0x00000000c3c00000|100%| O|  |TAMS 0x00000000c3c00000, 0x00000000c3b00000| Updating 
|  38|0x00000000c3c00000, 0x00000000c3d00000, 0x00000000c3d00000|100%| O|  |TAMS 0x00000000c3d00000, 0x00000000c3c00000| Updating 
|  39|0x00000000c3d00000, 0x00000000c3e00000, 0x00000000c3e00000|100%| O|  |TAMS 0x00000000c3e00000, 0x00000000c3d00000| Updating 
|  40|0x00000000c3e00000, 0x00000000c3f00000, 0x00000000c3f00000|100%| O|  |TAMS 0x00000000c3f00000, 0x00000000c3e00000| Updating 
|  41|0x00000000c3f00000, 0x00000000c4000000, 0x00000000c4000000|100%| O|  |TAMS 0x00000000c4000000, 0x00000000c3f00000| Updating 
|  42|0x00000000c4000000, 0x00000000c4100000, 0x00000000c4100000|100%| O|  |TAMS 0x00000000c4100000, 0x00000000c4000000| Updating 
|  43|0x00000000c4100000, 0x00000000c4200000, 0x00000000c4200000|100%| O|  |TAMS 0x00000000c4200000, 0x00000000c4100000| Updating 
|  44|0x00000000c4200000, 0x00000000c4300000, 0x00000000c4300000|100%| O|  |TAMS 0x00000000c4300000, 0x00000000c4200000| Updating 
|  45|0x00000000c4300000, 0x00000000c4400000, 0x00000000c4400000|100%| O|  |TAMS 0x00000000c4400000, 0x00000000c4300000| Updating 
|  46|0x00000000c4400000, 0x00000000c4500000, 0x00000000c4500000|100%| O|  |TAMS 0x00000000c4500000, 0x00000000c4400000| Updating 
|  47|0x00000000c4500000, 0x00000000c4600000, 0x00000000c4600000|100%| O|  |TAMS 0x00000000c4600000, 0x00000000c4500000| Updating 
|  48|0x00000000c4600000, 0x00000000c4700000, 0x00000000c4700000|100%| O|  |TAMS 0x00000000c4700000, 0x00000000c4600000| Updating 
|  49|0x00000000c4700000, 0x00000000c4800000, 0x00000000c4800000|100%| O|  |TAMS 0x00000000c4800000, 0x00000000c4700000| Updating 
|  50|0x00000000c4800000, 0x00000000c4900000, 0x00000000c4900000|100%| O|  |TAMS 0x00000000c4900000, 0x00000000c4800000| Updating 
|  51|0x00000000c4900000, 0x00000000c4a00000, 0x00000000c4a00000|100%| O|  |TAMS 0x00000000c4a00000, 0x00000000c4900000| Updating 
|  52|0x00000000c4a00000, 0x00000000c4b00000, 0x00000000c4b00000|100%| O|  |TAMS 0x00000000c4b00000, 0x00000000c4a00000| Updating 
|  53|0x00000000c4b00000, 0x00000000c4c00000, 0x00000000c4c00000|100%| O|  |TAMS 0x00000000c4c00000, 0x00000000c4b00000| Updating 
|  54|0x00000000c4c00000, 0x00000000c4d00000, 0x00000000c4d00000|100%| O|  |TAMS 0x00000000c4d00000, 0x00000000c4c00000| Updating 
|  55|0x00000000c4d00000, 0x00000000c4e00000, 0x00000000c4e00000|100%| O|  |TAMS 0x00000000c4e00000, 0x00000000c4d00000| Updating 
|  56|0x00000000c4e00000, 0x00000000c4f00000, 0x00000000c4f00000|100%| O|  |TAMS 0x00000000c4f00000, 0x00000000c4e00000| Updating 
|  57|0x00000000c4f00000, 0x00000000c5000000, 0x00000000c5000000|100%| O|  |TAMS 0x00000000c5000000, 0x00000000c4f00000| Updating 
|  58|0x00000000c5000000, 0x00000000c5000000, 0x00000000c5100000|  0%| F|  |TAMS 0x00000000c5000000, 0x00000000c5000000| Untracked 
|  59|0x00000000c5100000, 0x00000000c5200000, 0x00000000c5200000|100%| O|  |TAMS 0x00000000c5200000, 0x00000000c5100000| Updating 
|  60|0x00000000c5200000, 0x00000000c5300000, 0x00000000c5300000|100%| O|  |TAMS 0x00000000c5300000, 0x00000000c5200000| Updating 
|  61|0x00000000c5300000, 0x00000000c5400000, 0x00000000c5400000|100%| O|  |TAMS 0x00000000c5400000, 0x00000000c5300000| Updating 
|  62|0x00000000c5400000, 0x00000000c5500000, 0x00000000c5500000|100%|HS|  |TAMS 0x00000000c5400000, 0x00000000c5400000| Complete 
|  63|0x00000000c5500000, 0x00000000c5600000, 0x00000000c5600000|100%|HC|  |TAMS 0x00000000c5500000, 0x00000000c5500000| Complete 
|  64|0x00000000c5600000, 0x00000000c5700000, 0x00000000c5700000|100%|HC|  |TAMS 0x00000000c5600000, 0x00000000c5600000| Complete 
|  65|0x00000000c5700000, 0x00000000c5800000, 0x00000000c5800000|100%|HS|  |TAMS 0x00000000c5800000, 0x00000000c5700000| Complete 
|  66|0x00000000c5800000, 0x00000000c5900000, 0x00000000c5900000|100%|HS|  |TAMS 0x00000000c5900000, 0x00000000c5800000| Complete 
|  67|0x00000000c5900000, 0x00000000c5900000, 0x00000000c5a00000|  0%| F|  |TAMS 0x00000000c5900000, 0x00000000c5900000| Untracked 
|  68|0x00000000c5a00000, 0x00000000c5a00000, 0x00000000c5b00000|  0%| F|  |TAMS 0x00000000c5a00000, 0x00000000c5a00000| Untracked 
|  69|0x00000000c5b00000, 0x00000000c5bd6000, 0x00000000c5c00000| 83%| O|  |TAMS 0x00000000c5bd6000, 0x00000000c5b00000| Updating 
|  70|0x00000000c5c00000, 0x00000000c5c00000, 0x00000000c5d00000|  0%| F|  |TAMS 0x00000000c5c00000, 0x00000000c5c00000| Untracked 
|  71|0x00000000c5d00000, 0x00000000c5e00000, 0x00000000c5e00000|100%| O|  |TAMS 0x00000000c5e00000, 0x00000000c5d00000| Updating 
|  72|0x00000000c5e00000, 0x00000000c5f00000, 0x00000000c5f00000|100%|HS|  |TAMS 0x00000000c5e00000, 0x00000000c5e00000| Complete 
|  73|0x00000000c5f00000, 0x00000000c6000000, 0x00000000c6000000|100%|HC|  |TAMS 0x00000000c5f00000, 0x00000000c5f00000| Complete 
|  74|0x00000000c6000000, 0x00000000c6100000, 0x00000000c6100000|100%|HC|  |TAMS 0x00000000c6000000, 0x00000000c6000000| Complete 
|  75|0x00000000c6100000, 0x00000000c6200000, 0x00000000c6200000|100%|HC|  |TAMS 0x00000000c6100000, 0x00000000c6100000| Complete 
|  76|0x00000000c6200000, 0x00000000c6300000, 0x00000000c6300000|100%| O|  |TAMS 0x00000000c6300000, 0x00000000c6200000| Updating 
|  77|0x00000000c6300000, 0x00000000c6400000, 0x00000000c6400000|100%|HS|  |TAMS 0x00000000c6300000, 0x00000000c6300000| Complete 
|  78|0x00000000c6400000, 0x00000000c6500000, 0x00000000c6500000|100%|HC|  |TAMS 0x00000000c6400000, 0x00000000c6400000| Complete 
|  79|0x00000000c6500000, 0x00000000c6600000, 0x00000000c6600000|100%|HC|  |TAMS 0x00000000c6500000, 0x00000000c6500000| Complete 
|  80|0x00000000c6600000, 0x00000000c6700000, 0x00000000c6700000|100%|HC|  |TAMS 0x00000000c6600000, 0x00000000c6600000| Complete 
|  81|0x00000000c6700000, 0x00000000c6800000, 0x00000000c6800000|100%|HC|  |TAMS 0x00000000c6700000, 0x00000000c6700000| Complete 
|  82|0x00000000c6800000, 0x00000000c6800000, 0x00000000c6900000|  0%| F|  |TAMS 0x00000000c6800000, 0x00000000c6800000| Untracked 
|  83|0x00000000c6900000, 0x00000000c6900000, 0x00000000c6a00000|  0%| F|  |TAMS 0x00000000c6900000, 0x00000000c6900000| Untracked 
|  84|0x00000000c6a00000, 0x00000000c6b00000, 0x00000000c6b00000|100%| O|  |TAMS 0x00000000c6b00000, 0x00000000c6a00000| Updating 
|  85|0x00000000c6b00000, 0x00000000c6c00000, 0x00000000c6c00000|100%|HS|  |TAMS 0x00000000c6b00000, 0x00000000c6b00000| Complete 
|  86|0x00000000c6c00000, 0x00000000c6d00000, 0x00000000c6d00000|100%|HC|  |TAMS 0x00000000c6c00000, 0x00000000c6c00000| Complete 
|  87|0x00000000c6d00000, 0x00000000c6e00000, 0x00000000c6e00000|100%|HC|  |TAMS 0x00000000c6d00000, 0x00000000c6d00000| Complete 
|  88|0x00000000c6e00000, 0x00000000c6f00000, 0x00000000c6f00000|100%|HC|  |TAMS 0x00000000c6e00000, 0x00000000c6e00000| Complete 
|  89|0x00000000c6f00000, 0x00000000c6f00000, 0x00000000c7000000|  0%| F|  |TAMS 0x00000000c6f00000, 0x00000000c6f00000| Untracked 
|  90|0x00000000c7000000, 0x00000000c7000000, 0x00000000c7100000|  0%| F|  |TAMS 0x00000000c7000000, 0x00000000c7000000| Untracked 
|  91|0x00000000c7100000, 0x00000000c7100000, 0x00000000c7200000|  0%| F|  |TAMS 0x00000000c7100000, 0x00000000c7100000| Untracked 
|  92|0x00000000c7200000, 0x00000000c7200000, 0x00000000c7300000|  0%| F|  |TAMS 0x00000000c7200000, 0x00000000c7200000| Untracked 
|  93|0x00000000c7300000, 0x00000000c7300000, 0x00000000c7400000|  0%| F|  |TAMS 0x00000000c7300000, 0x00000000c7300000| Untracked 
|  94|0x00000000c7400000, 0x00000000c7400000, 0x00000000c7500000|  0%| F|  |TAMS 0x00000000c7400000, 0x00000000c7400000| Untracked 
|  95|0x00000000c7500000, 0x00000000c7600000, 0x00000000c7600000|100%|HS|  |TAMS 0x00000000c7600000, 0x00000000c7500000| Complete 
|  96|0x00000000c7600000, 0x00000000c7700000, 0x00000000c7700000|100%|HC|  |TAMS 0x00000000c7700000, 0x00000000c7600000| Complete 
|  97|0x00000000c7700000, 0x00000000c7800000, 0x00000000c7800000|100%|HC|  |TAMS 0x00000000c7800000, 0x00000000c7700000| Complete 
|  98|0x00000000c7800000, 0x00000000c7900000, 0x00000000c7900000|100%|HC|  |TAMS 0x00000000c7900000, 0x00000000c7800000| Complete 
|  99|0x00000000c7900000, 0x00000000c7900000, 0x00000000c7a00000|  0%| F|  |TAMS 0x00000000c7900000, 0x00000000c7900000| Untracked 
| 100|0x00000000c7a00000, 0x00000000c7b00000, 0x00000000c7b00000|100%|HS|  |TAMS 0x00000000c7b00000, 0x00000000c7a00000| Complete 
| 101|0x00000000c7b00000, 0x00000000c7c00000, 0x00000000c7c00000|100%|HC|  |TAMS 0x00000000c7c00000, 0x00000000c7b00000| Complete 
| 102|0x00000000c7c00000, 0x00000000c7c00000, 0x00000000c7d00000|  0%| F|  |TAMS 0x00000000c7c00000, 0x00000000c7c00000| Untracked 
| 103|0x00000000c7d00000, 0x00000000c7d00000, 0x00000000c7e00000|  0%| F|  |TAMS 0x00000000c7d00000, 0x00000000c7d00000| Untracked 
| 104|0x00000000c7e00000, 0x00000000c7e00000, 0x00000000c7f00000|  0%| F|  |TAMS 0x00000000c7e00000, 0x00000000c7e00000| Untracked 
| 105|0x00000000c7f00000, 0x00000000c7f00000, 0x00000000c8000000|  0%| F|  |TAMS 0x00000000c7f00000, 0x00000000c7f00000| Untracked 
| 106|0x00000000c8000000, 0x00000000c8000000, 0x00000000c8100000|  0%| F|  |TAMS 0x00000000c8000000, 0x00000000c8000000| Untracked 
| 107|0x00000000c8100000, 0x00000000c8100000, 0x00000000c8200000|  0%| F|  |TAMS 0x00000000c8100000, 0x00000000c8100000| Untracked 
| 108|0x00000000c8200000, 0x00000000c8200000, 0x00000000c8300000|  0%| F|  |TAMS 0x00000000c8200000, 0x00000000c8200000| Untracked 
| 109|0x00000000c8300000, 0x00000000c8300000, 0x00000000c8400000|  0%| F|  |TAMS 0x00000000c8300000, 0x00000000c8300000| Untracked 
| 110|0x00000000c8400000, 0x00000000c8400000, 0x00000000c8500000|  0%| F|  |TAMS 0x00000000c8400000, 0x00000000c8400000| Untracked 
| 111|0x00000000c8500000, 0x00000000c8500000, 0x00000000c8600000|  0%| F|  |TAMS 0x00000000c8500000, 0x00000000c8500000| Untracked 
| 112|0x00000000c8600000, 0x00000000c8600000, 0x00000000c8700000|  0%| F|  |TAMS 0x00000000c8600000, 0x00000000c8600000| Untracked 
| 113|0x00000000c8700000, 0x00000000c8700000, 0x00000000c8800000|  0%| F|  |TAMS 0x00000000c8700000, 0x00000000c8700000| Untracked 
| 114|0x00000000c8800000, 0x00000000c8800000, 0x00000000c8900000|  0%| F|  |TAMS 0x00000000c8800000, 0x00000000c8800000| Untracked 
| 115|0x00000000c8900000, 0x00000000c8900000, 0x00000000c8a00000|  0%| F|  |TAMS 0x00000000c8900000, 0x00000000c8900000| Untracked 
| 116|0x00000000c8a00000, 0x00000000c8a00000, 0x00000000c8b00000|  0%| F|  |TAMS 0x00000000c8a00000, 0x00000000c8a00000| Untracked 
| 117|0x00000000c8b00000, 0x00000000c8b00000, 0x00000000c8c00000|  0%| F|  |TAMS 0x00000000c8b00000, 0x00000000c8b00000| Untracked 
| 118|0x00000000c8c00000, 0x00000000c8c00000, 0x00000000c8d00000|  0%| F|  |TAMS 0x00000000c8c00000, 0x00000000c8c00000| Untracked 
| 119|0x00000000c8d00000, 0x00000000c8d00000, 0x00000000c8e00000|  0%| F|  |TAMS 0x00000000c8d00000, 0x00000000c8d00000| Untracked 
| 120|0x00000000c8e00000, 0x00000000c8e00000, 0x00000000c8f00000|  0%| F|  |TAMS 0x00000000c8e00000, 0x00000000c8e00000| Untracked 
| 121|0x00000000c8f00000, 0x00000000c8f00000, 0x00000000c9000000|  0%| F|  |TAMS 0x00000000c8f00000, 0x00000000c8f00000| Untracked 
| 122|0x00000000c9000000, 0x00000000c9000000, 0x00000000c9100000|  0%| F|  |TAMS 0x00000000c9000000, 0x00000000c9000000| Untracked 
| 123|0x00000000c9100000, 0x00000000c9100000, 0x00000000c9200000|  0%| F|  |TAMS 0x00000000c9100000, 0x00000000c9100000| Untracked 
| 124|0x00000000c9200000, 0x00000000c9200000, 0x00000000c9300000|  0%| F|  |TAMS 0x00000000c9200000, 0x00000000c9200000| Untracked 
| 125|0x00000000c9300000, 0x00000000c9300000, 0x00000000c9400000|  0%| F|  |TAMS 0x00000000c9300000, 0x00000000c9300000| Untracked 
| 126|0x00000000c9400000, 0x00000000c9400000, 0x00000000c9500000|  0%| F|  |TAMS 0x00000000c9400000, 0x00000000c9400000| Untracked 
| 127|0x00000000c9500000, 0x00000000c9500000, 0x00000000c9600000|  0%| F|  |TAMS 0x00000000c9500000, 0x00000000c9500000| Untracked 
| 128|0x00000000c9600000, 0x00000000c9600000, 0x00000000c9700000|  0%| F|  |TAMS 0x00000000c9600000, 0x00000000c9600000| Untracked 
| 129|0x00000000c9700000, 0x00000000c9700000, 0x00000000c9800000|  0%| F|  |TAMS 0x00000000c9700000, 0x00000000c9700000| Untracked 
| 130|0x00000000c9800000, 0x00000000c9800000, 0x00000000c9900000|  0%| F|  |TAMS 0x00000000c9800000, 0x00000000c9800000| Untracked 
| 131|0x00000000c9900000, 0x00000000c9900000, 0x00000000c9a00000|  0%| F|  |TAMS 0x00000000c9900000, 0x00000000c9900000| Untracked 
| 132|0x00000000c9a00000, 0x00000000c9a00000, 0x00000000c9b00000|  0%| F|  |TAMS 0x00000000c9a00000, 0x00000000c9a00000| Untracked 
| 133|0x00000000c9b00000, 0x00000000c9b00000, 0x00000000c9c00000|  0%| F|  |TAMS 0x00000000c9b00000, 0x00000000c9b00000| Untracked 
| 134|0x00000000c9c00000, 0x00000000c9c00000, 0x00000000c9d00000|  0%| F|  |TAMS 0x00000000c9c00000, 0x00000000c9c00000| Untracked 
| 135|0x00000000c9d00000, 0x00000000c9d00000, 0x00000000c9e00000|  0%| F|  |TAMS 0x00000000c9d00000, 0x00000000c9d00000| Untracked 
| 136|0x00000000c9e00000, 0x00000000c9e00000, 0x00000000c9f00000|  0%| F|  |TAMS 0x00000000c9e00000, 0x00000000c9e00000| Untracked 
| 137|0x00000000c9f00000, 0x00000000c9f00000, 0x00000000ca000000|  0%| F|  |TAMS 0x00000000c9f00000, 0x00000000c9f00000| Untracked 
| 138|0x00000000ca000000, 0x00000000ca000000, 0x00000000ca100000|  0%| F|  |TAMS 0x00000000ca000000, 0x00000000ca000000| Untracked 
| 139|0x00000000ca100000, 0x00000000ca100000, 0x00000000ca200000|  0%| F|  |TAMS 0x00000000ca100000, 0x00000000ca100000| Untracked 
| 140|0x00000000ca200000, 0x00000000ca200000, 0x00000000ca300000|  0%| F|  |TAMS 0x00000000ca200000, 0x00000000ca200000| Untracked 
| 141|0x00000000ca300000, 0x00000000ca300000, 0x00000000ca400000|  0%| F|  |TAMS 0x00000000ca300000, 0x00000000ca300000| Untracked 
| 142|0x00000000ca400000, 0x00000000ca400000, 0x00000000ca500000|  0%| F|  |TAMS 0x00000000ca400000, 0x00000000ca400000| Untracked 
| 143|0x00000000ca500000, 0x00000000ca500000, 0x00000000ca600000|  0%| F|  |TAMS 0x00000000ca500000, 0x00000000ca500000| Untracked 
| 144|0x00000000ca600000, 0x00000000ca600000, 0x00000000ca700000|  0%| F|  |TAMS 0x00000000ca600000, 0x00000000ca600000| Untracked 
| 145|0x00000000ca700000, 0x00000000ca700000, 0x00000000ca800000|  0%| F|  |TAMS 0x00000000ca700000, 0x00000000ca700000| Untracked 
| 146|0x00000000ca800000, 0x00000000ca800000, 0x00000000ca900000|  0%| F|  |TAMS 0x00000000ca800000, 0x00000000ca800000| Untracked 
| 147|0x00000000ca900000, 0x00000000ca900000, 0x00000000caa00000|  0%| F|  |TAMS 0x00000000ca900000, 0x00000000ca900000| Untracked 
| 148|0x00000000caa00000, 0x00000000caa00000, 0x00000000cab00000|  0%| F|  |TAMS 0x00000000caa00000, 0x00000000caa00000| Untracked 
| 149|0x00000000cab00000, 0x00000000cab00000, 0x00000000cac00000|  0%| F|  |TAMS 0x00000000cab00000, 0x00000000cab00000| Untracked 
| 150|0x00000000cac00000, 0x00000000cac00000, 0x00000000cad00000|  0%| F|  |TAMS 0x00000000cac00000, 0x00000000cac00000| Untracked 
| 151|0x00000000cad00000, 0x00000000cad00000, 0x00000000cae00000|  0%| F|  |TAMS 0x00000000cad00000, 0x00000000cad00000| Untracked 
| 152|0x00000000cae00000, 0x00000000cae00000, 0x00000000caf00000|  0%| F|  |TAMS 0x00000000cae00000, 0x00000000cae00000| Untracked 
| 153|0x00000000caf00000, 0x00000000caf00000, 0x00000000cb000000|  0%| F|  |TAMS 0x00000000caf00000, 0x00000000caf00000| Untracked 
| 154|0x00000000cb000000, 0x00000000cb100000, 0x00000000cb100000|100%| E|  |TAMS 0x00000000cb000000, 0x00000000cb000000| Complete 
| 155|0x00000000cb100000, 0x00000000cb200000, 0x00000000cb200000|100%| E|CS|TAMS 0x00000000cb100000, 0x00000000cb100000| Complete 
| 156|0x00000000cb200000, 0x00000000cb300000, 0x00000000cb300000|100%| E|CS|TAMS 0x00000000cb200000, 0x00000000cb200000| Complete 
| 157|0x00000000cb300000, 0x00000000cb400000, 0x00000000cb400000|100%| E|CS|TAMS 0x00000000cb300000, 0x00000000cb300000| Complete 
| 158|0x00000000cb400000, 0x00000000cb500000, 0x00000000cb500000|100%| E|CS|TAMS 0x00000000cb400000, 0x00000000cb400000| Complete 
| 159|0x00000000cb500000, 0x00000000cb600000, 0x00000000cb600000|100%| E|CS|TAMS 0x00000000cb500000, 0x00000000cb500000| Complete 
| 160|0x00000000cb600000, 0x00000000cb700000, 0x00000000cb700000|100%| E|CS|TAMS 0x00000000cb600000, 0x00000000cb600000| Complete 
| 161|0x00000000cb700000, 0x00000000cb800000, 0x00000000cb800000|100%| E|CS|TAMS 0x00000000cb700000, 0x00000000cb700000| Complete 
| 162|0x00000000cb800000, 0x00000000cb900000, 0x00000000cb900000|100%| E|CS|TAMS 0x00000000cb800000, 0x00000000cb800000| Complete 
| 163|0x00000000cb900000, 0x00000000cba00000, 0x00000000cba00000|100%| E|CS|TAMS 0x00000000cb900000, 0x00000000cb900000| Complete 
| 164|0x00000000cba00000, 0x00000000cbb00000, 0x00000000cbb00000|100%| E|CS|TAMS 0x00000000cba00000, 0x00000000cba00000| Complete 
| 165|0x00000000cbb00000, 0x00000000cbc00000, 0x00000000cbc00000|100%| E|CS|TAMS 0x00000000cbb00000, 0x00000000cbb00000| Complete 
| 166|0x00000000cbc00000, 0x00000000cbd00000, 0x00000000cbd00000|100%| E|CS|TAMS 0x00000000cbc00000, 0x00000000cbc00000| Complete 
| 167|0x00000000cbd00000, 0x00000000cbe00000, 0x00000000cbe00000|100%| E|CS|TAMS 0x00000000cbd00000, 0x00000000cbd00000| Complete 
| 168|0x00000000cbe00000, 0x00000000cbf00000, 0x00000000cbf00000|100%| E|CS|TAMS 0x00000000cbe00000, 0x00000000cbe00000| Complete 
| 169|0x00000000cbf00000, 0x00000000cc000000, 0x00000000cc000000|100%| E|CS|TAMS 0x00000000cbf00000, 0x00000000cbf00000| Complete 
| 170|0x00000000cc000000, 0x00000000cc100000, 0x00000000cc100000|100%| E|CS|TAMS 0x00000000cc000000, 0x00000000cc000000| Complete 
| 171|0x00000000cc100000, 0x00000000cc200000, 0x00000000cc200000|100%| E|CS|TAMS 0x00000000cc100000, 0x00000000cc100000| Complete 
| 172|0x00000000cc200000, 0x00000000cc300000, 0x00000000cc300000|100%| E|CS|TAMS 0x00000000cc200000, 0x00000000cc200000| Complete 
| 173|0x00000000cc300000, 0x00000000cc400000, 0x00000000cc400000|100%| E|CS|TAMS 0x00000000cc300000, 0x00000000cc300000| Complete 
| 174|0x00000000cc400000, 0x00000000cc500000, 0x00000000cc500000|100%| E|CS|TAMS 0x00000000cc400000, 0x00000000cc400000| Complete 
| 175|0x00000000cc500000, 0x00000000cc600000, 0x00000000cc600000|100%| E|CS|TAMS 0x00000000cc500000, 0x00000000cc500000| Complete 
| 176|0x00000000cc600000, 0x00000000cc700000, 0x00000000cc700000|100%| E|CS|TAMS 0x00000000cc600000, 0x00000000cc600000| Complete 
| 177|0x00000000cc700000, 0x00000000cc800000, 0x00000000cc800000|100%| E|CS|TAMS 0x00000000cc700000, 0x00000000cc700000| Complete 
| 178|0x00000000cc800000, 0x00000000cc900000, 0x00000000cc900000|100%| E|CS|TAMS 0x00000000cc800000, 0x00000000cc800000| Complete 
| 179|0x00000000cc900000, 0x00000000cca00000, 0x00000000cca00000|100%| E|CS|TAMS 0x00000000cc900000, 0x00000000cc900000| Complete 
| 180|0x00000000cca00000, 0x00000000ccb00000, 0x00000000ccb00000|100%| E|CS|TAMS 0x00000000cca00000, 0x00000000cca00000| Complete 
| 181|0x00000000ccb00000, 0x00000000ccc00000, 0x00000000ccc00000|100%| E|CS|TAMS 0x00000000ccb00000, 0x00000000ccb00000| Complete 
| 182|0x00000000ccc00000, 0x00000000ccd00000, 0x00000000ccd00000|100%| E|CS|TAMS 0x00000000ccc00000, 0x00000000ccc00000| Complete 
| 183|0x00000000ccd00000, 0x00000000cce00000, 0x00000000cce00000|100%| E|CS|TAMS 0x00000000ccd00000, 0x00000000ccd00000| Complete 
| 184|0x00000000cce00000, 0x00000000ccf00000, 0x00000000ccf00000|100%| E|CS|TAMS 0x00000000cce00000, 0x00000000cce00000| Complete 
| 185|0x00000000ccf00000, 0x00000000cd000000, 0x00000000cd000000|100%| E|CS|TAMS 0x00000000ccf00000, 0x00000000ccf00000| Complete 
| 186|0x00000000cd000000, 0x00000000cd100000, 0x00000000cd100000|100%| E|CS|TAMS 0x00000000cd000000, 0x00000000cd000000| Complete 
| 187|0x00000000cd100000, 0x00000000cd200000, 0x00000000cd200000|100%| E|CS|TAMS 0x00000000cd100000, 0x00000000cd100000| Complete 
| 188|0x00000000cd200000, 0x00000000cd300000, 0x00000000cd300000|100%| E|CS|TAMS 0x00000000cd200000, 0x00000000cd200000| Complete 
| 189|0x00000000cd300000, 0x00000000cd400000, 0x00000000cd400000|100%| E|CS|TAMS 0x00000000cd300000, 0x00000000cd300000| Complete 
| 190|0x00000000cd400000, 0x00000000cd500000, 0x00000000cd500000|100%| E|CS|TAMS 0x00000000cd400000, 0x00000000cd400000| Complete 
| 191|0x00000000cd500000, 0x00000000cd600000, 0x00000000cd600000|100%| E|CS|TAMS 0x00000000cd500000, 0x00000000cd500000| Complete 
| 192|0x00000000cd600000, 0x00000000cd700000, 0x00000000cd700000|100%| E|CS|TAMS 0x00000000cd600000, 0x00000000cd600000| Complete 
| 193|0x00000000cd700000, 0x00000000cd800000, 0x00000000cd800000|100%| E|CS|TAMS 0x00000000cd700000, 0x00000000cd700000| Complete 
| 194|0x00000000cd800000, 0x00000000cd900000, 0x00000000cd900000|100%| E|CS|TAMS 0x00000000cd800000, 0x00000000cd800000| Complete 
| 195|0x00000000cd900000, 0x00000000cda00000, 0x00000000cda00000|100%| E|CS|TAMS 0x00000000cd900000, 0x00000000cd900000| Complete 
| 196|0x00000000cda00000, 0x00000000cdb00000, 0x00000000cdb00000|100%| E|CS|TAMS 0x00000000cda00000, 0x00000000cda00000| Complete 
| 197|0x00000000cdb00000, 0x00000000cdc00000, 0x00000000cdc00000|100%| E|CS|TAMS 0x00000000cdb00000, 0x00000000cdb00000| Complete 
| 198|0x00000000cdc00000, 0x00000000cdd00000, 0x00000000cdd00000|100%| E|CS|TAMS 0x00000000cdc00000, 0x00000000cdc00000| Complete 
| 199|0x00000000cdd00000, 0x00000000cde00000, 0x00000000cde00000|100%| E|CS|TAMS 0x00000000cdd00000, 0x00000000cdd00000| Complete 
| 200|0x00000000cde00000, 0x00000000cdf00000, 0x00000000cdf00000|100%| E|CS|TAMS 0x00000000cde00000, 0x00000000cde00000| Complete 
| 201|0x00000000cdf00000, 0x00000000ce000000, 0x00000000ce000000|100%| E|CS|TAMS 0x00000000cdf00000, 0x00000000cdf00000| Complete 
| 202|0x00000000ce000000, 0x00000000ce100000, 0x00000000ce100000|100%| E|CS|TAMS 0x00000000ce000000, 0x00000000ce000000| Complete 
| 203|0x00000000ce100000, 0x00000000ce200000, 0x00000000ce200000|100%| E|CS|TAMS 0x00000000ce100000, 0x00000000ce100000| Complete 
| 204|0x00000000ce200000, 0x00000000ce300000, 0x00000000ce300000|100%| E|CS|TAMS 0x00000000ce200000, 0x00000000ce200000| Complete 
| 205|0x00000000ce300000, 0x00000000ce400000, 0x00000000ce400000|100%| E|CS|TAMS 0x00000000ce300000, 0x00000000ce300000| Complete 
| 206|0x00000000ce400000, 0x00000000ce500000, 0x00000000ce500000|100%| E|CS|TAMS 0x00000000ce400000, 0x00000000ce400000| Complete 
| 207|0x00000000ce500000, 0x00000000ce600000, 0x00000000ce600000|100%| E|CS|TAMS 0x00000000ce500000, 0x00000000ce500000| Complete 
| 208|0x00000000ce600000, 0x00000000ce700000, 0x00000000ce700000|100%| E|CS|TAMS 0x00000000ce600000, 0x00000000ce600000| Complete 
| 209|0x00000000ce700000, 0x00000000ce73fc48, 0x00000000ce800000| 24%| S|CS|TAMS 0x00000000ce700000, 0x00000000ce700000| Complete 
| 210|0x00000000ce800000, 0x00000000ce900000, 0x00000000ce900000|100%| S|CS|TAMS 0x00000000ce800000, 0x00000000ce800000| Complete 
| 211|0x00000000ce900000, 0x00000000cea00000, 0x00000000cea00000|100%| S|CS|TAMS 0x00000000ce900000, 0x00000000ce900000| Complete 
| 212|0x00000000cea00000, 0x00000000ceb00000, 0x00000000ceb00000|100%| E|CS|TAMS 0x00000000cea00000, 0x00000000cea00000| Complete 
| 213|0x00000000ceb00000, 0x00000000cec00000, 0x00000000cec00000|100%| E|CS|TAMS 0x00000000ceb00000, 0x00000000ceb00000| Complete 
| 214|0x00000000cec00000, 0x00000000ced00000, 0x00000000ced00000|100%| E|CS|TAMS 0x00000000cec00000, 0x00000000cec00000| Complete 
| 215|0x00000000ced00000, 0x00000000cee00000, 0x00000000cee00000|100%| E|CS|TAMS 0x00000000ced00000, 0x00000000ced00000| Complete 
| 216|0x00000000cee00000, 0x00000000cef00000, 0x00000000cef00000|100%| E|CS|TAMS 0x00000000cee00000, 0x00000000cee00000| Complete 
| 217|0x00000000cef00000, 0x00000000cf000000, 0x00000000cf000000|100%| E|CS|TAMS 0x00000000cef00000, 0x00000000cef00000| Complete 
| 218|0x00000000cf000000, 0x00000000cf100000, 0x00000000cf100000|100%| E|CS|TAMS 0x00000000cf000000, 0x00000000cf000000| Complete 
| 219|0x00000000cf100000, 0x00000000cf200000, 0x00000000cf200000|100%| E|CS|TAMS 0x00000000cf100000, 0x00000000cf100000| Complete 
| 220|0x00000000cf200000, 0x00000000cf300000, 0x00000000cf300000|100%| E|CS|TAMS 0x00000000cf200000, 0x00000000cf200000| Complete 
| 221|0x00000000cf300000, 0x00000000cf400000, 0x00000000cf400000|100%| E|CS|TAMS 0x00000000cf300000, 0x00000000cf300000| Complete 
| 222|0x00000000cf400000, 0x00000000cf500000, 0x00000000cf500000|100%| E|CS|TAMS 0x00000000cf400000, 0x00000000cf400000| Complete 
| 223|0x00000000cf500000, 0x00000000cf600000, 0x00000000cf600000|100%| E|CS|TAMS 0x00000000cf500000, 0x00000000cf500000| Complete 
| 224|0x00000000cf600000, 0x00000000cf700000, 0x00000000cf700000|100%| E|CS|TAMS 0x00000000cf600000, 0x00000000cf600000| Complete 
| 225|0x00000000cf700000, 0x00000000cf800000, 0x00000000cf800000|100%| E|CS|TAMS 0x00000000cf700000, 0x00000000cf700000| Complete 
| 226|0x00000000cf800000, 0x00000000cf900000, 0x00000000cf900000|100%| E|CS|TAMS 0x00000000cf800000, 0x00000000cf800000| Complete 

Card table byte_map: [0x0000026a60660000,0x0000026a60860000] _byte_map_base: 0x0000026a60055000

Marking Bits (Prev, Next): (CMBitMap*) 0x0000026a4928a390, (CMBitMap*) 0x0000026a4928a3d0
 Prev Bits: [0x0000026a60a60000, 0x0000026a61a08000)
 Next Bits: [0x0000026a61a10000, 0x0000026a629b8000)

Polling page: 0x0000026a47120000

Metaspace:

Usage:
  Non-class:     36.77 MB capacity,    36.49 MB (>99%) used,   219.53 KB ( <1%) free+waste,    65.19 KB ( <1%) overhead. 
      Class:      4.59 MB capacity,     4.44 MB ( 97%) used,   130.95 KB (  3%) free+waste,    22.94 KB ( <1%) overhead. 
       Both:     41.36 MB capacity,    40.93 MB ( 99%) used,   350.48 KB ( <1%) free+waste,    88.12 KB ( <1%) overhead. 

Virtual space:
  Non-class space:       38.00 MB reserved,      37.00 MB ( 97%) committed 
      Class space:        1.00 GB reserved,       4.62 MB ( <1%) committed 
             Both:        1.04 GB reserved,      41.62 MB (  4%) committed 

Chunk freelists:
   Non-Class:  44.00 KB
       Class:  5.00 KB
        Both:  49.00 KB

MaxMetaspaceSize: 17179869184.00 GB
CompressedClassSpaceSize: 1.00 GB

CodeHeap 'non-profiled nmethods': size=120000Kb used=4057Kb max_used=4317Kb free=115942Kb
 bounds [0x0000026a58f30000, 0x0000026a59370000, 0x0000026a60460000]
CodeHeap 'profiled nmethods': size=120000Kb used=10354Kb max_used=12255Kb free=109645Kb
 bounds [0x0000026a51a00000, 0x0000026a52600000, 0x0000026a58f30000]
CodeHeap 'non-nmethods': size=5760Kb used=1560Kb max_used=1583Kb free=4199Kb
 bounds [0x0000026a51460000, 0x0000026a516d0000, 0x0000026a51a00000]
 total_blobs=6254 nmethods=5319 adapters=847
 compilation: enabled
              stopped_count=0, restarted_count=0
 full_count=0

Compilation events (20 events):
Event: 71.005 Thread 0x0000026a64e78fd0 nmethod 6841 0x0000026a58f7aa10 code [0x0000026a58f7aba0, 0x0000026a58f7acb8]
Event: 71.005 Thread 0x0000026a64e78fd0 6861       4       java.lang.StringBuffer::<init> (7 bytes)
Event: 71.007 Thread 0x0000026a64e78fd0 nmethod 6861 0x0000026a58f7a610 code [0x0000026a58f7a7a0, 0x0000026a58f7a938]
Event: 71.119 Thread 0x0000026a64e78fd0 6871       4       org.openqa.selenium.json.MapCoercer$$Lambda$355/0x0000000800ee9c58::apply (24 bytes)
Event: 71.145 Thread 0x0000026a64e78fd0 nmethod 6871 0x0000026a59132290 code [0x0000026a59132580, 0x0000026a591335a8]
Event: 71.145 Thread 0x0000026a64e78fd0 6872       4       org.openqa.selenium.json.MapCoercer::lambda$null$0 (38 bytes)
Event: 71.175 Thread 0x0000026a64e78fd0 nmethod 6872 0x0000026a59276e90 code [0x0000026a59277160, 0x0000026a59277e88]
Event: 71.175 Thread 0x0000026a64e78fd0 6874   !   4       java.math.BigDecimal::<init> (1067 bytes)
Event: 71.191 Thread 0x0000026a64e78fd0 nmethod 6874 0x0000026a590a1310 code [0x0000026a590a14e0, 0x0000026a590a1d28]
Event: 71.191 Thread 0x0000026a64e78fd0 6875       4       org.openqa.selenium.json.JsonInput::expect (174 bytes)
Event: 71.214 Thread 0x0000026a64e78fd0 nmethod 6875 0x0000026a5909ff10 code [0x0000026a590a0160, 0x0000026a590a0b70]
Event: 71.214 Thread 0x0000026a64e78fd0 6876   !   4       org.openqa.selenium.json.JsonInput::nextNumber (160 bytes)
Event: 71.256 Thread 0x0000026a64e78fd0 nmethod 6876 0x0000026a59115c90 code [0x0000026a59115f20, 0x0000026a591172e0]
Event: 71.256 Thread 0x0000026a64e78fd0 6877       4       java.util.Iterator::forEachRemaining (30 bytes)
Event: 71.292 Thread 0x0000026a64e78fd0 nmethod 6877 0x0000026a5904ff10 code [0x0000026a590502a0, 0x0000026a59051640]
Event: 71.292 Thread 0x0000026a64e78fd0 6873       4       org.openqa.selenium.json.JsonTypeCoercer$$Lambda$296/0x0000000800ed9ce0::accept (12 bytes)
Event: 71.294 Thread 0x0000026a64e78fd0 nmethod 6873 0x0000026a59276710 code [0x0000026a592768a0, 0x0000026a59276a28]
Event: 71.294 Thread 0x0000026a64e78fd0 6878       4       java.util.Spliterators$IteratorSpliterator::forEachRemaining (58 bytes)
Event: 71.295 Thread 0x0000026a64e78fd0 nmethod 6878 0x0000026a590ea890 code [0x0000026a590eaa20, 0x0000026a590eaae8]
Event: 71.297 Thread 0x0000026a64e78fd0 6879       4       org.openqa.selenium.json.NumberCoercer$$Lambda$360/0x0000000800eeab60::apply (16 bytes)

GC Heap History (20 events):
Event: 57.060 GC heap before
{Heap before GC invocations=76 (full 0):
 garbage-first heap   total 206848K, used 159906K [0x00000000c1600000, 0x0000000100000000)
  region size 1024K, 67 young (68608K), 2 survivors (2048K)
 Metaspace       used 40754K, capacity 41135K, committed 41344K, reserved 1085440K
  class space    used 4465K, capacity 4616K, committed 4736K, reserved 1048576K
}
Event: 57.062 GC heap after
{Heap after GC invocations=77 (full 0):
 garbage-first heap   total 206848K, used 79041K [0x00000000c1600000, 0x0000000100000000)
  region size 1024K, 2 young (2048K), 2 survivors (2048K)
 Metaspace       used 40754K, capacity 41135K, committed 41344K, reserved 1085440K
  class space    used 4465K, capacity 4616K, committed 4736K, reserved 1048576K
}
Event: 57.851 GC heap before
{Heap before GC invocations=78 (full 0):
 garbage-first heap   total 206848K, used 152769K [0x00000000c1600000, 0x0000000100000000)
  region size 1024K, 60 young (61440K), 2 survivors (2048K)
 Metaspace       used 40774K, capacity 41135K, committed 41344K, reserved 1085440K
  class space    used 4465K, capacity 4616K, committed 4736K, reserved 1048576K
}
Event: 57.855 GC heap after
{Heap after GC invocations=79 (full 0):
 garbage-first heap   total 206848K, used 79981K [0x00000000c1600000, 0x0000000100000000)
  region size 1024K, 2 young (2048K), 2 survivors (2048K)
 Metaspace       used 40774K, capacity 41135K, committed 41344K, reserved 1085440K
  class space    used 4465K, capacity 4616K, committed 4736K, reserved 1048576K
}
Event: 62.102 GC heap before
{Heap before GC invocations=80 (full 0):
 garbage-first heap   total 206848K, used 160877K [0x00000000c1600000, 0x0000000100000000)
  region size 1024K, 70 young (71680K), 2 survivors (2048K)
 Metaspace       used 40777K, capacity 41135K, committed 41344K, reserved 1085440K
  class space    used 4465K, capacity 4616K, committed 4736K, reserved 1048576K
}
Event: 62.105 GC heap after
{Heap after GC invocations=81 (full 0):
 garbage-first heap   total 206848K, used 80431K [0x00000000c1600000, 0x0000000100000000)
  region size 1024K, 2 young (2048K), 2 survivors (2048K)
 Metaspace       used 40777K, capacity 41135K, committed 41344K, reserved 1085440K
  class space    used 4465K, capacity 4616K, committed 4736K, reserved 1048576K
}
Event: 62.838 GC heap before
{Heap before GC invocations=82 (full 0):
 garbage-first heap   total 206848K, used 162351K [0x00000000c1600000, 0x0000000100000000)
  region size 1024K, 71 young (72704K), 2 survivors (2048K)
 Metaspace       used 40796K, capacity 41199K, committed 41344K, reserved 1085440K
  class space    used 4465K, capacity 4616K, committed 4736K, reserved 1048576K
}
Event: 62.841 GC heap after
{Heap after GC invocations=83 (full 0):
 garbage-first heap   total 206848K, used 80484K [0x00000000c1600000, 0x0000000100000000)
  region size 1024K, 2 young (2048K), 2 survivors (2048K)
 Metaspace       used 40796K, capacity 41199K, committed 41344K, reserved 1085440K
  class space    used 4465K, capacity 4616K, committed 4736K, reserved 1048576K
}
Event: 63.503 GC heap before
{Heap before GC invocations=84 (full 0):
 garbage-first heap   total 206848K, used 163428K [0x00000000c1600000, 0x0000000100000000)
  region size 1024K, 72 young (73728K), 2 survivors (2048K)
 Metaspace       used 40806K, capacity 41263K, committed 41600K, reserved 1085440K
  class space    used 4465K, capacity 4616K, committed 4736K, reserved 1048576K
}
Event: 63.506 GC heap after
{Heap after GC invocations=85 (full 0):
 garbage-first heap   total 206848K, used 80808K [0x00000000c1600000, 0x0000000100000000)
  region size 1024K, 3 young (3072K), 3 survivors (3072K)
 Metaspace       used 40806K, capacity 41263K, committed 41600K, reserved 1085440K
  class space    used 4465K, capacity 4616K, committed 4736K, reserved 1048576K
}
Event: 68.069 GC heap before
{Heap before GC invocations=86 (full 0):
 garbage-first heap   total 206848K, used 149416K [0x00000000c1600000, 0x0000000100000000)
  region size 1024K, 57 young (58368K), 3 survivors (3072K)
 Metaspace       used 40806K, capacity 41263K, committed 41600K, reserved 1085440K
  class space    used 4465K, capacity 4616K, committed 4736K, reserved 1048576K
}
Event: 68.072 GC heap after
{Heap after GC invocations=87 (full 0):
 garbage-first heap   total 206848K, used 83092K [0x00000000c1600000, 0x0000000100000000)
  region size 1024K, 2 young (2048K), 2 survivors (2048K)
 Metaspace       used 40806K, capacity 41263K, committed 41600K, reserved 1085440K
  class space    used 4465K, capacity 4616K, committed 4736K, reserved 1048576K
}
Event: 68.510 GC heap before
{Heap before GC invocations=88 (full 0):
 garbage-first heap   total 206848K, used 150676K [0x00000000c1600000, 0x0000000100000000)
  region size 1024K, 58 young (59392K), 2 survivors (2048K)
 Metaspace       used 40812K, capacity 41263K, committed 41600K, reserved 1085440K
  class space    used 4466K, capacity 4616K, committed 4736K, reserved 1048576K
}
Event: 68.513 GC heap after
{Heap after GC invocations=89 (full 0):
 garbage-first heap   total 206848K, used 79083K [0x00000000c1600000, 0x0000000100000000)
  region size 1024K, 2 young (2048K), 2 survivors (2048K)
 Metaspace       used 40812K, capacity 41263K, committed 41600K, reserved 1085440K
  class space    used 4466K, capacity 4616K, committed 4736K, reserved 1048576K
}
Event: 70.173 GC heap before
{Heap before GC invocations=90 (full 0):
 garbage-first heap   total 206848K, used 158955K [0x00000000c1600000, 0x0000000100000000)
  region size 1024K, 68 young (69632K), 2 survivors (2048K)
 Metaspace       used 41682K, capacity 42153K, committed 42368K, reserved 1087488K
  class space    used 4527K, capacity 4697K, committed 4736K, reserved 1048576K
}
Event: 70.177 GC heap after
{Heap after GC invocations=91 (full 0):
 garbage-first heap   total 206848K, used 75419K [0x00000000c1600000, 0x0000000100000000)
  region size 1024K, 2 young (2048K), 2 survivors (2048K)
 Metaspace       used 41682K, capacity 42153K, committed 42368K, reserved 1087488K
  class space    used 4527K, capacity 4697K, committed 4736K, reserved 1048576K
}
Event: 70.696 GC heap before
{Heap before GC invocations=92 (full 0):
 garbage-first heap   total 206848K, used 152219K [0x00000000c1600000, 0x0000000100000000)
  region size 1024K, 60 young (61440K), 2 survivors (2048K)
 Metaspace       used 41790K, capacity 42217K, committed 42368K, reserved 1087488K
  class space    used 4535K, capacity 4697K, committed 4736K, reserved 1048576K
}
Event: 70.699 GC heap after
{Heap after GC invocations=93 (full 0):
 garbage-first heap   total 206848K, used 82776K [0x00000000c1600000, 0x0000000100000000)
  region size 1024K, 2 young (2048K), 2 survivors (2048K)
 Metaspace       used 41790K, capacity 42217K, committed 42368K, reserved 1087488K
  class space    used 4535K, capacity 4697K, committed 4736K, reserved 1048576K
}
Event: 71.105 GC heap before
{Heap before GC invocations=94 (full 0):
 garbage-first heap   total 232448K, used 168792K [0x00000000c1600000, 0x0000000100000000)
  region size 1024K, 64 young (65536K), 2 survivors (2048K)
 Metaspace       used 41912K, capacity 42351K, committed 42624K, reserved 1087488K
  class space    used 4545K, capacity 4699K, committed 4736K, reserved 1048576K
}
Event: 71.109 GC heap after
{Heap after GC invocations=95 (full 0):
 garbage-first heap   total 232448K, used 76887K [0x00000000c1600000, 0x0000000100000000)
  region size 1024K, 3 young (3072K), 3 survivors (3072K)
 Metaspace       used 41912K, capacity 42351K, committed 42624K, reserved 1087488K
  class space    used 4545K, capacity 4699K, committed 4736K, reserved 1048576K
}

Deoptimization events (20 events):
Event: 70.656 Thread 0x0000026a49259150 DEOPT PACKING pc=0x0000026a51b37955 sp=0x000000ae9d2fd080
Event: 70.656 Thread 0x0000026a49259150 DEOPT UNPACKING pc=0x0000026a514ae23f sp=0x000000ae9d2fc508 mode 0
Event: 70.657 Thread 0x0000026a49259150 DEOPT PACKING pc=0x0000026a51b37955 sp=0x000000ae9d2fd080
Event: 70.657 Thread 0x0000026a49259150 DEOPT UNPACKING pc=0x0000026a514ae23f sp=0x000000ae9d2fc508 mode 0
Event: 70.663 Thread 0x0000026a49259150 DEOPT PACKING pc=0x0000026a51a68969 sp=0x000000ae9d2fcfb0
Event: 70.663 Thread 0x0000026a49259150 DEOPT UNPACKING pc=0x0000026a514ae23f sp=0x000000ae9d2fc438 mode 0
Event: 70.664 Thread 0x0000026a49259150 DEOPT PACKING pc=0x0000026a51a68969 sp=0x000000ae9d2fcfb0
Event: 70.664 Thread 0x0000026a49259150 DEOPT UNPACKING pc=0x0000026a514ae23f sp=0x000000ae9d2fc438 mode 0
Event: 70.664 Thread 0x0000026a49259150 DEOPT PACKING pc=0x0000026a51a68969 sp=0x000000ae9d2fcfb0
Event: 70.665 Thread 0x0000026a49259150 DEOPT UNPACKING pc=0x0000026a514ae23f sp=0x000000ae9d2fc438 mode 0
Event: 70.687 Thread 0x0000026a49259150 DEOPT PACKING pc=0x0000026a5251713a sp=0x000000ae9d2fcfd0
Event: 70.687 Thread 0x0000026a49259150 DEOPT UNPACKING pc=0x0000026a514ae23f sp=0x000000ae9d2fc468 mode 0
Event: 70.687 Thread 0x0000026a49259150 Uncommon trap: trap_request=0xffffff45 fr.pc=0x0000026a59320d00 relative=0x00000000000001e0
Event: 70.687 Thread 0x0000026a49259150 Uncommon trap: reason=unstable_if action=reinterpret pc=0x0000026a59320d00 method=java.util.Base64$Encoder.encodeBlock([BII[BIZ)V @ 26 c2
Event: 70.687 Thread 0x0000026a49259150 DEOPT PACKING pc=0x0000026a59320d00 sp=0x000000ae9d2fcfa0
Event: 70.687 Thread 0x0000026a49259150 DEOPT UNPACKING pc=0x0000026a514ae42f sp=0x000000ae9d2fcf68 mode 2
Event: 70.732 Thread 0x0000026a49259150 Uncommon trap: trap_request=0xffffffde fr.pc=0x0000026a59214a7c relative=0x000000000000045c
Event: 70.732 Thread 0x0000026a49259150 Uncommon trap: reason=class_check action=maybe_recompile pc=0x0000026a59214a7c method=java.lang.ThreadLocal$ThreadLocalMap.expungeStaleEntry(I)I @ 51 c2
Event: 70.732 Thread 0x0000026a49259150 DEOPT PACKING pc=0x0000026a59214a7c sp=0x000000ae9d2fde20
Event: 70.732 Thread 0x0000026a49259150 DEOPT UNPACKING pc=0x0000026a514ae42f sp=0x000000ae9d2fdcd8 mode 2

Classes unloaded (1 events):
Event: 10.166 Thread 0x0000026a64e58380 Unloading class 0x0000000800bb4440 'java/lang/invoke/LambdaForm$DMH+0x0000000800bb4440'

Classes redefined (0 events):
No events

Internal exceptions (20 events):
Event: 69.315 Thread 0x0000026a49259150 Exception <a 'sun/nio/fs/WindowsException'{0x00000000ca64d1f0}> (0x00000000ca64d1f0) 
thrown [./open/src/hotspot/share/prims/jni.cpp, line 578]
Event: 69.315 Thread 0x0000026a49259150 Exception <a 'sun/nio/fs/WindowsException'{0x00000000ca64d538}> (0x00000000ca64d538) 
thrown [./open/src/hotspot/share/prims/jni.cpp, line 578]
Event: 69.315 Thread 0x0000026a49259150 Exception <a 'sun/nio/fs/WindowsException'{0x00000000ca64e1f8}> (0x00000000ca64e1f8) 
thrown [./open/src/hotspot/share/prims/jni.cpp, line 578]
Event: 69.315 Thread 0x0000026a49259150 Exception <a 'sun/nio/fs/WindowsException'{0x00000000ca64e518}> (0x00000000ca64e518) 
thrown [./open/src/hotspot/share/prims/jni.cpp, line 578]
Event: 69.315 Thread 0x0000026a49259150 Exception <a 'sun/nio/fs/WindowsException'{0x00000000ca64f1c0}> (0x00000000ca64f1c0) 
thrown [./open/src/hotspot/share/prims/jni.cpp, line 578]
Event: 69.315 Thread 0x0000026a49259150 Exception <a 'sun/nio/fs/WindowsException'{0x00000000ca64f4b0}> (0x00000000ca64f4b0) 
thrown [./open/src/hotspot/share/prims/jni.cpp, line 578]
Event: 69.315 Thread 0x0000026a49259150 Exception <a 'sun/nio/fs/WindowsException'{0x00000000ca650148}> (0x00000000ca650148) 
thrown [./open/src/hotspot/share/prims/jni.cpp, line 578]
Event: 69.315 Thread 0x0000026a49259150 Exception <a 'sun/nio/fs/WindowsException'{0x00000000ca650418}> (0x00000000ca650418) 
thrown [./open/src/hotspot/share/prims/jni.cpp, line 578]
Event: 69.315 Thread 0x0000026a49259150 Exception <a 'sun/nio/fs/WindowsException'{0x00000000ca651048}> (0x00000000ca651048) 
thrown [./open/src/hotspot/share/prims/jni.cpp, line 578]
Event: 70.686 Thread 0x0000026a49259150 Exception <a 'sun/nio/fs/WindowsException'{0x00000000ca873ea8}> (0x00000000ca873ea8) 
thrown [./open/src/hotspot/share/prims/jni.cpp, line 578]
Event: 70.692 Thread 0x0000026a49259150 Exception <a 'sun/nio/fs/WindowsException'{0x00000000ca8fd0b0}> (0x00000000ca8fd0b0) 
thrown [./open/src/hotspot/share/prims/jni.cpp, line 578]
Event: 70.700 Thread 0x0000026a49259150 Exception <a 'sun/nio/fs/WindowsException'{0x00000000cdf09d28}> (0x00000000cdf09d28) 
thrown [./open/src/hotspot/share/prims/jni.cpp, line 578]
Event: 70.708 Thread 0x0000026a49259150 Exception <a 'sun/nio/fs/WindowsException'{0x00000000cdf20d80}> (0x00000000cdf20d80) 
thrown [./open/src/hotspot/share/prims/jni.cpp, line 578]
Event: 70.712 Thread 0x0000026a49259150 Exception <a 'java/lang/IncompatibleClassChangeError'{0x00000000cdf28ff8}: Found class java.lang.Object, but interface was expected> (0x00000000cdf28ff8) 
thrown [./open/src/hotspot/share/interpreter/linkResolver.cpp, line 848]
Event: 70.712 Thread 0x0000026a49259150 Exception <a 'java/lang/IncompatibleClassChangeError'{0x00000000cdf2c548}: Found class java.lang.Object, but interface was expected> (0x00000000cdf2c548) 
thrown [./open/src/hotspot/share/interpreter/linkResolver.cpp, line 848]
Event: 70.713 Thread 0x0000026a49259150 Exception <a 'sun/nio/fs/WindowsException'{0x00000000cdf2f730}> (0x00000000cdf2f730) 
thrown [./open/src/hotspot/share/prims/jni.cpp, line 578]
Event: 70.722 Thread 0x0000026a49259150 Exception <a 'java/lang/IncompatibleClassChangeError'{0x00000000cdf52c78}: Found class java.lang.Object, but interface was expected> (0x00000000cdf52c78) 
thrown [./open/src/hotspot/share/interpreter/linkResolver.cpp, line 848]
Event: 70.724 Thread 0x0000026a49259150 Exception <a 'sun/nio/fs/WindowsException'{0x00000000cdf5dec8}> (0x00000000cdf5dec8) 
thrown [./open/src/hotspot/share/prims/jni.cpp, line 578]
Event: 70.938 Thread 0x0000026a49259150 Exception <a 'sun/nio/fs/WindowsException'{0x00000000ceff8f10}> (0x00000000ceff8f10) 
thrown [./open/src/hotspot/share/prims/jni.cpp, line 578]
Event: 70.949 Thread 0x0000026a49259150 Exception <a 'sun/nio/fs/WindowsException'{0x00000000cee3c938}> (0x00000000cee3c938) 
thrown [./open/src/hotspot/share/prims/jni.cpp, line 578]

Events (20 events):
Event: 70.531 loading class com/sun/imageio/plugins/png/ChunkStream
Event: 70.531 loading class com/sun/imageio/plugins/png/ChunkStream done
Event: 70.531 loading class com/sun/imageio/plugins/png/CRC
Event: 70.531 loading class com/sun/imageio/plugins/png/CRC done
Event: 70.532 loading class com/sun/imageio/plugins/png/IDATOutputStream
Event: 70.532 loading class com/sun/imageio/plugins/png/IDATOutputStream done
Event: 70.532 loading class java/util/zip/Deflater
Event: 70.533 loading class java/util/zip/Deflater done
Event: 70.534 loading class java/util/zip/Deflater$DeflaterZStreamRef
Event: 70.534 loading class java/util/zip/Deflater$DeflaterZStreamRef done
Event: 70.696 Executing VM operation: G1TryInitiateConcMark
Event: 70.699 Executing VM operation: G1TryInitiateConcMark done
Event: 70.715 Loaded shared library C:\Program Files\Java\jdk-15.0.2\bin\nio.dll
Event: 70.869 Executing VM operation: G1Concurrent
Event: 70.874 Executing VM operation: G1Concurrent done
Event: 70.960 Executing VM operation: G1Concurrent
Event: 70.960 Executing VM operation: G1Concurrent done
Event: 71.105 Executing VM operation: G1TryInitiateConcMark
Event: 71.109 Executing VM operation: G1TryInitiateConcMark done
Event: 71.301 Executing VM operation: G1Concurrent


Dynamic libraries:
0x00007ff7a17b0000 - 0x00007ff7a17bf000 	C:\Program Files\Java\jdk-15.0.2\bin\java.exe
0x00007ffda1370000 - 0x00007ffda1565000 	C:\Windows\SYSTEM32\ntdll.dll
0x00007ffd8fcd0000 - 0x00007ffd8fd44000 	C:\Windows\System32\verifier.dll
0x00007ffd85f60000 - 0x00007ffd86054000 	C:\Windows\SYSTEM32\PayloadRestrictions.dll
0x00007ffd9f2d0000 - 0x00007ffd9f3d0000 	C:\Windows\System32\ucrtbase.dll
0x00007ffd9eec0000 - 0x00007ffd9f188000 	C:\Windows\System32\kernelbase.dll
0x00007ffda0b30000 - 0x00007ffda0bed000 	C:\Windows\System32\kernel32.dll
0x00007ffd99890000 - 0x00007ffd998a8000 	C:\Program Files\Java\jdk-15.0.2\bin\jli.dll
0x00007ffda05d0000 - 0x00007ffda067c000 	C:\Windows\System32\ADVAPI32.dll
0x00007ffda1290000 - 0x00007ffda132e000 	C:\Windows\System32\msvcrt.dll
0x00007ffda0530000 - 0x00007ffda05cb000 	C:\Windows\System32\sechost.dll
0x00007ffda0c50000 - 0x00007ffda0d7b000 	C:\Windows\System32\RPCRT4.dll
0x00007ffda0210000 - 0x00007ffda03b0000 	C:\Windows\System32\USER32.dll
0x00007ffd9ed40000 - 0x00007ffd9ed62000 	C:\Windows\System32\win32u.dll
0x00007ffda0af0000 - 0x00007ffda0b1a000 	C:\Windows\System32\GDI32.dll
0x00007ffd9f190000 - 0x00007ffd9f29b000 	C:\Windows\System32\gdi32full.dll
0x00007ffd9ed70000 - 0x00007ffd9ee0d000 	C:\Windows\System32\msvcp_win.dll
0x00007ffd99130000 - 0x00007ffd99149000 	C:\Program Files\Java\jdk-15.0.2\bin\VCRUNTIME140.dll
0x00007ffd937c0000 - 0x00007ffd93a5a000 	C:\Windows\WinSxS\amd64_microsoft.windows.common-controls_6595b64144ccf1df_6.0.19041.844_none_ca00b6081b84eb1d\COMCTL32.dll
0x00007ffd94350000 - 0x00007ffd9435a000 	C:\Windows\SYSTEM32\VERSION.dll
0x00007ffd9fc10000 - 0x00007ffd9fc40000 	C:\Windows\System32\IMM32.DLL
0x00007ffd99120000 - 0x00007ffd9912c000 	C:\Program Files\Java\jdk-15.0.2\bin\vcruntime140_1.dll
0x00007ffd872b0000 - 0x00007ffd87341000 	C:\Program Files\Java\jdk-15.0.2\bin\msvcp140.dll
0x00007ffd76960000 - 0x00007ffd774be000 	C:\Program Files\Java\jdk-15.0.2\bin\server\jvm.dll
0x00007ffd9fba0000 - 0x00007ffd9fba8000 	C:\Windows\System32\PSAPI.DLL
0x00007ffd99900000 - 0x00007ffd99909000 	C:\Windows\SYSTEM32\WSOCK32.dll
0x00007ffda1130000 - 0x00007ffda119b000 	C:\Windows\System32\WS2_32.dll
0x00007ffd93db0000 - 0x00007ffd93dd7000 	C:\Windows\SYSTEM32\WINMM.dll
0x00007ffd9c8e0000 - 0x00007ffd9c8f2000 	C:\Windows\SYSTEM32\kernel.appcore.dll
0x00007ffd987b0000 - 0x00007ffd987ba000 	C:\Program Files\Java\jdk-15.0.2\bin\jimage.dll
0x00007ffd97170000 - 0x00007ffd97354000 	C:\Windows\SYSTEM32\DBGHELP.DLL
0x00007ffd968c0000 - 0x00007ffd968ec000 	C:\Windows\SYSTEM32\dbgcore.DLL
0x00007ffd9ecc0000 - 0x00007ffd9ed40000 	C:\Windows\System32\bcryptPrimitives.dll
0x00007ffd978d0000 - 0x00007ffd978de000 	C:\Program Files\Java\jdk-15.0.2\bin\instrument.dll
0x00007ffd97950000 - 0x00007ffd97975000 	C:\Program Files\Java\jdk-15.0.2\bin\java.dll
0x00007ffd9f450000 - 0x00007ffd9fb92000 	C:\Windows\System32\SHELL32.dll
0x00007ffd9cae0000 - 0x00007ffd9d271000 	C:\Windows\SYSTEM32\windows.storage.dll
0x00007ffd9feb0000 - 0x00007ffda0205000 	C:\Windows\System32\combase.dll
0x00007ffd9e520000 - 0x00007ffd9e54c000 	C:\Windows\SYSTEM32\Wldp.dll
0x00007ffd9fe00000 - 0x00007ffd9feae000 	C:\Windows\System32\SHCORE.dll
0x00007ffda10d0000 - 0x00007ffda1125000 	C:\Windows\System32\shlwapi.dll
0x00007ffd9e9f0000 - 0x00007ffd9ea0f000 	C:\Windows\SYSTEM32\profapi.dll
0x00007ffd90bc0000 - 0x00007ffd90bd8000 	C:\Program Files\Java\jdk-15.0.2\bin\zip.dll
0x00007ffd97930000 - 0x00007ffd97949000 	C:\Program Files\Java\jdk-15.0.2\bin\net.dll
0x00007ffd9db40000 - 0x00007ffd9dc4b000 	C:\Windows\SYSTEM32\WINHTTP.dll
0x00007ffd9e290000 - 0x00007ffd9e2fa000 	C:\Windows\system32\mswsock.dll
0x00007ffd90be0000 - 0x00007ffd90bf2000 	C:\Program Files\Java\jdk-15.0.2\bin\nio.dll
0x00007ffd90b90000 - 0x00007ffd90baa000 	C:\Program Files\JetBrains\IntelliJ IDEA Community Edition 2020.2.3\bin\breakgen64.dll
0x00007ffd9e470000 - 0x00007ffd9e488000 	C:\Windows\SYSTEM32\CRYPTSP.dll
0x00007ffd9dab0000 - 0x00007ffd9dae4000 	C:\Windows\system32\rsaenh.dll
0x00007ffd9f2a0000 - 0x00007ffd9f2c7000 	C:\Windows\System32\bcrypt.dll
0x00007ffd9e9b0000 - 0x00007ffd9e9de000 	C:\Windows\SYSTEM32\USERENV.dll
0x00007ffd9e460000 - 0x00007ffd9e46c000 	C:\Windows\SYSTEM32\CRYPTBASE.dll
0x00007ffd9df30000 - 0x00007ffd9df6b000 	C:\Windows\SYSTEM32\IPHLPAPI.DLL
0x00007ffda11a0000 - 0x00007ffda11a8000 	C:\Windows\System32\NSI.dll
0x00007ffd95e70000 - 0x00007ffd95e87000 	C:\Windows\SYSTEM32\dhcpcsvc6.DLL
0x00007ffd96700000 - 0x00007ffd9671d000 	C:\Windows\SYSTEM32\dhcpcsvc.DLL
0x00007ffd9df80000 - 0x00007ffd9e04c000 	C:\Windows\SYSTEM32\DNSAPI.dll
0x00007ffd98220000 - 0x00007ffd98230000 	C:\Program Files\Java\jdk-15.0.2\bin\verify.dll
0x00007ffd90b70000 - 0x00007ffd90b7d000 	C:\Program Files\Java\jdk-15.0.2\bin\sunmscapi.dll
0x00007ffd9eb00000 - 0x00007ffd9ec5f000 	C:\Windows\System32\CRYPT32.dll
0x00007ffd9e590000 - 0x00007ffd9e5b7000 	C:\Windows\SYSTEM32\ncrypt.dll
0x00007ffd9e550000 - 0x00007ffd9e58b000 	C:\Windows\SYSTEM32\NTASN1.dll
0x00007ffd93010000 - 0x00007ffd9301a000 	C:\Windows\System32\rasadhlp.dll
0x00007ffd931b0000 - 0x00007ffd9322f000 	C:\Windows\System32\fwpuclnt.dll
0x00007ffd77880000 - 0x00007ffd77a00000 	C:\Program Files\Java\jdk-15.0.2\bin\awt.dll
0x00007ffda03b0000 - 0x00007ffda047d000 	C:\Windows\System32\OLEAUT32.dll
0x00007ffd9c250000 - 0x00007ffd9c2e0000 	C:\Windows\SYSTEM32\apphelp.dll
0x00007ffd879f0000 - 0x00007ffd87a2f000 	C:\Program Files\Java\jdk-15.0.2\bin\lcms.dll
0x00007ffd9c7d0000 - 0x00007ffd9c7ff000 	C:\Windows\system32\DWMAPI.DLL
0x00007ffd9c3d0000 - 0x00007ffd9c46e000 	C:\Windows\system32\uxtheme.dll
0x00007ffd92420000 - 0x00007ffd92437000 	C:\Windows\system32\napinsp.dll
0x00007ffd94eb0000 - 0x00007ffd94ecb000 	C:\Windows\system32\pnrpnsp.dll
0x00007ffd99dd0000 - 0x00007ffd99de5000 	C:\Windows\system32\wshbth.dll
0x00007ffd97790000 - 0x00007ffd977ad000 	C:\Windows\system32\NLAapi.dll
0x00007ffd94ed0000 - 0x00007ffd94ee2000 	C:\Windows\System32\winrnr.dll
0x00007ffd97890000 - 0x00007ffd97899000 	C:\Program Files\Java\jdk-15.0.2\bin\management.dll
0x00007ffd90bb0000 - 0x00007ffd90bbb000 	C:\Program Files\Java\jdk-15.0.2\bin\management_ext.dll
0x00007ffd5bc10000 - 0x00007ffd5ec11000 	C:\Users\MMohamed\AppData\Local\Temp\opencv_openpnp1664070587143176583\nu\pattern\opencv\windows\x86_64\opencv_java430.dll
0x00007ffd9fcd0000 - 0x00007ffd9fdfa000 	C:\Windows\System32\ole32.dll
0x00007ffd95c70000 - 0x00007ffd95e2c000 	C:\Windows\SYSTEM32\MFPlat.DLL
0x00007ffd9eab0000 - 0x00007ffd9eafe000 	C:\Windows\System32\cfgmgr32.dll
0x00007ffd67b60000 - 0x00007ffd67be4000 	C:\Windows\SYSTEM32\MF.dll
0x00007ffd85c60000 - 0x00007ffd85d6a000 	C:\Windows\SYSTEM32\MFReadWrite.dll
0x00007ffd71420000 - 0x00007ffd718ae000 	C:\Windows\SYSTEM32\MFCORE.DLL
0x00007ffd9e050000 - 0x00007ffd9e09b000 	C:\Windows\SYSTEM32\powrprof.dll
0x00007ffd97040000 - 0x00007ffd97049000 	C:\Windows\SYSTEM32\ksuser.dll
0x00007ffd97eb0000 - 0x00007ffd97ee0000 	C:\Windows\SYSTEM32\RTWorkQ.DLL
0x00007ffd9df10000 - 0x00007ffd9df22000 	C:\Windows\SYSTEM32\UMPDC.dll
0x00007ffd8fd50000 - 0x00007ffd8fd7d000 	C:\Program Files\Java\jdk-15.0.2\bin\javajpeg.dll

dbghelp: loaded successfully - version: 4.0.5 - missing functions: none
symbol engine: initialized successfully - sym options: 0x614 - pdb path: .;C:\Program Files\Java\jdk-15.0.2\bin;C:\Windows\SYSTEM32;C:\Windows\WinSxS\amd64_microsoft.windows.common-controls_6595b64144ccf1df_6.0.19041.844_none_ca00b6081b84eb1d;C:\Program Files\Java\jdk-15.0.2\bin\server;C:\Program Files\JetBrains\IntelliJ IDEA Community Edition 2020.2.3\bin;C:\Users\MMohamed\AppData\Local\Temp\opencv_openpnp1664070587143176583\nu\pattern\opencv\windows\x86_64

VM Arguments:
jvm_args: -ea -Dtestng.dtd.http=true -javaagent:C:\Users\MMohamed\.m2\repository/org/aspectj/aspectjweaver/1.9.6/aspectjweaver-1.9.6.jar -Didea.test.cyclic.buffer.size=1048576 -javaagent:C:\Program Files\JetBrains\IntelliJ IDEA Community Edition 2020.2.3\lib\idea_rt.jar=57970:C:\Program Files\JetBrains\IntelliJ IDEA Community Edition 2020.2.3\bin -Dfile.encoding=UTF-8 
java_command: com.intellij.rt.testng.RemoteTestNGStarter -usedefaultlisteners false -listener com.shaft.tools.listeners.AlterSuiteListener;com.shaft.tools.listeners.InvokedMethodListener;com.shaft.tools.listeners.SuiteListener -socket57969 @w@C:\Users\MMohamed\AppData\Local\Temp\idea_working_dirs_testng.tmp -temp C:\Users\MMohamed\AppData\Local\Temp\idea_testng.tmp
java_class_path (initial): C:\Program Files\JetBrains\IntelliJ IDEA Community Edition 2020.2.3\lib\idea_rt.jar;C:\Program Files\JetBrains\IntelliJ IDEA Community Edition 2020.2.3\plugins\testng\lib\testng-rt.jar;D:\Automation Workshops\SHAFT_ENGINE\target\test-classes;D:\Automation Workshops\SHAFT_ENGINE\target\classes;C:\Users\MMohamed\.m2\repository\io\github\mohabmohie\SHAFT_ENGINE\5.2.20210428\SHAFT_ENGINE-5.2.20210428.jar;C:\Users\MMohamed\.m2\repository\org\testng\testng\7.4.0\testng-7.4.0.jar;C:\Users\MMohamed\.m2\repository\com\beust\jcommander\1.78\jcommander-1.78.jar;C:\Users\MMohamed\.m2\repository\org\webjars\jquery\3.5.1\jquery-3.5.1.jar;C:\Users\MMohamed\.m2\repository\org\seleniumhq\selenium\selenium-java\3.141.59\selenium-java-3.141.59.jar;C:\Users\MMohamed\.m2\repository\org\seleniumhq\selenium\selenium-api\3.141.59\selenium-api-3.141.59.jar;C:\Users\MMohamed\.m2\repository\org\seleniumhq\selenium\selenium-chrome-driver\3.141.59\selenium-chrome-driver-3.141.59.jar;C:\Users\MMohamed\.m2\repository\org\seleniumhq\selenium\selenium-edge-driver\3.141.59\selenium-edge-driver-3.141.59.jar;C:\Users\MMohamed\.m2\repository\org\seleniumhq\selenium\selenium-firefox-driver\3.141.59\selenium-firefox-driver-3.141.59.jar;C:\Users\MMohamed\.m2\repository\org\seleniumhq\selenium\selenium-ie-driver\3.141.59\selenium-ie-driver-3.141.59.jar;C:\Users\MMohamed\.m2\repository\org\seleniumhq\selenium\selenium-opera-driver\3.141.59\selenium-opera-driver-3.141.59.jar;C:\Users\MMohamed\.m2\repository\org\seleniumhq\selenium\selenium-remote-driver\3.141.59\selenium-remote-driver-3.141.59.jar;C:\Users\MMohamed\.m2\repository\org\seleniumhq\selenium\selenium-safari-driver\3.141.59\selenium-safari-driver-3.141.59.jar;C:\Users\MMohamed\.m2\repository\org\seleniumhq\selenium\selenium-support\3.141.59\selenium-support-3.141.59.jar;C:\Users\MMohamed\.m2\repository\net\bytebuddy\byte-buddy\1.8.15\byte-buddy-1.8.15.jar;C:\Users\MMohamed\.m2\repository\org\apache\commons\commons-exec
Launcher Type: SUN_STANDARD

[Global flags]
     intx CICompilerCount                          = 3                                         {product} {ergonomic}
     uint ConcGCThreads                            = 1                                         {product} {ergonomic}
     uint G1ConcRefinementThreads                  = 4                                         {product} {ergonomic}
   size_t G1HeapRegionSize                         = 1048576                                   {product} {ergonomic}
    uintx GCDrainStackTargetSize                   = 64                                        {product} {ergonomic}
   size_t InitialHeapSize                          = 67108864                                  {product} {ergonomic}
   size_t MarkStackSize                            = 4194304                                   {product} {ergonomic}
   size_t MaxHeapSize                              = 1050673152                                {product} {ergonomic}
   size_t MaxNewSize                               = 630194176                                 {product} {ergonomic}
   size_t MinHeapDeltaBytes                        = 1048576                                   {product} {ergonomic}
   size_t MinHeapSize                              = 8388608                                   {product} {ergonomic}
    uintx NonNMethodCodeHeapSize                   = 5832780                                {pd product} {ergonomic}
    uintx NonProfiledCodeHeapSize                  = 122912730                              {pd product} {ergonomic}
    uintx ProfiledCodeHeapSize                     = 122912730                              {pd product} {ergonomic}
    uintx ReservedCodeCacheSize                    = 251658240                              {pd product} {ergonomic}
     bool SegmentedCodeCache                       = true                                      {product} {ergonomic}
   size_t SoftMaxHeapSize                          = 1050673152                             {manageable} {ergonomic}
     bool UseCompressedClassPointers               = true                                 {lp64_product} {ergonomic}
     bool UseCompressedOops                        = true                                 {lp64_product} {ergonomic}
     bool UseG1GC                                  = true                                      {product} {ergonomic}
     bool UseLargePagesIndividualAllocation        = false                                  {pd product} {ergonomic}

Logging:
Log output configuration:
 #0: stdout all=warning uptime,level,tags
 #1: stderr all=off uptime,level,tags

Environment Variables:
JAVA_HOME=C:\Program Files\Java\jdk-15.0.1
PATH=C:\Program Files\Common Files\Oracle\Java\javapath;C:\Windows\system32;C:\Windows;C:\Windows\System32\Wbem;C:\Windows\System32\WindowsPowerShell\v1.0\;C:\Windows\System32\OpenSSH\;D:\programs\apache-maven-3.6.3-bin\apache-maven-3.6.3\bin;C:\Program Files\Git\cmd;c:\bin;D:\programs\allure-2.13.9\allure-2.13.9\bin;C:\Users\MMohamed\AppData\Local\Android\Sdk\platform-tools;C:\Program Files\nodejs\node_modules\npm\bin;C:\Program Files\Appium;C:\Users\MMohamed\AppData\Local\Programs\Python\Python38\Scripts\;C:\Users\MMohamed\AppData\Local\Programs\Python\Python38\;C:\Users\MMohamed\AppData\Local\Microsoft\WindowsApps;C:\Program Files\JetBrains\IntelliJ IDEA Community Edition 2020.2.3\bin;;C:\Users\MMohamed\AppData\Local\GitHubDesktop\bin;
USERNAME=MMohamed
OS=Windows_NT
PROCESSOR_IDENTIFIER=Intel64 Family 6 Model 69 Stepping 1, GenuineIntel



---------------  S Y S T E M  ---------------

OS:
 Windows 10 , 64 bit Build 19041 (10.0.19041.928)
OS uptime: 5 days 9:45 hours

CPU: total 4 (initial active 4) (2 cores per cpu, 2 threads per core) family 6 model 69 stepping 1 microcode 0x26, cmov, cx8, fxsr, mmx, sse, sse2, sse3, ssse3, sse4.1, sse4.2, popcnt, vzeroupper, avx, avx2, aes, clmul, erms, lzcnt, ht, tsc, tscinvbit, bmi1, bmi2, fma, clflush

Memory: 4k page, system-wide physical 4001M (297M free)
TotalPageFile size 16289M (AvailPageFile size 47M)
current process WorkingSet (physical memory assigned to process): 367M, peak: 367M
current process commit charge ("private bytes"): 417M, peak: 460M

vm_info: Java HotSpot(TM) 64-Bit Server VM (15.0.2+7-27) for windows-amd64 JRE (15.0.2+7-27), built on Dec  7 2020 20:07:01 by "mach5one" with unknown MS VC++:1925

END.
