#
# There is insufficient memory for the Java Runtime Environment to continue.
# Native memory allocation (mmap) failed to map 13631488 bytes for G1 virtual space
# Possible reasons:
#   The system is out of physical RAM or swap space
#   The process is running with CompressedOops enabled, and the Java Heap may be blocking the growth of the native heap
# Possible solutions:
#   Reduce memory load on the system
#   Increase physical memory or swap space
#   Check if swap backing store is full
#   Decrease Java heap size (-Xmx/-Xms)
#   Decrease number of Java threads
#   Decrease Java thread stack sizes (-Xss)
#   Set larger code cache with -XX:ReservedCodeCacheSize=
#   JVM is running with Unscaled Compressed Oops mode in which the Java heap is
#     placed in the first 4GB address space. The Java Heap base address is the
#     maximum limit for the native heap growth. Please use -XX:HeapBaseMinAddress
#     to set the Java Heap base and to place the Java Heap above 4GB virtual address.
# This output file may be truncated or incomplete.
#
#  Out of Memory Error (./open/src/hotspot/os/windows/os_windows.cpp:3321), pid=19820, tid=22540
#
# JRE version: Java(TM) SE Runtime Environment (15.0.2+7) (build 15.0.2+7-27)
# Java VM: Java HotSpot(TM) 64-Bit Server VM (15.0.2+7-27, mixed mode, sharing, tiered, compressed oops, g1 gc, windows-amd64)
# No core dump will be written. Minidumps are not enabled by default on client versions of Windows
#

---------------  S U M M A R Y ------------

Command Line: -ea -Dtestng.dtd.http=true -javaagent:C:\Users\MMohamed\.m2\repository/org/aspectj/aspectjweaver/1.9.6/aspectjweaver-1.9.6.jar -Didea.test.cyclic.buffer.size=1048576 -javaagent:C:\Program Files\JetBrains\IntelliJ IDEA Community Edition 2020.2.3\lib\idea_rt.jar=58089:C:\Program Files\JetBrains\IntelliJ IDEA Community Edition 2020.2.3\bin -Dfile.encoding=UTF-8 com.intellij.rt.testng.RemoteTestNGStarter -usedefaultlisteners false -listener com.shaft.tools.listeners.AlterSuiteListener;com.shaft.tools.listeners.InvokedMethodListener;com.shaft.tools.listeners.SuiteListener -socket58088 @w@C:\Users\MMohamed\AppData\Local\Temp\idea_working_dirs_testng.tmp -temp C:\Users\MMohamed\AppData\Local\Temp\idea_testng.tmp

Host: Intel(R) Core(TM) i5-4300U CPU @ 1.90GHz, 4 cores, 3G,  Windows 10 , 64 bit Build 19041 (10.0.19041.928)
Time: Mon May  3 21:03:40 2021 Egypt Standard Time elapsed time: 51.357446 seconds (0d 0h 0m 51s)

---------------  T H R E A D  ---------------

Current thread (0x000001d1c8beb380):  VMThread "VM Thread" [stack: 0x0000001da9b00000,0x0000001da9c00000] [id=22540]

Stack: [0x0000001da9b00000,0x0000001da9c00000]
[error occurred during error reporting (printing stack bounds), id 0xc0000005, EXCEPTION_ACCESS_VIOLATION (0xc0000005) at pc=0x000001d1b51f10ad]

Native frames: (J=compiled Java code, j=interpreted, Vv=VM code, C=native code)
V  [jvm.dll+0x62ae9a]
V  [jvm.dll+0x7817a9]
V  [jvm.dll+0x782f03]
V  [jvm.dll+0x7834c5]
V  [jvm.dll+0x78347b]
V  [jvm.dll+0x62a2b9]
V  [jvm.dll+0x62aa88]
C  [ntdll.dll+0xa207f]

VM_Operation (0x0000001da97ff340): G1Concurrent, mode: safepoint, requested by thread 0x000001d1ad023b10


---------------  P R O C E S S  ---------------

Threads class SMR info:
_java_thread_list=0x000001d1cca0a4c0, length=22, elements={
0x000001d1acfea4b0, 0x000001d1c8bee7c0, 0x000001d1c8bf1590, 0x000001d1c8c06390,
0x000001d1c8c09c70, 0x000001d1c8c0a630, 0x000001d1c8c0d3e0, 0x000001d1c8c0de90,
0x000001d1c8c7d940, 0x000001d1ad085660, 0x000001d1cab0e140, 0x000001d1cc726fb0,
0x000001d1ca5fec10, 0x000001d1cca0ff70, 0x000001d1ca861aa0, 0x000001d1ca861f70,
0x000001d1ca862440, 0x000001d1ca860c30, 0x000001d1cd3bcff0, 0x000001d1cd3c4370,
0x000001d1cd3be800, 0x000001d1cd3bd990
}

Java Threads: ( => current thread )
  0x000001d1acfea4b0 JavaThread "main" [_thread_blocked, id=22928, stack(0x0000001da9500000,0x0000001da9600000)]
  0x000001d1c8bee7c0 JavaThread "Reference Handler" daemon [_thread_blocked, id=2788, stack(0x0000001da9c00000,0x0000001da9d00000)]
  0x000001d1c8bf1590 JavaThread "Finalizer" daemon [_thread_blocked, id=20568, stack(0x0000001da9d00000,0x0000001da9e00000)]
  0x000001d1c8c06390 JavaThread "Signal Dispatcher" daemon [_thread_blocked, id=19848, stack(0x0000001da9e00000,0x0000001da9f00000)]
  0x000001d1c8c09c70 JavaThread "Attach Listener" daemon [_thread_blocked, id=18556, stack(0x0000001da9f00000,0x0000001daa000000)]
  0x000001d1c8c0a630 JavaThread "Service Thread" daemon [_thread_blocked, id=18520, stack(0x0000001daa000000,0x0000001daa100000)]
  0x000001d1c8c0d3e0 JavaThread "C2 CompilerThread0" daemon [_thread_in_native, id=6500, stack(0x0000001daa100000,0x0000001daa200000)]
  0x000001d1c8c0de90 JavaThread "C1 CompilerThread0" daemon [_thread_blocked, id=4952, stack(0x0000001daa200000,0x0000001daa300000)]
  0x000001d1c8c7d940 JavaThread "Sweeper thread" daemon [_thread_blocked, id=19800, stack(0x0000001daa300000,0x0000001daa400000)]
  0x000001d1ad085660 JavaThread "Common-Cleaner" daemon [_thread_blocked, id=22212, stack(0x0000001daa400000,0x0000001daa500000)]
  0x000001d1cab0e140 JavaThread "Monitor Ctrl-Break" daemon [_thread_in_native, id=20872, stack(0x0000001daa700000,0x0000001daa800000)]
  0x000001d1cc726fb0 JavaThread "Notification Thread" daemon [_thread_blocked, id=21652, stack(0x0000001daa800000,0x0000001daa900000)]
  0x000001d1ca5fec10 JavaThread "ForkJoinPool.commonPool-worker-3" daemon [_thread_blocked, id=21632, stack(0x0000001daaa00000,0x0000001daab00000)]
  0x000001d1cca0ff70 JavaThread "ForkJoinPool.commonPool-worker-5" daemon [_thread_blocked, id=456, stack(0x0000001daab00000,0x0000001daac00000)]
  0x000001d1ca861aa0 JavaThread "Exec Default Executor" daemon [_thread_in_native, id=19316, stack(0x0000001daad00000,0x0000001daae00000)]
  0x000001d1ca861f70 JavaThread "UrlChecker-2" daemon [_thread_blocked, id=21756, stack(0x0000001daae00000,0x0000001daaf00000)]
  0x000001d1ca862440 JavaThread "Exec Stream Pumper" daemon [_thread_in_native, id=18796, stack(0x0000001daaf00000,0x0000001dab000000)]
  0x000001d1ca860c30 JavaThread "Exec Stream Pumper" daemon [_thread_in_native, id=21204, stack(0x0000001dab000000,0x0000001dab100000)]
  0x000001d1cd3bcff0 JavaThread "ForkJoinPool.commonPool-worker-7" daemon [_thread_blocked, id=20000, stack(0x0000001dab200000,0x0000001dab300000)]
  0x000001d1cd3c4370 JavaThread "OkHttp ConnectionPool" daemon [_thread_blocked, id=15824, stack(0x0000001dab300000,0x0000001dab400000)]
  0x000001d1cd3be800 JavaThread "Okio Watchdog" daemon [_thread_blocked, id=19020, stack(0x0000001dab400000,0x0000001dab500000)]
  0x000001d1cd3bd990 JavaThread "Java2D Disposer" daemon [_thread_blocked, id=18928, stack(0x0000001dab100000,0x0000001dab200000)]

Other Threads:
=>0x000001d1c8beb380 VMThread "VM Thread" [stack: 0x0000001da9b00000,0x0000001da9c00000] [id=22540]
  0x000001d1cb14ebe0 WatcherThread [stack: 0x0000001daa900000,0x0000001daaa00000] [id=2288]
  0x000001d1ad019d60 GCTaskThread "GC Thread#0" [stack: 0x0000001da9600000,0x0000001da9700000] [id=11868]
  0x000001d1c979bd40 GCTaskThread "GC Thread#1" [stack: 0x0000001daa600000,0x0000001daa700000] [id=15092]
  0x000001d1cc8f8090 GCTaskThread "GC Thread#2" [stack: 0x0000001daa500000,0x0000001daa600000] [id=6776]
  0x000001d1cc8f9080 GCTaskThread "GC Thread#3" [stack: 0x0000001dab500000,0x0000001dab600000] [id=21880]
  0x000001d1ad023b10 ConcurrentGCThread "G1 Main Marker" [stack: 0x0000001da9700000,0x0000001da9800000] [id=13316]
  0x000001d1ad024db0 ConcurrentGCThread "G1 Conc#0" [stack: 0x0000001da9800000,0x0000001da9900000] [id=5524]
  0x000001d1ad075d00 ConcurrentGCThread "G1 Refine#0" [stack: 0x0000001da9900000,0x0000001da9a00000] [id=23028]
  0x000001d1ad076810 ConcurrentGCThread "G1 Young RemSet Sampling" [stack: 0x0000001da9a00000,0x0000001da9b00000] [id=20072]

Threads with active compile tasks:
C2 CompilerThread0    51379 6127       4       java.net.URLStreamHandler::parseURL (1201 bytes)

VM state: at safepoint (normal execution)

VM Mutex/Monitor currently owned by a thread:  ([mutex/lock_event])
[0x000001d1acfe6f40] Threads_lock - owner thread: 0x000001d1c8beb380
[0x000001d1acfe59e0] Heap_lock - owner thread: 0x000001d1ad023b10

Heap address: 0x00000000c1600000, size: 1002 MB, Compressed Oops mode: 32-bit
CDS archive(s) mapped at: [0x0000000800000000-0x0000000800b50000-0x0000000800b50000), size 11862016, SharedBaseAddress: 0x0000000800000000, ArchiveRelocationMode: 0.
Compressed class space mapped at: 0x0000000800b50000-0x0000000840b50000, size: 1073741824
Narrow klass base: 0x0000000800000000, Narrow klass shift: 3, Narrow klass range: 0x100000000

GC Precious Log:
 CPUs: 4 total, 4 available
 Memory: 4001M
 Large Page Support: Disabled
 NUMA Support: Disabled
 Compressed Oops: Enabled (32-bit)
 Heap Region Size: 1M
 Heap Min Capacity: 8M
 Heap Initial Capacity: 64M
 Heap Max Capacity: 1002M
 Pre-touch: Disabled
 Parallel Workers: 4
 Concurrent Workers: 1
 Concurrent Refinement Workers: 4
 Periodic GC: Disabled

Heap:
 garbage-first heap   total 220160K, used 130624K [0x00000000c1600000, 0x0000000100000000)
  region size 1024K, 47 young (48128K), 1 survivors (1024K)
 Metaspace       used 42507K, capacity 42912K, committed 43056K, reserved 1087488K
  class space    used 4732K, capacity 4888K, committed 4992K, reserved 1048576K

Heap Regions: E=young(eden), S=young(survivor), O=old, HS=humongous(starts), HC=humongous(continues), CS=collection set, F=free, OA=open archive, CA=closed archive, TAMS=top-at-mark-start (previous, next)
|   0|0x00000000c1600000, 0x00000000c1700000, 0x00000000c1700000|100%|HS|  |TAMS 0x00000000c1700000, 0x00000000c1600000| Complete 
|   1|0x00000000c1700000, 0x00000000c1800000, 0x00000000c1800000|100%| O|  |TAMS 0x00000000c1800000, 0x00000000c1700000| Updating 
|   2|0x00000000c1800000, 0x00000000c1900000, 0x00000000c1900000|100%| O|  |TAMS 0x00000000c1900000, 0x00000000c1800000| Updating 
|   3|0x00000000c1900000, 0x00000000c1a00000, 0x00000000c1a00000|100%| O|  |TAMS 0x00000000c1a00000, 0x00000000c1900000| Updating 
|   4|0x00000000c1a00000, 0x00000000c1b00000, 0x00000000c1b00000|100%| O|  |TAMS 0x00000000c1b00000, 0x00000000c1a00000| Updating 
|   5|0x00000000c1b00000, 0x00000000c1c00000, 0x00000000c1c00000|100%| O|  |TAMS 0x00000000c1c00000, 0x00000000c1b00000| Updating 
|   6|0x00000000c1c00000, 0x00000000c1d00000, 0x00000000c1d00000|100%| O|  |TAMS 0x00000000c1d00000, 0x00000000c1c00000| Updating 
|   7|0x00000000c1d00000, 0x00000000c1e00000, 0x00000000c1e00000|100%| O|  |TAMS 0x00000000c1e00000, 0x00000000c1d00000| Updating 
|   8|0x00000000c1e00000, 0x00000000c1f00000, 0x00000000c1f00000|100%| O|  |TAMS 0x00000000c1f00000, 0x00000000c1e00000| Updating 
|   9|0x00000000c1f00000, 0x00000000c2000000, 0x00000000c2000000|100%| O|  |TAMS 0x00000000c2000000, 0x00000000c1f00000| Updating 
|  10|0x00000000c2000000, 0x00000000c2100000, 0x00000000c2100000|100%| O|  |TAMS 0x00000000c2100000, 0x00000000c2000000| Updating 
|  11|0x00000000c2100000, 0x00000000c2200000, 0x00000000c2200000|100%| O|  |TAMS 0x00000000c2200000, 0x00000000c2100000| Updating 
|  12|0x00000000c2200000, 0x00000000c2300000, 0x00000000c2300000|100%| O|  |TAMS 0x00000000c2300000, 0x00000000c2200000| Updating 
|  13|0x00000000c2300000, 0x00000000c2400000, 0x00000000c2400000|100%| O|  |TAMS 0x00000000c2400000, 0x00000000c2300000| Updating 
|  14|0x00000000c2400000, 0x00000000c2500000, 0x00000000c2500000|100%| O|  |TAMS 0x00000000c2500000, 0x00000000c2400000| Updating 
|  15|0x00000000c2500000, 0x00000000c2600000, 0x00000000c2600000|100%| O|  |TAMS 0x00000000c2600000, 0x00000000c2500000| Updating 
|  16|0x00000000c2600000, 0x00000000c2700000, 0x00000000c2700000|100%| O|  |TAMS 0x00000000c2700000, 0x00000000c2600000| Updating 
|  17|0x00000000c2700000, 0x00000000c2800000, 0x00000000c2800000|100%| O|  |TAMS 0x00000000c2800000, 0x00000000c2700000| Updating 
|  18|0x00000000c2800000, 0x00000000c2900000, 0x00000000c2900000|100%| O|  |TAMS 0x00000000c2900000, 0x00000000c2800000| Updating 
|  19|0x00000000c2900000, 0x00000000c2a00000, 0x00000000c2a00000|100%| O|  |TAMS 0x00000000c2a00000, 0x00000000c2900000| Updating 
|  20|0x00000000c2a00000, 0x00000000c2b00000, 0x00000000c2b00000|100%| O|  |TAMS 0x00000000c2b00000, 0x00000000c2a00000| Updating 
|  21|0x00000000c2b00000, 0x00000000c2c00000, 0x00000000c2c00000|100%| O|  |TAMS 0x00000000c2c00000, 0x00000000c2b00000| Updating 
|  22|0x00000000c2c00000, 0x00000000c2d00000, 0x00000000c2d00000|100%| O|  |TAMS 0x00000000c2d00000, 0x00000000c2c00000| Updating 
|  23|0x00000000c2d00000, 0x00000000c2e00000, 0x00000000c2e00000|100%| O|  |TAMS 0x00000000c2e00000, 0x00000000c2d00000| Updating 
|  24|0x00000000c2e00000, 0x00000000c2f00000, 0x00000000c2f00000|100%| O|  |TAMS 0x00000000c2f00000, 0x00000000c2e00000| Updating 
|  25|0x00000000c2f00000, 0x00000000c3000000, 0x00000000c3000000|100%| O|  |TAMS 0x00000000c3000000, 0x00000000c2f00000| Updating 
|  26|0x00000000c3000000, 0x00000000c3100000, 0x00000000c3100000|100%| O|  |TAMS 0x00000000c3100000, 0x00000000c3000000| Updating 
|  27|0x00000000c3100000, 0x00000000c3200000, 0x00000000c3200000|100%| O|  |TAMS 0x00000000c3200000, 0x00000000c3100000| Updating 
|  28|0x00000000c3200000, 0x00000000c3300000, 0x00000000c3300000|100%| O|  |TAMS 0x00000000c3300000, 0x00000000c3200000| Updating 
|  29|0x00000000c3300000, 0x00000000c3400000, 0x00000000c3400000|100%| O|  |TAMS 0x00000000c3400000, 0x00000000c3300000| Updating 
|  30|0x00000000c3400000, 0x00000000c3500000, 0x00000000c3500000|100%| O|  |TAMS 0x00000000c3500000, 0x00000000c3400000| Updating 
|  31|0x00000000c3500000, 0x00000000c3600000, 0x00000000c3600000|100%| O|  |TAMS 0x00000000c3600000, 0x00000000c3500000| Updating 
|  32|0x00000000c3600000, 0x00000000c3700000, 0x00000000c3700000|100%| O|  |TAMS 0x00000000c3700000, 0x00000000c3600000| Updating 
|  33|0x00000000c3700000, 0x00000000c3800000, 0x00000000c3800000|100%| O|  |TAMS 0x00000000c3800000, 0x00000000c3700000| Updating 
|  34|0x00000000c3800000, 0x00000000c3900000, 0x00000000c3900000|100%| O|  |TAMS 0x00000000c3900000, 0x00000000c3800000| Updating 
|  35|0x00000000c3900000, 0x00000000c3a00000, 0x00000000c3a00000|100%| O|  |TAMS 0x00000000c3a00000, 0x00000000c3900000| Updating 
|  36|0x00000000c3a00000, 0x00000000c3b00000, 0x00000000c3b00000|100%| O|  |TAMS 0x00000000c3b00000, 0x00000000c3a00000| Updating 
|  37|0x00000000c3b00000, 0x00000000c3c00000, 0x00000000c3c00000|100%| O|  |TAMS 0x00000000c3c00000, 0x00000000c3b00000| Updating 
|  38|0x00000000c3c00000, 0x00000000c3d00000, 0x00000000c3d00000|100%| O|  |TAMS 0x00000000c3d00000, 0x00000000c3c00000| Updating 
|  39|0x00000000c3d00000, 0x00000000c3e00000, 0x00000000c3e00000|100%| O|  |TAMS 0x00000000c3e00000, 0x00000000c3d00000| Updating 
|  40|0x00000000c3e00000, 0x00000000c3f00000, 0x00000000c3f00000|100%| O|  |TAMS 0x00000000c3f00000, 0x00000000c3e00000| Updating 
|  41|0x00000000c3f00000, 0x00000000c4000000, 0x00000000c4000000|100%| O|  |TAMS 0x00000000c4000000, 0x00000000c3f00000| Updating 
|  42|0x00000000c4000000, 0x00000000c4100000, 0x00000000c4100000|100%| O|  |TAMS 0x00000000c4100000, 0x00000000c4000000| Updating 
|  43|0x00000000c4100000, 0x00000000c4200000, 0x00000000c4200000|100%| O|  |TAMS 0x00000000c4200000, 0x00000000c4100000| Updating 
|  44|0x00000000c4200000, 0x00000000c4300000, 0x00000000c4300000|100%| O|  |TAMS 0x00000000c4300000, 0x00000000c4200000| Updating 
|  45|0x00000000c4300000, 0x00000000c4400000, 0x00000000c4400000|100%| O|  |TAMS 0x00000000c4400000, 0x00000000c4300000| Updating 
|  46|0x00000000c4400000, 0x00000000c4500000, 0x00000000c4500000|100%| O|  |TAMS 0x00000000c4500000, 0x00000000c4400000| Updating 
|  47|0x00000000c4500000, 0x00000000c4600000, 0x00000000c4600000|100%| O|  |TAMS 0x00000000c4600000, 0x00000000c4500000| Updating 
|  48|0x00000000c4600000, 0x00000000c4700000, 0x00000000c4700000|100%|HS|  |TAMS 0x00000000c4600000, 0x00000000c4600000| Complete 
|  49|0x00000000c4700000, 0x00000000c4800000, 0x00000000c4800000|100%| O|  |TAMS 0x00000000c4800000, 0x00000000c4700000| Updating 
|  50|0x00000000c4800000, 0x00000000c4900000, 0x00000000c4900000|100%| O|  |TAMS 0x00000000c4900000, 0x00000000c4800000| Updating 
|  51|0x00000000c4900000, 0x00000000c4a00000, 0x00000000c4a00000|100%| O|  |TAMS 0x00000000c4a00000, 0x00000000c4900000| Updating 
|  52|0x00000000c4a00000, 0x00000000c4b00000, 0x00000000c4b00000|100%| O|  |TAMS 0x00000000c4b00000, 0x00000000c4a00000| Updating 
|  53|0x00000000c4b00000, 0x00000000c4c00000, 0x00000000c4c00000|100%| O|  |TAMS 0x00000000c4c00000, 0x00000000c4b00000| Updating 
|  54|0x00000000c4c00000, 0x00000000c4d00000, 0x00000000c4d00000|100%| O|  |TAMS 0x00000000c4d00000, 0x00000000c4c00000| Updating 
|  55|0x00000000c4d00000, 0x00000000c4e00000, 0x00000000c4e00000|100%| O|  |TAMS 0x00000000c4e00000, 0x00000000c4d00000| Updating 
|  56|0x00000000c4e00000, 0x00000000c4f00000, 0x00000000c4f00000|100%| O|  |TAMS 0x00000000c4f00000, 0x00000000c4e00000| Updating 
|  57|0x00000000c4f00000, 0x00000000c5000000, 0x00000000c5000000|100%| O|  |TAMS 0x00000000c5000000, 0x00000000c4f00000| Updating 
|  58|0x00000000c5000000, 0x00000000c5100000, 0x00000000c5100000|100%| O|  |TAMS 0x00000000c5100000, 0x00000000c5000000| Updating 
|  59|0x00000000c5100000, 0x00000000c5200000, 0x00000000c5200000|100%| O|  |TAMS 0x00000000c5200000, 0x00000000c5100000| Updating 
|  60|0x00000000c5200000, 0x00000000c5300000, 0x00000000c5300000|100%| O|  |TAMS 0x00000000c5300000, 0x00000000c5200000| Updating 
|  61|0x00000000c5300000, 0x00000000c5400000, 0x00000000c5400000|100%| O|  |TAMS 0x00000000c5400000, 0x00000000c5300000| Updating 
|  62|0x00000000c5400000, 0x00000000c5500000, 0x00000000c5500000|100%| O|  |TAMS 0x00000000c5500000, 0x00000000c5400000| Updating 
|  63|0x00000000c5500000, 0x00000000c5600000, 0x00000000c5600000|100%|HS|  |TAMS 0x00000000c5500000, 0x00000000c5500000| Complete 
|  64|0x00000000c5600000, 0x00000000c5700000, 0x00000000c5700000|100%|HC|  |TAMS 0x00000000c5600000, 0x00000000c5600000| Complete 
|  65|0x00000000c5700000, 0x00000000c5800000, 0x00000000c5800000|100%|HC|  |TAMS 0x00000000c5700000, 0x00000000c5700000| Complete 
|  66|0x00000000c5800000, 0x00000000c5800000, 0x00000000c5900000|  0%| F|  |TAMS 0x00000000c5800000, 0x00000000c5800000| Untracked 
|  67|0x00000000c5900000, 0x00000000c5a00000, 0x00000000c5a00000|100%|HS|  |TAMS 0x00000000c5a00000, 0x00000000c5900000| Complete 
|  68|0x00000000c5a00000, 0x00000000c5b00000, 0x00000000c5b00000|100%|HC|  |TAMS 0x00000000c5b00000, 0x00000000c5a00000| Complete 
|  69|0x00000000c5b00000, 0x00000000c5c00000, 0x00000000c5c00000|100%|HC|  |TAMS 0x00000000c5c00000, 0x00000000c5b00000| Complete 
|  70|0x00000000c5c00000, 0x00000000c5d00000, 0x00000000c5d00000|100%|HC|  |TAMS 0x00000000c5d00000, 0x00000000c5c00000| Complete 
|  71|0x00000000c5d00000, 0x00000000c5e00000, 0x00000000c5e00000|100%|HS|  |TAMS 0x00000000c5d00000, 0x00000000c5d00000| Complete 
|  72|0x00000000c5e00000, 0x00000000c5f00000, 0x00000000c5f00000|100%|HC|  |TAMS 0x00000000c5e00000, 0x00000000c5e00000| Complete 
|  73|0x00000000c5f00000, 0x00000000c6000000, 0x00000000c6000000|100%|HC|  |TAMS 0x00000000c5f00000, 0x00000000c5f00000| Complete 
|  74|0x00000000c6000000, 0x00000000c6000000, 0x00000000c6100000|  0%| F|  |TAMS 0x00000000c6000000, 0x00000000c6000000| Untracked 
|  75|0x00000000c6100000, 0x00000000c6100000, 0x00000000c6200000|  0%| F|  |TAMS 0x00000000c6100000, 0x00000000c6100000| Untracked 
|  76|0x00000000c6200000, 0x00000000c6200000, 0x00000000c6300000|  0%| F|  |TAMS 0x00000000c6200000, 0x00000000c6200000| Untracked 
|  77|0x00000000c6300000, 0x00000000c6300000, 0x00000000c6400000|  0%| F|  |TAMS 0x00000000c6300000, 0x00000000c6300000| Untracked 
|  78|0x00000000c6400000, 0x00000000c6400000, 0x00000000c6500000|  0%| F|  |TAMS 0x00000000c6400000, 0x00000000c6400000| Untracked 
|  79|0x00000000c6500000, 0x00000000c6600000, 0x00000000c6600000|100%|HS|  |TAMS 0x00000000c6600000, 0x00000000c6500000| Complete 
|  80|0x00000000c6600000, 0x00000000c6700000, 0x00000000c6700000|100%|HC|  |TAMS 0x00000000c6700000, 0x00000000c6600000| Complete 
|  81|0x00000000c6700000, 0x00000000c6800000, 0x00000000c6800000|100%|HC|  |TAMS 0x00000000c6800000, 0x00000000c6700000| Complete 
|  82|0x00000000c6800000, 0x00000000c6800000, 0x00000000c6900000|  0%| F|  |TAMS 0x00000000c6800000, 0x00000000c6800000| Untracked 
|  83|0x00000000c6900000, 0x00000000c6a00000, 0x00000000c6a00000|100%| O|  |TAMS 0x00000000c6a00000, 0x00000000c6900000| Updating 
|  84|0x00000000c6a00000, 0x00000000c6a00000, 0x00000000c6b00000|  0%| F|  |TAMS 0x00000000c6a00000, 0x00000000c6a00000| Untracked 
|  85|0x00000000c6b00000, 0x00000000c6b00000, 0x00000000c6c00000|  0%| F|  |TAMS 0x00000000c6b00000, 0x00000000c6b00000| Untracked 
|  86|0x00000000c6c00000, 0x00000000c6c00000, 0x00000000c6d00000|  0%| F|  |TAMS 0x00000000c6c00000, 0x00000000c6c00000| Untracked 
|  87|0x00000000c6d00000, 0x00000000c6e00000, 0x00000000c6e00000|100%|HS|  |TAMS 0x00000000c6e00000, 0x00000000c6d00000| Complete 
|  88|0x00000000c6e00000, 0x00000000c6f00000, 0x00000000c6f00000|100%|HC|  |TAMS 0x00000000c6f00000, 0x00000000c6e00000| Complete 
|  89|0x00000000c6f00000, 0x00000000c7000000, 0x00000000c7000000|100%|HC|  |TAMS 0x00000000c7000000, 0x00000000c6f00000| Complete 
|  90|0x00000000c7000000, 0x00000000c7100000, 0x00000000c7100000|100%|HC|  |TAMS 0x00000000c7100000, 0x00000000c7000000| Complete 
|  91|0x00000000c7100000, 0x00000000c71c3600, 0x00000000c7200000| 76%| O|  |TAMS 0x00000000c7170600, 0x00000000c7100000| Updating 
|  92|0x00000000c7200000, 0x00000000c7200000, 0x00000000c7300000|  0%| F|  |TAMS 0x00000000c7200000, 0x00000000c7200000| Untracked 
|  93|0x00000000c7300000, 0x00000000c7300000, 0x00000000c7400000|  0%| F|  |TAMS 0x00000000c7300000, 0x00000000c7300000| Untracked 
|  94|0x00000000c7400000, 0x00000000c7400000, 0x00000000c7500000|  0%| F|  |TAMS 0x00000000c7400000, 0x00000000c7400000| Untracked 
|  95|0x00000000c7500000, 0x00000000c7500000, 0x00000000c7600000|  0%| F|  |TAMS 0x00000000c7500000, 0x00000000c7500000| Untracked 
|  96|0x00000000c7600000, 0x00000000c7600000, 0x00000000c7700000|  0%| F|  |TAMS 0x00000000c7600000, 0x00000000c7600000| Untracked 
|  97|0x00000000c7700000, 0x00000000c7700000, 0x00000000c7800000|  0%| F|  |TAMS 0x00000000c7700000, 0x00000000c7700000| Untracked 
|  98|0x00000000c7800000, 0x00000000c7800000, 0x00000000c7900000|  0%| F|  |TAMS 0x00000000c7800000, 0x00000000c7800000| Untracked 
|  99|0x00000000c7900000, 0x00000000c7900000, 0x00000000c7a00000|  0%| F|  |TAMS 0x00000000c7900000, 0x00000000c7900000| Untracked 
| 100|0x00000000c7a00000, 0x00000000c7a00000, 0x00000000c7b00000|  0%| F|  |TAMS 0x00000000c7a00000, 0x00000000c7a00000| Untracked 
| 101|0x00000000c7b00000, 0x00000000c7b00000, 0x00000000c7c00000|  0%| F|  |TAMS 0x00000000c7b00000, 0x00000000c7b00000| Untracked 
| 102|0x00000000c7c00000, 0x00000000c7c00000, 0x00000000c7d00000|  0%| F|  |TAMS 0x00000000c7c00000, 0x00000000c7c00000| Untracked 
| 103|0x00000000c7d00000, 0x00000000c7d00000, 0x00000000c7e00000|  0%| F|  |TAMS 0x00000000c7d00000, 0x00000000c7d00000| Untracked 
| 104|0x00000000c7e00000, 0x00000000c7e00000, 0x00000000c7f00000|  0%| F|  |TAMS 0x00000000c7e00000, 0x00000000c7e00000| Untracked 
| 105|0x00000000c7f00000, 0x00000000c7f00000, 0x00000000c8000000|  0%| F|  |TAMS 0x00000000c7f00000, 0x00000000c7f00000| Untracked 
| 106|0x00000000c8000000, 0x00000000c8000000, 0x00000000c8100000|  0%| F|  |TAMS 0x00000000c8000000, 0x00000000c8000000| Untracked 
| 107|0x00000000c8100000, 0x00000000c8100000, 0x00000000c8200000|  0%| F|  |TAMS 0x00000000c8100000, 0x00000000c8100000| Untracked 
| 108|0x00000000c8200000, 0x00000000c8200000, 0x00000000c8300000|  0%| F|  |TAMS 0x00000000c8200000, 0x00000000c8200000| Untracked 
| 109|0x00000000c8300000, 0x00000000c8300000, 0x00000000c8400000|  0%| F|  |TAMS 0x00000000c8300000, 0x00000000c8300000| Untracked 
| 110|0x00000000c8400000, 0x00000000c8400000, 0x00000000c8500000|  0%| F|  |TAMS 0x00000000c8400000, 0x00000000c8400000| Untracked 
| 111|0x00000000c8500000, 0x00000000c8500000, 0x00000000c8600000|  0%| F|  |TAMS 0x00000000c8500000, 0x00000000c8500000| Untracked 
| 112|0x00000000c8600000, 0x00000000c8600000, 0x00000000c8700000|  0%| F|  |TAMS 0x00000000c8600000, 0x00000000c8600000| Untracked 
| 113|0x00000000c8700000, 0x00000000c8700000, 0x00000000c8800000|  0%| F|  |TAMS 0x00000000c8700000, 0x00000000c8700000| Untracked 
| 114|0x00000000c8800000, 0x00000000c8800000, 0x00000000c8900000|  0%| F|  |TAMS 0x00000000c8800000, 0x00000000c8800000| Untracked 
| 115|0x00000000c8900000, 0x00000000c8900000, 0x00000000c8a00000|  0%| F|  |TAMS 0x00000000c8900000, 0x00000000c8900000| Untracked 
| 116|0x00000000c8a00000, 0x00000000c8a00000, 0x00000000c8b00000|  0%| F|  |TAMS 0x00000000c8a00000, 0x00000000c8a00000| Untracked 
| 117|0x00000000c8b00000, 0x00000000c8b00000, 0x00000000c8c00000|  0%| F|  |TAMS 0x00000000c8b00000, 0x00000000c8b00000| Untracked 
| 118|0x00000000c8c00000, 0x00000000c8c00000, 0x00000000c8d00000|  0%| F|  |TAMS 0x00000000c8c00000, 0x00000000c8c00000| Untracked 
| 119|0x00000000c8d00000, 0x00000000c8d00000, 0x00000000c8e00000|  0%| F|  |TAMS 0x00000000c8d00000, 0x00000000c8d00000| Untracked 
| 120|0x00000000c8e00000, 0x00000000c8e00000, 0x00000000c8f00000|  0%| F|  |TAMS 0x00000000c8e00000, 0x00000000c8e00000| Untracked 
| 121|0x00000000c8f00000, 0x00000000c8f00000, 0x00000000c9000000|  0%| F|  |TAMS 0x00000000c8f00000, 0x00000000c8f00000| Untracked 
| 122|0x00000000c9000000, 0x00000000c9000000, 0x00000000c9100000|  0%| F|  |TAMS 0x00000000c9000000, 0x00000000c9000000| Untracked 
| 123|0x00000000c9100000, 0x00000000c9100000, 0x00000000c9200000|  0%| F|  |TAMS 0x00000000c9100000, 0x00000000c9100000| Untracked 
| 124|0x00000000c9200000, 0x00000000c9200000, 0x00000000c9300000|  0%| F|  |TAMS 0x00000000c9200000, 0x00000000c9200000| Untracked 
| 125|0x00000000c9300000, 0x00000000c9300000, 0x00000000c9400000|  0%| F|  |TAMS 0x00000000c9300000, 0x00000000c9300000| Untracked 
| 126|0x00000000c9400000, 0x00000000c9400000, 0x00000000c9500000|  0%| F|  |TAMS 0x00000000c9400000, 0x00000000c9400000| Untracked 
| 127|0x00000000c9500000, 0x00000000c9500000, 0x00000000c9600000|  0%| F|  |TAMS 0x00000000c9500000, 0x00000000c9500000| Untracked 
| 128|0x00000000c9600000, 0x00000000c9600000, 0x00000000c9700000|  0%| F|  |TAMS 0x00000000c9600000, 0x00000000c9600000| Untracked 
| 129|0x00000000c9700000, 0x00000000c9700000, 0x00000000c9800000|  0%| F|  |TAMS 0x00000000c9700000, 0x00000000c9700000| Untracked 
| 130|0x00000000c9800000, 0x00000000c9800000, 0x00000000c9900000|  0%| F|  |TAMS 0x00000000c9800000, 0x00000000c9800000| Untracked 
| 131|0x00000000c9900000, 0x00000000c9900000, 0x00000000c9a00000|  0%| F|  |TAMS 0x00000000c9900000, 0x00000000c9900000| Untracked 
| 132|0x00000000c9a00000, 0x00000000c9a00000, 0x00000000c9b00000|  0%| F|  |TAMS 0x00000000c9a00000, 0x00000000c9a00000| Untracked 
| 133|0x00000000c9b00000, 0x00000000c9b00000, 0x00000000c9c00000|  0%| F|  |TAMS 0x00000000c9b00000, 0x00000000c9b00000| Untracked 
| 134|0x00000000c9c00000, 0x00000000c9c00000, 0x00000000c9d00000|  0%| F|  |TAMS 0x00000000c9c00000, 0x00000000c9c00000| Untracked 
| 135|0x00000000c9d00000, 0x00000000c9d00000, 0x00000000c9e00000|  0%| F|  |TAMS 0x00000000c9d00000, 0x00000000c9d00000| Untracked 
| 136|0x00000000c9e00000, 0x00000000c9e00000, 0x00000000c9f00000|  0%| F|  |TAMS 0x00000000c9e00000, 0x00000000c9e00000| Untracked 
| 137|0x00000000c9f00000, 0x00000000c9f00000, 0x00000000ca000000|  0%| F|  |TAMS 0x00000000c9f00000, 0x00000000c9f00000| Untracked 
| 138|0x00000000ca000000, 0x00000000ca000000, 0x00000000ca100000|  0%| F|  |TAMS 0x00000000ca000000, 0x00000000ca000000| Untracked 
| 139|0x00000000ca100000, 0x00000000ca100000, 0x00000000ca200000|  0%| F|  |TAMS 0x00000000ca100000, 0x00000000ca100000| Untracked 
| 140|0x00000000ca200000, 0x00000000ca200000, 0x00000000ca300000|  0%| F|  |TAMS 0x00000000ca200000, 0x00000000ca200000| Untracked 
| 141|0x00000000ca300000, 0x00000000ca300000, 0x00000000ca400000|  0%| F|  |TAMS 0x00000000ca300000, 0x00000000ca300000| Untracked 
| 142|0x00000000ca400000, 0x00000000ca400000, 0x00000000ca500000|  0%| F|  |TAMS 0x00000000ca400000, 0x00000000ca400000| Untracked 
| 143|0x00000000ca500000, 0x00000000ca500000, 0x00000000ca600000|  0%| F|  |TAMS 0x00000000ca500000, 0x00000000ca500000| Untracked 
| 144|0x00000000ca600000, 0x00000000ca6ccc70, 0x00000000ca700000| 79%| S|CS|TAMS 0x00000000ca600000, 0x00000000ca600000| Complete 
| 145|0x00000000ca700000, 0x00000000ca700000, 0x00000000ca800000|  0%| F|  |TAMS 0x00000000ca700000, 0x00000000ca700000| Untracked 
| 146|0x00000000ca800000, 0x00000000ca800000, 0x00000000ca900000|  0%| F|  |TAMS 0x00000000ca800000, 0x00000000ca800000| Untracked 
| 147|0x00000000ca900000, 0x00000000ca900000, 0x00000000caa00000|  0%| F|  |TAMS 0x00000000ca900000, 0x00000000ca900000| Untracked 
| 148|0x00000000caa00000, 0x00000000caa00000, 0x00000000cab00000|  0%| F|  |TAMS 0x00000000caa00000, 0x00000000caa00000| Untracked 
| 149|0x00000000cab00000, 0x00000000cab00000, 0x00000000cac00000|  0%| F|  |TAMS 0x00000000cab00000, 0x00000000cab00000| Untracked 
| 150|0x00000000cac00000, 0x00000000cac00000, 0x00000000cad00000|  0%| F|  |TAMS 0x00000000cac00000, 0x00000000cac00000| Untracked 
| 151|0x00000000cad00000, 0x00000000cad00000, 0x00000000cae00000|  0%| F|  |TAMS 0x00000000cad00000, 0x00000000cad00000| Untracked 
| 152|0x00000000cae00000, 0x00000000cae00000, 0x00000000caf00000|  0%| F|  |TAMS 0x00000000cae00000, 0x00000000cae00000| Untracked 
| 153|0x00000000caf00000, 0x00000000caf00000, 0x00000000cb000000|  0%| F|  |TAMS 0x00000000caf00000, 0x00000000caf00000| Untracked 
| 154|0x00000000cb000000, 0x00000000cb000000, 0x00000000cb100000|  0%| F|  |TAMS 0x00000000cb000000, 0x00000000cb000000| Untracked 
| 155|0x00000000cb100000, 0x00000000cb100000, 0x00000000cb200000|  0%| F|  |TAMS 0x00000000cb100000, 0x00000000cb100000| Untracked 
| 156|0x00000000cb200000, 0x00000000cb300000, 0x00000000cb300000|100%| E|  |TAMS 0x00000000cb200000, 0x00000000cb200000| Complete 
| 157|0x00000000cb300000, 0x00000000cb400000, 0x00000000cb400000|100%| E|CS|TAMS 0x00000000cb300000, 0x00000000cb300000| Complete 
| 158|0x00000000cb400000, 0x00000000cb500000, 0x00000000cb500000|100%| E|CS|TAMS 0x00000000cb400000, 0x00000000cb400000| Complete 
| 159|0x00000000cb500000, 0x00000000cb600000, 0x00000000cb600000|100%| E|CS|TAMS 0x00000000cb500000, 0x00000000cb500000| Complete 
| 160|0x00000000cb600000, 0x00000000cb700000, 0x00000000cb700000|100%| E|CS|TAMS 0x00000000cb600000, 0x00000000cb600000| Complete 
| 161|0x00000000cb700000, 0x00000000cb800000, 0x00000000cb800000|100%| E|CS|TAMS 0x00000000cb700000, 0x00000000cb700000| Complete 
| 162|0x00000000cb800000, 0x00000000cb900000, 0x00000000cb900000|100%| E|CS|TAMS 0x00000000cb800000, 0x00000000cb800000| Complete 
| 163|0x00000000cb900000, 0x00000000cba00000, 0x00000000cba00000|100%| E|CS|TAMS 0x00000000cb900000, 0x00000000cb900000| Complete 
| 164|0x00000000cba00000, 0x00000000cbb00000, 0x00000000cbb00000|100%| E|CS|TAMS 0x00000000cba00000, 0x00000000cba00000| Complete 
| 165|0x00000000cbb00000, 0x00000000cbc00000, 0x00000000cbc00000|100%| E|CS|TAMS 0x00000000cbb00000, 0x00000000cbb00000| Complete 
| 166|0x00000000cbc00000, 0x00000000cbd00000, 0x00000000cbd00000|100%| E|CS|TAMS 0x00000000cbc00000, 0x00000000cbc00000| Complete 
| 167|0x00000000cbd00000, 0x00000000cbe00000, 0x00000000cbe00000|100%| E|CS|TAMS 0x00000000cbd00000, 0x00000000cbd00000| Complete 
| 168|0x00000000cbe00000, 0x00000000cbf00000, 0x00000000cbf00000|100%| E|CS|TAMS 0x00000000cbe00000, 0x00000000cbe00000| Complete 
| 169|0x00000000cbf00000, 0x00000000cc000000, 0x00000000cc000000|100%| E|CS|TAMS 0x00000000cbf00000, 0x00000000cbf00000| Complete 
| 170|0x00000000cc000000, 0x00000000cc100000, 0x00000000cc100000|100%| E|CS|TAMS 0x00000000cc000000, 0x00000000cc000000| Complete 
| 171|0x00000000cc100000, 0x00000000cc200000, 0x00000000cc200000|100%| E|CS|TAMS 0x00000000cc100000, 0x00000000cc100000| Complete 
| 172|0x00000000cc200000, 0x00000000cc300000, 0x00000000cc300000|100%| E|CS|TAMS 0x00000000cc200000, 0x00000000cc200000| Complete 
| 173|0x00000000cc300000, 0x00000000cc400000, 0x00000000cc400000|100%| E|CS|TAMS 0x00000000cc300000, 0x00000000cc300000| Complete 
| 174|0x00000000cc400000, 0x00000000cc500000, 0x00000000cc500000|100%| E|CS|TAMS 0x00000000cc400000, 0x00000000cc400000| Complete 
| 175|0x00000000cc500000, 0x00000000cc600000, 0x00000000cc600000|100%| E|CS|TAMS 0x00000000cc500000, 0x00000000cc500000| Complete 
| 176|0x00000000cc600000, 0x00000000cc700000, 0x00000000cc700000|100%| E|CS|TAMS 0x00000000cc600000, 0x00000000cc600000| Complete 
| 177|0x00000000cc700000, 0x00000000cc800000, 0x00000000cc800000|100%| E|CS|TAMS 0x00000000cc700000, 0x00000000cc700000| Complete 
| 178|0x00000000cc800000, 0x00000000cc900000, 0x00000000cc900000|100%| E|CS|TAMS 0x00000000cc800000, 0x00000000cc800000| Complete 
| 179|0x00000000cc900000, 0x00000000cca00000, 0x00000000cca00000|100%| E|CS|TAMS 0x00000000cc900000, 0x00000000cc900000| Complete 
| 180|0x00000000cca00000, 0x00000000ccb00000, 0x00000000ccb00000|100%| E|CS|TAMS 0x00000000cca00000, 0x00000000cca00000| Complete 
| 181|0x00000000ccb00000, 0x00000000ccc00000, 0x00000000ccc00000|100%| E|CS|TAMS 0x00000000ccb00000, 0x00000000ccb00000| Complete 
| 182|0x00000000ccc00000, 0x00000000ccd00000, 0x00000000ccd00000|100%| E|CS|TAMS 0x00000000ccc00000, 0x00000000ccc00000| Complete 
| 183|0x00000000ccd00000, 0x00000000cce00000, 0x00000000cce00000|100%| E|CS|TAMS 0x00000000ccd00000, 0x00000000ccd00000| Complete 
| 184|0x00000000cce00000, 0x00000000ccf00000, 0x00000000ccf00000|100%| E|CS|TAMS 0x00000000cce00000, 0x00000000cce00000| Complete 
| 185|0x00000000ccf00000, 0x00000000cd000000, 0x00000000cd000000|100%| E|CS|TAMS 0x00000000ccf00000, 0x00000000ccf00000| Complete 
| 186|0x00000000cd000000, 0x00000000cd100000, 0x00000000cd100000|100%| E|CS|TAMS 0x00000000cd000000, 0x00000000cd000000| Complete 
| 187|0x00000000cd100000, 0x00000000cd200000, 0x00000000cd200000|100%| E|CS|TAMS 0x00000000cd100000, 0x00000000cd100000| Complete 
| 188|0x00000000cd200000, 0x00000000cd300000, 0x00000000cd300000|100%| E|CS|TAMS 0x00000000cd200000, 0x00000000cd200000| Complete 
| 189|0x00000000cd300000, 0x00000000cd400000, 0x00000000cd400000|100%| E|CS|TAMS 0x00000000cd300000, 0x00000000cd300000| Complete 
| 190|0x00000000cd400000, 0x00000000cd500000, 0x00000000cd500000|100%| E|CS|TAMS 0x00000000cd400000, 0x00000000cd400000| Complete 
| 191|0x00000000cd500000, 0x00000000cd600000, 0x00000000cd600000|100%| E|CS|TAMS 0x00000000cd500000, 0x00000000cd500000| Complete 
| 192|0x00000000cd600000, 0x00000000cd700000, 0x00000000cd700000|100%| E|CS|TAMS 0x00000000cd600000, 0x00000000cd600000| Complete 
| 193|0x00000000cd700000, 0x00000000cd800000, 0x00000000cd800000|100%| E|CS|TAMS 0x00000000cd700000, 0x00000000cd700000| Complete 
| 194|0x00000000cd800000, 0x00000000cd900000, 0x00000000cd900000|100%| E|CS|TAMS 0x00000000cd800000, 0x00000000cd800000| Complete 
| 195|0x00000000cd900000, 0x00000000cda00000, 0x00000000cda00000|100%| E|CS|TAMS 0x00000000cd900000, 0x00000000cd900000| Complete 
| 196|0x00000000cda00000, 0x00000000cdb00000, 0x00000000cdb00000|100%| E|CS|TAMS 0x00000000cda00000, 0x00000000cda00000| Complete 
| 197|0x00000000cdb00000, 0x00000000cdc00000, 0x00000000cdc00000|100%| E|CS|TAMS 0x00000000cdb00000, 0x00000000cdb00000| Complete 
| 198|0x00000000cdc00000, 0x00000000cdd00000, 0x00000000cdd00000|100%| E|CS|TAMS 0x00000000cdc00000, 0x00000000cdc00000| Complete 
| 199|0x00000000cdd00000, 0x00000000cde00000, 0x00000000cde00000|100%| E|CS|TAMS 0x00000000cdd00000, 0x00000000cdd00000| Complete 
| 200|0x00000000cde00000, 0x00000000cdf00000, 0x00000000cdf00000|100%| E|CS|TAMS 0x00000000cde00000, 0x00000000cde00000| Complete 
| 201|0x00000000cdf00000, 0x00000000ce000000, 0x00000000ce000000|100%| E|CS|TAMS 0x00000000cdf00000, 0x00000000cdf00000| Complete 

Card table byte_map: [0x000001d1c43f0000,0x000001d1c45f0000] _byte_map_base: 0x000001d1c3de5000

Marking Bits (Prev, Next): (CMBitMap*) 0x000001d1ad01b4b0, (CMBitMap*) 0x000001d1ad01b470
 Prev Bits: [0x000001d1c57a0000, 0x000001d1c6748000)
 Next Bits: [0x000001d1c47f0000, 0x000001d1c5798000)

Polling page: 0x000001d1aae60000

Metaspace:

Usage:
  Non-class:     37.13 MB capacity,    36.89 MB (>99%) used,   188.10 KB ( <1%) free+waste,    60.88 KB ( <1%) overhead. 
      Class:      4.77 MB capacity,     4.62 MB ( 97%) used,   133.98 KB (  3%) free+waste,    21.19 KB ( <1%) overhead. 
       Both:     41.91 MB capacity,    41.51 MB (>99%) used,   322.09 KB ( <1%) free+waste,    82.06 KB ( <1%) overhead. 

Virtual space:
  Non-class space:       38.00 MB reserved,      37.17 MB ( 98%) committed 
      Class space:        1.00 GB reserved,       4.88 MB ( <1%) committed 
             Both:        1.04 GB reserved,      42.05 MB (  4%) committed 

Chunk freelists:
   Non-Class:  40.00 KB
       Class:  8.00 KB
        Both:  48.00 KB

MaxMetaspaceSize: 17179869184.00 GB
CompressedClassSpaceSize: 1.00 GB

CodeHeap 'non-profiled nmethods': size=120000Kb used=3740Kb max_used=3740Kb free=116259Kb
 bounds [0x000001d1bccc0000, 0x000001d1bd070000, 0x000001d1c41f0000]
CodeHeap 'profiled nmethods': size=120000Kb used=10781Kb max_used=10781Kb free=109218Kb
 bounds [0x000001d1b5790000, 0x000001d1b6220000, 0x000001d1bccc0000]
CodeHeap 'non-nmethods': size=5760Kb used=1380Kb max_used=1424Kb free=4380Kb
 bounds [0x000001d1b51f0000, 0x000001d1b5460000, 0x000001d1b5790000]
 total_blobs=6079 nmethods=5385 adapters=606
 compilation: enabled
              stopped_count=0, restarted_count=0
 full_count=0

Compilation events (20 events):
Event: 50.931 Thread 0x000001d1c8c0de90 6118       1       org.openqa.selenium.remote.RemoteWebDriver::getSessionId (5 bytes)
Event: 50.931 Thread 0x000001d1c8c0de90 nmethod 6118 0x000001d1bd065610 code [0x000001d1bd0657a0, 0x000001d1bd065858]
Event: 50.933 Thread 0x000001d1c8c0d3e0 nmethod 6116 0x000001d1bd065910 code [0x000001d1bd065aa0, 0x000001d1bd065bc8]
Event: 50.933 Thread 0x000001d1c8c0d3e0 6119       4       java.util.ArrayList$ArrayListSpliterator::forEachRemaining (127 bytes)
Event: 50.941 Thread 0x000001d1c8c0d3e0 nmethod 6119 0x000001d1bd065d90 code [0x000001d1bd065f40, 0x000001d1bd066398]
Event: 50.954 Thread 0x000001d1c8c0de90 6120       3       jdk.internal.misc.Unsafe::checkOffset (32 bytes)
Event: 50.954 Thread 0x000001d1c8c0de90 nmethod 6120 0x000001d1b6214c10 code [0x000001d1b6214dc0, 0x000001d1b6215048]
Event: 50.999 Thread 0x000001d1c8c0de90 6121       3       java.lang.Long::toString (55 bytes)
Event: 50.999 Thread 0x000001d1c8c0de90 nmethod 6121 0x000001d1b6215190 code [0x000001d1b6215360, 0x000001d1b62156f8]
Event: 51.013 Thread 0x000001d1c8c0d3e0 6122       4       com.google.common.collect.RegularImmutableMap::checkNoConflictInKeyBucket (42 bytes)
Event: 51.015 Thread 0x000001d1c8c0d3e0 nmethod 6122 0x000001d1bd066810 code [0x000001d1bd0669a0, 0x000001d1bd066a78]
Event: 51.035 Thread 0x000001d1c8c0d3e0 6123       4       java.util.Spliterators$ArraySpliterator::tryAdvance (58 bytes)
Event: 51.038 Thread 0x000001d1c8c0d3e0 nmethod 6123 0x000001d1bd066b90 code [0x000001d1bd066d20, 0x000001d1bd066eb8]
Event: 51.157 Thread 0x000001d1c8c0de90 6124       3       javax.imageio.spi.PartialOrderIterator::next (93 bytes)
Event: 51.158 Thread 0x000001d1c8c0de90 nmethod 6124 0x000001d1b6215890 code [0x000001d1b6215b40, 0x000001d1b6216bd8]
Event: 51.158 Thread 0x000001d1c8c0de90 6125       3       javax.imageio.spi.DigraphNode::getOutNodes (10 bytes)
Event: 51.158 Thread 0x000001d1c8c0de90 nmethod 6125 0x000001d1b6217110 code [0x000001d1b62172c0, 0x000001d1b6217488]
Event: 51.203 Thread 0x000001d1c8c0de90 6126       1       sun.java2d.SurfaceData::getSurfaceType (5 bytes)
Event: 51.203 Thread 0x000001d1c8c0de90 nmethod 6126 0x000001d1bd067090 code [0x000001d1bd067220, 0x000001d1bd0672d8]
Event: 51.205 Thread 0x000001d1c8c0d3e0 6127       4       java.net.URLStreamHandler::parseURL (1201 bytes)

GC Heap History (20 events):
Event: 41.054 GC heap before
{Heap before GC invocations=38 (full 0):
 garbage-first heap   total 194560K, used 125478K [0x00000000c1600000, 0x0000000100000000)
  region size 1024K, 41 young (41984K), 3 survivors (3072K)
 Metaspace       used 41914K, capacity 42271K, committed 42544K, reserved 1087488K
  class space    used 4728K, capacity 4888K, committed 4992K, reserved 1048576K
}
Event: 41.058 GC heap after
{Heap after GC invocations=39 (full 0):
 garbage-first heap   total 194560K, used 73176K [0x00000000c1600000, 0x0000000100000000)
  region size 1024K, 3 young (3072K), 3 survivors (3072K)
 Metaspace       used 41914K, capacity 42271K, committed 42544K, reserved 1087488K
  class space    used 4728K, capacity 4888K, committed 4992K, reserved 1048576K
}
Event: 41.476 GC heap before
{Heap before GC invocations=40 (full 0):
 garbage-first heap   total 194560K, used 143832K [0x00000000c1600000, 0x0000000100000000)
  region size 1024K, 59 young (60416K), 3 survivors (3072K)
 Metaspace       used 41926K, capacity 42335K, committed 42544K, reserved 1087488K
  class space    used 4728K, capacity 4888K, committed 4992K, reserved 1048576K
}
Event: 41.480 GC heap after
{Heap after GC invocations=41 (full 0):
 garbage-first heap   total 194560K, used 80348K [0x00000000c1600000, 0x0000000100000000)
  region size 1024K, 3 young (3072K), 3 survivors (3072K)
 Metaspace       used 41926K, capacity 42335K, committed 42544K, reserved 1087488K
  class space    used 4728K, capacity 4888K, committed 4992K, reserved 1048576K
}
Event: 42.123 GC heap before
{Heap before GC invocations=42 (full 0):
 garbage-first heap   total 203776K, used 148956K [0x00000000c1600000, 0x0000000100000000)
  region size 1024K, 60 young (61440K), 3 survivors (3072K)
 Metaspace       used 41973K, capacity 42399K, committed 42544K, reserved 1087488K
  class space    used 4729K, capacity 4888K, committed 4992K, reserved 1048576K
}
Event: 42.128 GC heap after
{Heap after GC invocations=43 (full 0):
 garbage-first heap   total 203776K, used 76372K [0x00000000c1600000, 0x0000000100000000)
  region size 1024K, 3 young (3072K), 3 survivors (3072K)
 Metaspace       used 41973K, capacity 42399K, committed 42544K, reserved 1087488K
  class space    used 4729K, capacity 4888K, committed 4992K, reserved 1048576K
}
Event: 42.838 GC heap before
{Heap before GC invocations=44 (full 0):
 garbage-first heap   total 203776K, used 195156K [0x00000000c1600000, 0x0000000100000000)
  region size 1024K, 104 young (106496K), 3 survivors (3072K)
 Metaspace       used 42023K, capacity 42399K, committed 42544K, reserved 1087488K
  class space    used 4729K, capacity 4888K, committed 4992K, reserved 1048576K
}
Event: 42.842 GC heap after
{Heap after GC invocations=45 (full 0):
 garbage-first heap   total 203776K, used 80460K [0x00000000c1600000, 0x0000000100000000)
  region size 1024K, 3 young (3072K), 3 survivors (3072K)
 Metaspace       used 42023K, capacity 42399K, committed 42544K, reserved 1087488K
  class space    used 4729K, capacity 4888K, committed 4992K, reserved 1048576K
}
Event: 44.869 GC heap before
{Heap before GC invocations=45 (full 0):
 garbage-first heap   total 203776K, used 163404K [0x00000000c1600000, 0x0000000100000000)
  region size 1024K, 74 young (75776K), 3 survivors (3072K)
 Metaspace       used 42267K, capacity 42656K, committed 42800K, reserved 1087488K
  class space    used 4732K, capacity 4888K, committed 4992K, reserved 1048576K
}
Event: 44.873 GC heap after
{Heap after GC invocations=46 (full 0):
 garbage-first heap   total 203776K, used 76384K [0x00000000c1600000, 0x0000000100000000)
  region size 1024K, 3 young (3072K), 3 survivors (3072K)
 Metaspace       used 42267K, capacity 42656K, committed 42800K, reserved 1087488K
  class space    used 4732K, capacity 4888K, committed 4992K, reserved 1048576K
}
Event: 48.244 GC heap before
{Heap before GC invocations=47 (full 0):
 garbage-first heap   total 203776K, used 164448K [0x00000000c1600000, 0x0000000100000000)
  region size 1024K, 75 young (76800K), 3 survivors (3072K)
 Metaspace       used 42490K, capacity 42912K, committed 43056K, reserved 1087488K
  class space    used 4732K, capacity 4888K, committed 4992K, reserved 1048576K
}
Event: 48.249 GC heap after
{Heap after GC invocations=48 (full 0):
 garbage-first heap   total 203776K, used 77401K [0x00000000c1600000, 0x0000000100000000)
  region size 1024K, 3 young (3072K), 3 survivors (3072K)
 Metaspace       used 42490K, capacity 42912K, committed 43056K, reserved 1087488K
  class space    used 4732K, capacity 4888K, committed 4992K, reserved 1048576K
}
Event: 48.891 GC heap before
{Heap before GC invocations=49 (full 0):
 garbage-first heap   total 203776K, used 149081K [0x00000000c1600000, 0x0000000100000000)
  region size 1024K, 60 young (61440K), 3 survivors (3072K)
 Metaspace       used 42495K, capacity 42912K, committed 43056K, reserved 1087488K
  class space    used 4732K, capacity 4888K, committed 4992K, reserved 1048576K
}
Event: 48.895 GC heap after
{Heap after GC invocations=50 (full 0):
 garbage-first heap   total 203776K, used 80510K [0x00000000c1600000, 0x0000000100000000)
  region size 1024K, 3 young (3072K), 3 survivors (3072K)
 Metaspace       used 42495K, capacity 42912K, committed 43056K, reserved 1087488K
  class space    used 4732K, capacity 4888K, committed 4992K, reserved 1048576K
}
Event: 49.563 GC heap before
{Heap before GC invocations=51 (full 0):
 garbage-first heap   total 206848K, used 173694K [0x00000000c1600000, 0x0000000100000000)
  region size 1024K, 81 young (82944K), 3 survivors (3072K)
 Metaspace       used 42500K, capacity 42912K, committed 43056K, reserved 1087488K
  class space    used 4732K, capacity 4888K, committed 4992K, reserved 1048576K
}
Event: 49.568 GC heap after
{Heap after GC invocations=52 (full 0):
 garbage-first heap   total 206848K, used 79643K [0x00000000c1600000, 0x0000000100000000)
  region size 1024K, 2 young (2048K), 2 survivors (2048K)
 Metaspace       used 42500K, capacity 42912K, committed 43056K, reserved 1087488K
  class space    used 4732K, capacity 4888K, committed 4992K, reserved 1048576K
}
Event: 50.626 GC heap before
{Heap before GC invocations=53 (full 0):
 garbage-first heap   total 206848K, used 174875K [0x00000000c1600000, 0x0000000100000000)
  region size 1024K, 84 young (86016K), 2 survivors (2048K)
 Metaspace       used 42505K, capacity 42912K, committed 43056K, reserved 1087488K
  class space    used 4732K, capacity 4888K, committed 4992K, reserved 1048576K
}
Event: 50.629 GC heap after
{Heap after GC invocations=54 (full 0):
 garbage-first heap   total 206848K, used 76379K [0x00000000c1600000, 0x0000000100000000)
  region size 1024K, 2 young (2048K), 2 survivors (2048K)
 Metaspace       used 42505K, capacity 42912K, committed 43056K, reserved 1087488K
  class space    used 4732K, capacity 4888K, committed 4992K, reserved 1048576K
}
Event: 51.179 GC heap before
{Heap before GC invocations=55 (full 0):
 garbage-first heap   total 206848K, used 149083K [0x00000000c1600000, 0x0000000100000000)
  region size 1024K, 59 young (60416K), 2 survivors (2048K)
 Metaspace       used 42507K, capacity 42912K, committed 43056K, reserved 1087488K
  class space    used 4732K, capacity 4888K, committed 4992K, reserved 1048576K
}
Event: 51.182 GC heap after
{Heap after GC invocations=56 (full 0):
 garbage-first heap   total 206848K, used 77376K [0x00000000c1600000, 0x0000000100000000)
  region size 1024K, 1 young (1024K), 1 survivors (1024K)
 Metaspace       used 42507K, capacity 42912K, committed 43056K, reserved 1087488K
  class space    used 4732K, capacity 4888K, committed 4992K, reserved 1048576K
}

Deoptimization events (20 events):
Event: 48.751 Thread 0x000001d1acfea4b0 DEOPT PACKING pc=0x000001d1bd04cddc sp=0x0000001da95fce30
Event: 48.751 Thread 0x000001d1acfea4b0 DEOPT UNPACKING pc=0x000001d1b523e42f sp=0x0000001da95fcdd8 mode 2
Event: 48.751 Thread 0x000001d1acfea4b0 Uncommon trap: trap_request=0xffffffbe fr.pc=0x000001d1bd04cddc relative=0x000000000000035c
Event: 48.751 Thread 0x000001d1acfea4b0 Uncommon trap: reason=profile_predicate action=maybe_recompile pc=0x000001d1bd04cddc method=com.google.common.base.CharMatcher.matchesAllOf(Ljava/lang/CharSequence;)Z @ 10 c2
Event: 48.751 Thread 0x000001d1acfea4b0 DEOPT PACKING pc=0x000001d1bd04cddc sp=0x0000001da95fce30
Event: 48.751 Thread 0x000001d1acfea4b0 DEOPT UNPACKING pc=0x000001d1b523e42f sp=0x0000001da95fcdd8 mode 2
Event: 48.751 Thread 0x000001d1acfea4b0 Uncommon trap: trap_request=0xffffffbe fr.pc=0x000001d1bd04cddc relative=0x000000000000035c
Event: 48.751 Thread 0x000001d1acfea4b0 Uncommon trap: reason=profile_predicate action=maybe_recompile pc=0x000001d1bd04cddc method=com.google.common.base.CharMatcher.matchesAllOf(Ljava/lang/CharSequence;)Z @ 10 c2
Event: 48.751 Thread 0x000001d1acfea4b0 DEOPT PACKING pc=0x000001d1bd04cddc sp=0x0000001da95fce30
Event: 48.751 Thread 0x000001d1acfea4b0 DEOPT UNPACKING pc=0x000001d1b523e42f sp=0x0000001da95fcdd8 mode 2
Event: 48.757 Thread 0x000001d1acfea4b0 Uncommon trap: trap_request=0xffffffbe fr.pc=0x000001d1bd04cddc relative=0x000000000000035c
Event: 48.757 Thread 0x000001d1acfea4b0 Uncommon trap: reason=profile_predicate action=maybe_recompile pc=0x000001d1bd04cddc method=com.google.common.base.CharMatcher.matchesAllOf(Ljava/lang/CharSequence;)Z @ 10 c2
Event: 48.757 Thread 0x000001d1acfea4b0 DEOPT PACKING pc=0x000001d1bd04cddc sp=0x0000001da95fcf50
Event: 48.757 Thread 0x000001d1acfea4b0 DEOPT UNPACKING pc=0x000001d1b523e42f sp=0x0000001da95fcef8 mode 2
Event: 48.844 Thread 0x000001d1acfea4b0 DEOPT PACKING pc=0x000001d1b607d586 sp=0x0000001da95fd3d0
Event: 48.844 Thread 0x000001d1acfea4b0 DEOPT UNPACKING pc=0x000001d1b523e23f sp=0x0000001da95fc8c8 mode 0
Event: 49.350 Thread 0x000001d1acfea4b0 DEOPT PACKING pc=0x000001d1b61b83ff sp=0x0000001da95fbbe0
Event: 49.350 Thread 0x000001d1acfea4b0 DEOPT UNPACKING pc=0x000001d1b523e23f sp=0x0000001da95fb118 mode 0
Event: 49.703 Thread 0x000001d1acfea4b0 DEOPT PACKING pc=0x000001d1b6069e2b sp=0x0000001da95fc8b0
Event: 49.704 Thread 0x000001d1acfea4b0 DEOPT UNPACKING pc=0x000001d1b523e23f sp=0x0000001da95fbdc0 mode 0

Classes unloaded (1 events):
Event: 9.381 Thread 0x000001d1c8beb380 Unloading class 0x0000000800bb3840 'java/lang/invoke/LambdaForm$DMH+0x0000000800bb3840'

Classes redefined (0 events):
No events

Internal exceptions (20 events):
Event: 31.697 Thread 0x000001d1acfea4b0 Exception <a 'java/lang/NoSuchMethodError'{0x00000000c999dee8}: 'java.lang.Object java.lang.invoke.DirectMethodHandle$Holder.invokeSpecial(java.lang.Object, java.lang.Object, java.lang.Object, long, java.lang.Object)'> (0x00000000c999dee8) 
thrown [./open/src/hotspot/share/interpreter/linkResolver.cpp, line 782]
Event: 31.697 Thread 0x000001d1acfea4b0 Exception <a 'java/lang/NoSuchMethodError'{0x00000000c99a1cb0}: 'java.lang.Object java.lang.invoke.Invokers$Holder.linkToTargetMethod(java.lang.Object, long, java.lang.Object, java.lang.Object)'> (0x00000000c99a1cb0) 
thrown [./open/src/hotspot/share/interpreter/linkResolver.cpp, line 782]
Event: 31.712 Thread 0x000001d1acfea4b0 Exception <a 'java/lang/ClassNotFoundException'{0x00000000c99cf698}: sun/awt/resources/spi/awtProvider> (0x00000000c99cf698) 
thrown [./open/src/hotspot/share/classfile/systemDictionary.cpp, line 295]
Event: 31.745 Thread 0x000001d1acfea4b0 Exception <a 'java/io/FileNotFoundException'{0x00000000c99d5a98}> (0x00000000c99d5a98) 
thrown [./open/src/hotspot/share/prims/jni.cpp, line 578]
Event: 31.746 Thread 0x000001d1acfea4b0 Exception <a 'java/io/FileNotFoundException'{0x00000000c99d6ff0}> (0x00000000c99d6ff0) 
thrown [./open/src/hotspot/share/prims/jni.cpp, line 578]
Event: 32.711 Thread 0x000001d1acfea4b0 Implicit null exception at 0x000001d1bcf9ccd4 to 0x000001d1bcf9d0fc
Event: 33.202 Thread 0x000001d1acfea4b0 Exception <a 'sun/nio/fs/WindowsException'{0x00000000c9ca2838}> (0x00000000c9ca2838) 
thrown [./open/src/hotspot/share/prims/jni.cpp, line 578]
Event: 33.207 Thread 0x000001d1acfea4b0 Exception <a 'sun/nio/fs/WindowsException'{0x00000000c9cb9610}> (0x00000000c9cb9610) 
thrown [./open/src/hotspot/share/prims/jni.cpp, line 578]
Event: 33.210 Thread 0x000001d1acfea4b0 Exception <a 'java/lang/IncompatibleClassChangeError'{0x00000000c9cbdc38}: Found class java.lang.Object, but interface was expected> (0x00000000c9cbdc38) 
thrown [./open/src/hotspot/share/interpreter/linkResolver.cpp, line 848]
Event: 33.210 Thread 0x000001d1acfea4b0 Exception <a 'java/lang/IncompatibleClassChangeError'{0x00000000c9cc1318}: Found class java.lang.Object, but interface was expected> (0x00000000c9cc1318) 
thrown [./open/src/hotspot/share/interpreter/linkResolver.cpp, line 848]
Event: 33.211 Thread 0x000001d1acfea4b0 Exception <a 'java/lang/IncompatibleClassChangeError'{0x00000000c9cc49b8}: Found class java.lang.Object, but interface was expected> (0x00000000c9cc49b8) 
thrown [./open/src/hotspot/share/interpreter/linkResolver.cpp, line 848]
Event: 33.211 Thread 0x000001d1acfea4b0 Exception <a 'java/lang/IncompatibleClassChangeError'{0x00000000c9cc8028}: Found class java.lang.Object, but interface was expected> (0x00000000c9cc8028) 
thrown [./open/src/hotspot/share/interpreter/linkResolver.cpp, line 848]
Event: 33.282 Thread 0x000001d1acfea4b0 Exception <a 'java/lang/NoSuchMethodError'{0x00000000c9948ce0}: 'java.lang.Object java.lang.invoke.DirectMethodHandle$Holder.invokeStaticInit(java.lang.Object, java.lang.Object, java.lang.Object)'> (0x00000000c9948ce0) 
thrown [./open/src/hotspot/share/interpreter/linkResolver.cpp, line 782]
Event: 33.343 Thread 0x000001d1acfea4b0 Exception <a 'java/lang/IncompatibleClassChangeError'{0x00000000c98d67b0}: Found class java.lang.Object, but interface was expected> (0x00000000c98d67b0) 
thrown [./open/src/hotspot/share/interpreter/linkResolver.cpp, line 848]
Event: 33.343 Thread 0x000001d1acfea4b0 Exception <a 'java/lang/IncompatibleClassChangeError'{0x00000000c98da090}: Found class java.lang.Object, but interface was expected> (0x00000000c98da090) 
thrown [./open/src/hotspot/share/interpreter/linkResolver.cpp, line 848]
Event: 33.344 Thread 0x000001d1acfea4b0 Exception <a 'java/lang/IncompatibleClassChangeError'{0x00000000c98dd6c0}: Found class java.lang.Object, but interface was expected> (0x00000000c98dd6c0) 
thrown [./open/src/hotspot/share/interpreter/linkResolver.cpp, line 848]
Event: 33.344 Thread 0x000001d1acfea4b0 Exception <a 'java/lang/IncompatibleClassChangeError'{0x00000000c98e0d20}: Found class java.lang.Object, but interface was expected> (0x00000000c98e0d20) 
thrown [./open/src/hotspot/share/interpreter/linkResolver.cpp, line 848]
Event: 33.345 Thread 0x000001d1acfea4b0 Exception <a 'java/lang/IncompatibleClassChangeError'{0x00000000c98efd40}: Found class java.lang.Object, but interface was expected> (0x00000000c98efd40) 
thrown [./open/src/hotspot/share/interpreter/linkResolver.cpp, line 848]
Event: 33.346 Thread 0x000001d1acfea4b0 Exception <a 'java/lang/IncompatibleClassChangeError'{0x00000000c98f3498}: Found class java.lang.Object, but interface was expected> (0x00000000c98f3498) 
thrown [./open/src/hotspot/share/interpreter/linkResolver.cpp, line 848]
Event: 33.761 Thread 0x000001d1acfea4b0 Exception <a 'java/lang/ClassNotFoundException'{0x00000000c92f8f00}: sun/misc/SharedSecrets> (0x00000000c92f8f00) 
thrown [./open/src/hotspot/share/classfile/systemDictionary.cpp, line 295]

Events (20 events):
Event: 48.895 Executing VM operation: G1TryInitiateConcMark done
Event: 49.024 Executing VM operation: G1Concurrent
Event: 49.028 Executing VM operation: G1Concurrent done
Event: 49.085 Executing VM operation: G1Concurrent
Event: 49.085 Executing VM operation: G1Concurrent done
Event: 49.563 Executing VM operation: G1TryInitiateConcMark
Event: 49.568 Executing VM operation: G1TryInitiateConcMark done
Event: 49.692 Executing VM operation: G1Concurrent
Event: 49.696 Executing VM operation: G1Concurrent done
Event: 49.757 Executing VM operation: G1Concurrent
Event: 49.757 Executing VM operation: G1Concurrent done
Event: 50.626 Executing VM operation: G1TryInitiateConcMark
Event: 50.629 Executing VM operation: G1TryInitiateConcMark done
Event: 50.762 Executing VM operation: G1Concurrent
Event: 50.766 Executing VM operation: G1Concurrent done
Event: 50.821 Executing VM operation: G1Concurrent
Event: 50.821 Executing VM operation: G1Concurrent done
Event: 51.179 Executing VM operation: G1TryInitiateConcMark
Event: 51.182 Executing VM operation: G1TryInitiateConcMark done
Event: 51.348 Executing VM operation: G1Concurrent


Dynamic libraries:
0x00007ff7a17b0000 - 0x00007ff7a17bf000 	C:\Program Files\Java\jdk-15.0.2\bin\java.exe
0x00007ffda1370000 - 0x00007ffda1565000 	C:\Windows\SYSTEM32\ntdll.dll
0x00007ffd8fcd0000 - 0x00007ffd8fd44000 	C:\Windows\System32\verifier.dll
0x00007ffd85f60000 - 0x00007ffd86054000 	C:\Windows\SYSTEM32\PayloadRestrictions.dll
0x00007ffd9f2d0000 - 0x00007ffd9f3d0000 	C:\Windows\System32\ucrtbase.dll
0x00007ffd9eec0000 - 0x00007ffd9f188000 	C:\Windows\System32\kernelbase.dll
0x00007ffda0b30000 - 0x00007ffda0bed000 	C:\Windows\System32\kernel32.dll
0x00007ffd99890000 - 0x00007ffd998a8000 	C:\Program Files\Java\jdk-15.0.2\bin\jli.dll
0x00007ffda05d0000 - 0x00007ffda067c000 	C:\Windows\System32\ADVAPI32.dll
0x00007ffda1290000 - 0x00007ffda132e000 	C:\Windows\System32\msvcrt.dll
0x00007ffda0530000 - 0x00007ffda05cb000 	C:\Windows\System32\sechost.dll
0x00007ffda0c50000 - 0x00007ffda0d7b000 	C:\Windows\System32\RPCRT4.dll
0x00007ffda0210000 - 0x00007ffda03b0000 	C:\Windows\System32\USER32.dll
0x00007ffd9ed40000 - 0x00007ffd9ed62000 	C:\Windows\System32\win32u.dll
0x00007ffda0af0000 - 0x00007ffda0b1a000 	C:\Windows\System32\GDI32.dll
0x00007ffd9f190000 - 0x00007ffd9f29b000 	C:\Windows\System32\gdi32full.dll
0x00007ffd9ed70000 - 0x00007ffd9ee0d000 	C:\Windows\System32\msvcp_win.dll
0x00007ffd99130000 - 0x00007ffd99149000 	C:\Program Files\Java\jdk-15.0.2\bin\VCRUNTIME140.dll
0x00007ffd937c0000 - 0x00007ffd93a5a000 	C:\Windows\WinSxS\amd64_microsoft.windows.common-controls_6595b64144ccf1df_6.0.19041.844_none_ca00b6081b84eb1d\COMCTL32.dll
0x00007ffd94350000 - 0x00007ffd9435a000 	C:\Windows\SYSTEM32\VERSION.dll
0x00007ffd9fc10000 - 0x00007ffd9fc40000 	C:\Windows\System32\IMM32.DLL
0x00007ffd99120000 - 0x00007ffd9912c000 	C:\Program Files\Java\jdk-15.0.2\bin\vcruntime140_1.dll
0x00007ffd872b0000 - 0x00007ffd87341000 	C:\Program Files\Java\jdk-15.0.2\bin\msvcp140.dll
0x00007ffd76960000 - 0x00007ffd774be000 	C:\Program Files\Java\jdk-15.0.2\bin\server\jvm.dll
0x00007ffd9fba0000 - 0x00007ffd9fba8000 	C:\Windows\System32\PSAPI.DLL
0x00007ffd99900000 - 0x00007ffd99909000 	C:\Windows\SYSTEM32\WSOCK32.dll
0x00007ffda1130000 - 0x00007ffda119b000 	C:\Windows\System32\WS2_32.dll
0x00007ffd93db0000 - 0x00007ffd93dd7000 	C:\Windows\SYSTEM32\WINMM.dll
0x00007ffd9c8e0000 - 0x00007ffd9c8f2000 	C:\Windows\SYSTEM32\kernel.appcore.dll
0x00007ffd987b0000 - 0x00007ffd987ba000 	C:\Program Files\Java\jdk-15.0.2\bin\jimage.dll
0x00007ffd97170000 - 0x00007ffd97354000 	C:\Windows\SYSTEM32\DBGHELP.DLL
0x00007ffd968c0000 - 0x00007ffd968ec000 	C:\Windows\SYSTEM32\dbgcore.DLL
0x00007ffd9ecc0000 - 0x00007ffd9ed40000 	C:\Windows\System32\bcryptPrimitives.dll
0x00007ffd98220000 - 0x00007ffd9822e000 	C:\Program Files\Java\jdk-15.0.2\bin\instrument.dll
0x00007ffd97950000 - 0x00007ffd97975000 	C:\Program Files\Java\jdk-15.0.2\bin\java.dll
0x00007ffd9f450000 - 0x00007ffd9fb92000 	C:\Windows\System32\SHELL32.dll
0x00007ffd9cae0000 - 0x00007ffd9d271000 	C:\Windows\SYSTEM32\windows.storage.dll
0x00007ffd9feb0000 - 0x00007ffda0205000 	C:\Windows\System32\combase.dll
0x00007ffd9e520000 - 0x00007ffd9e54c000 	C:\Windows\SYSTEM32\Wldp.dll
0x00007ffd9fe00000 - 0x00007ffd9feae000 	C:\Windows\System32\SHCORE.dll
0x00007ffda10d0000 - 0x00007ffda1125000 	C:\Windows\System32\shlwapi.dll
0x00007ffd9e9f0000 - 0x00007ffd9ea0f000 	C:\Windows\SYSTEM32\profapi.dll
0x00007ffd90bc0000 - 0x00007ffd90bd8000 	C:\Program Files\Java\jdk-15.0.2\bin\zip.dll
0x00007ffd97930000 - 0x00007ffd97949000 	C:\Program Files\Java\jdk-15.0.2\bin\net.dll
0x00007ffd9db40000 - 0x00007ffd9dc4b000 	C:\Windows\SYSTEM32\WINHTTP.dll
0x00007ffd9e290000 - 0x00007ffd9e2fa000 	C:\Windows\system32\mswsock.dll
0x00007ffd90be0000 - 0x00007ffd90bf2000 	C:\Program Files\Java\jdk-15.0.2\bin\nio.dll
0x00007ffd90b90000 - 0x00007ffd90baa000 	C:\Program Files\JetBrains\IntelliJ IDEA Community Edition 2020.2.3\bin\breakgen64.dll
0x00007ffd9e470000 - 0x00007ffd9e488000 	C:\Windows\SYSTEM32\CRYPTSP.dll
0x00007ffd9dab0000 - 0x00007ffd9dae4000 	C:\Windows\system32\rsaenh.dll
0x00007ffd9f2a0000 - 0x00007ffd9f2c7000 	C:\Windows\System32\bcrypt.dll
0x00007ffd9e9b0000 - 0x00007ffd9e9de000 	C:\Windows\SYSTEM32\USERENV.dll
0x00007ffd9e460000 - 0x00007ffd9e46c000 	C:\Windows\SYSTEM32\CRYPTBASE.dll
0x00007ffd9df30000 - 0x00007ffd9df6b000 	C:\Windows\SYSTEM32\IPHLPAPI.DLL
0x00007ffda11a0000 - 0x00007ffda11a8000 	C:\Windows\System32\NSI.dll
0x00007ffd95e70000 - 0x00007ffd95e87000 	C:\Windows\SYSTEM32\dhcpcsvc6.DLL
0x00007ffd96700000 - 0x00007ffd9671d000 	C:\Windows\SYSTEM32\dhcpcsvc.DLL
0x00007ffd9df80000 - 0x00007ffd9e04c000 	C:\Windows\SYSTEM32\DNSAPI.dll
0x00007ffd978d0000 - 0x00007ffd978e0000 	C:\Program Files\Java\jdk-15.0.2\bin\verify.dll
0x00007ffd93010000 - 0x00007ffd9301a000 	C:\Windows\System32\rasadhlp.dll
0x00007ffd931b0000 - 0x00007ffd9322f000 	C:\Windows\System32\fwpuclnt.dll
0x00007ffd90b70000 - 0x00007ffd90b7d000 	C:\Program Files\Java\jdk-15.0.2\bin\sunmscapi.dll
0x00007ffd9eb00000 - 0x00007ffd9ec5f000 	C:\Windows\System32\CRYPT32.dll
0x00007ffd9e590000 - 0x00007ffd9e5b7000 	C:\Windows\SYSTEM32\ncrypt.dll
0x00007ffd9e550000 - 0x00007ffd9e58b000 	C:\Windows\SYSTEM32\NTASN1.dll
0x00007ffd77880000 - 0x00007ffd77a00000 	C:\Program Files\Java\jdk-15.0.2\bin\awt.dll
0x00007ffda03b0000 - 0x00007ffda047d000 	C:\Windows\System32\OLEAUT32.dll
0x00007ffd9c250000 - 0x00007ffd9c2e0000 	C:\Windows\SYSTEM32\apphelp.dll
0x00007ffd879f0000 - 0x00007ffd87a2f000 	C:\Program Files\Java\jdk-15.0.2\bin\lcms.dll
0x00007ffd9c7d0000 - 0x00007ffd9c7ff000 	C:\Windows\system32\DWMAPI.DLL
0x00007ffd9c3d0000 - 0x00007ffd9c46e000 	C:\Windows\system32\uxtheme.dll
0x00007ffd92420000 - 0x00007ffd92437000 	C:\Windows\system32\napinsp.dll
0x00007ffd94eb0000 - 0x00007ffd94ecb000 	C:\Windows\system32\pnrpnsp.dll
0x00007ffd99dd0000 - 0x00007ffd99de5000 	C:\Windows\system32\wshbth.dll
0x00007ffd97790000 - 0x00007ffd977ad000 	C:\Windows\system32\NLAapi.dll
0x00007ffd94ed0000 - 0x00007ffd94ee2000 	C:\Windows\System32\winrnr.dll
0x00007ffd97890000 - 0x00007ffd97899000 	C:\Program Files\Java\jdk-15.0.2\bin\management.dll
0x00007ffd90bb0000 - 0x00007ffd90bbb000 	C:\Program Files\Java\jdk-15.0.2\bin\management_ext.dll

dbghelp: loaded successfully - version: 4.0.5 - missing functions: none
symbol engine: initialized successfully - sym options: 0x614 - pdb path: .;C:\Program Files\Java\jdk-15.0.2\bin;C:\Windows\SYSTEM32;C:\Windows\WinSxS\amd64_microsoft.windows.common-controls_6595b64144ccf1df_6.0.19041.844_none_ca00b6081b84eb1d;C:\Program Files\Java\jdk-15.0.2\bin\server;C:\Program Files\JetBrains\IntelliJ IDEA Community Edition 2020.2.3\bin

VM Arguments:
jvm_args: -ea -Dtestng.dtd.http=true -javaagent:C:\Users\MMohamed\.m2\repository/org/aspectj/aspectjweaver/1.9.6/aspectjweaver-1.9.6.jar -Didea.test.cyclic.buffer.size=1048576 -javaagent:C:\Program Files\JetBrains\IntelliJ IDEA Community Edition 2020.2.3\lib\idea_rt.jar=58089:C:\Program Files\JetBrains\IntelliJ IDEA Community Edition 2020.2.3\bin -Dfile.encoding=UTF-8 
java_command: com.intellij.rt.testng.RemoteTestNGStarter -usedefaultlisteners false -listener com.shaft.tools.listeners.AlterSuiteListener;com.shaft.tools.listeners.InvokedMethodListener;com.shaft.tools.listeners.SuiteListener -socket58088 @w@C:\Users\MMohamed\AppData\Local\Temp\idea_working_dirs_testng.tmp -temp C:\Users\MMohamed\AppData\Local\Temp\idea_testng.tmp
java_class_path (initial): C:\Program Files\JetBrains\IntelliJ IDEA Community Edition 2020.2.3\lib\idea_rt.jar;C:\Program Files\JetBrains\IntelliJ IDEA Community Edition 2020.2.3\plugins\testng\lib\testng-rt.jar;D:\Automation Workshops\SHAFT_ENGINE\target\test-classes;D:\Automation Workshops\SHAFT_ENGINE\target\classes;C:\Users\MMohamed\.m2\repository\io\github\mohabmohie\SHAFT_ENGINE\5.2.20210428\SHAFT_ENGINE-5.2.20210428.jar;C:\Users\MMohamed\.m2\repository\org\testng\testng\7.4.0\testng-7.4.0.jar;C:\Users\MMohamed\.m2\repository\com\beust\jcommander\1.78\jcommander-1.78.jar;C:\Users\MMohamed\.m2\repository\org\webjars\jquery\3.5.1\jquery-3.5.1.jar;C:\Users\MMohamed\.m2\repository\org\seleniumhq\selenium\selenium-java\3.141.59\selenium-java-3.141.59.jar;C:\Users\MMohamed\.m2\repository\org\seleniumhq\selenium\selenium-api\3.141.59\selenium-api-3.141.59.jar;C:\Users\MMohamed\.m2\repository\org\seleniumhq\selenium\selenium-chrome-driver\3.141.59\selenium-chrome-driver-3.141.59.jar;C:\Users\MMohamed\.m2\repository\org\seleniumhq\selenium\selenium-edge-driver\3.141.59\selenium-edge-driver-3.141.59.jar;C:\Users\MMohamed\.m2\repository\org\seleniumhq\selenium\selenium-firefox-driver\3.141.59\selenium-firefox-driver-3.141.59.jar;C:\Users\MMohamed\.m2\repository\org\seleniumhq\selenium\selenium-ie-driver\3.141.59\selenium-ie-driver-3.141.59.jar;C:\Users\MMohamed\.m2\repository\org\seleniumhq\selenium\selenium-opera-driver\3.141.59\selenium-opera-driver-3.141.59.jar;C:\Users\MMohamed\.m2\repository\org\seleniumhq\selenium\selenium-remote-driver\3.141.59\selenium-remote-driver-3.141.59.jar;C:\Users\MMohamed\.m2\repository\org\seleniumhq\selenium\selenium-safari-driver\3.141.59\selenium-safari-driver-3.141.59.jar;C:\Users\MMohamed\.m2\repository\org\seleniumhq\selenium\selenium-support\3.141.59\selenium-support-3.141.59.jar;C:\Users\MMohamed\.m2\repository\net\bytebuddy\byte-buddy\1.8.15\byte-buddy-1.8.15.jar;C:\Users\MMohamed\.m2\repository\org\apache\commons\commons-exec
Launcher Type: SUN_STANDARD

[Global flags]
     intx CICompilerCount                          = 3                                         {product} {ergonomic}
     uint ConcGCThreads                            = 1                                         {product} {ergonomic}
     uint G1ConcRefinementThreads                  = 4                                         {product} {ergonomic}
   size_t G1HeapRegionSize                         = 1048576                                   {product} {ergonomic}
    uintx GCDrainStackTargetSize                   = 64                                        {product} {ergonomic}
   size_t InitialHeapSize                          = 67108864                                  {product} {ergonomic}
   size_t MarkStackSize                            = 4194304                                   {product} {ergonomic}
   size_t MaxHeapSize                              = 1050673152                                {product} {ergonomic}
   size_t MaxNewSize                               = 630194176                                 {product} {ergonomic}
   size_t MinHeapDeltaBytes                        = 1048576                                   {product} {ergonomic}
   size_t MinHeapSize                              = 8388608                                   {product} {ergonomic}
    uintx NonNMethodCodeHeapSize                   = 5832780                                {pd product} {ergonomic}
    uintx NonProfiledCodeHeapSize                  = 122912730                              {pd product} {ergonomic}
    uintx ProfiledCodeHeapSize                     = 122912730                              {pd product} {ergonomic}
    uintx ReservedCodeCacheSize                    = 251658240                              {pd product} {ergonomic}
     bool SegmentedCodeCache                       = true                                      {product} {ergonomic}
   size_t SoftMaxHeapSize                          = 1050673152                             {manageable} {ergonomic}
     bool UseCompressedClassPointers               = true                                 {lp64_product} {ergonomic}
     bool UseCompressedOops                        = true                                 {lp64_product} {ergonomic}
     bool UseG1GC                                  = true                                      {product} {ergonomic}
     bool UseLargePagesIndividualAllocation        = false                                  {pd product} {ergonomic}

Logging:
Log output configuration:
 #0: stdout all=warning uptime,level,tags
 #1: stderr all=off uptime,level,tags

Environment Variables:
JAVA_HOME=C:\Program Files\Java\jdk-15.0.1
PATH=C:\Program Files\Common Files\Oracle\Java\javapath;C:\Windows\system32;C:\Windows;C:\Windows\System32\Wbem;C:\Windows\System32\WindowsPowerShell\v1.0\;C:\Windows\System32\OpenSSH\;D:\programs\apache-maven-3.6.3-bin\apache-maven-3.6.3\bin;C:\Program Files\Git\cmd;c:\bin;D:\programs\allure-2.13.9\allure-2.13.9\bin;C:\Users\MMohamed\AppData\Local\Android\Sdk\platform-tools;C:\Program Files\nodejs\node_modules\npm\bin;C:\Program Files\Appium;C:\Users\MMohamed\AppData\Local\Programs\Python\Python38\Scripts\;C:\Users\MMohamed\AppData\Local\Programs\Python\Python38\;C:\Users\MMohamed\AppData\Local\Microsoft\WindowsApps;C:\Program Files\JetBrains\IntelliJ IDEA Community Edition 2020.2.3\bin;;C:\Users\MMohamed\AppData\Local\GitHubDesktop\bin;
USERNAME=MMohamed
OS=Windows_NT
PROCESSOR_IDENTIFIER=Intel64 Family 6 Model 69 Stepping 1, GenuineIntel



---------------  S Y S T E M  ---------------

OS:
 Windows 10 , 64 bit Build 19041 (10.0.19041.928)
OS uptime: 5 days 9:47 hours

CPU: total 4 (initial active 4) (2 cores per cpu, 2 threads per core) family 6 model 69 stepping 1 microcode 0x26, cmov, cx8, fxsr, mmx, sse, sse2, sse3, ssse3, sse4.1, sse4.2, popcnt, vzeroupper, avx, avx2, aes, clmul, erms, lzcnt, ht, tsc, tscinvbit, bmi1, bmi2, fma, clflush

Memory: 4k page, system-wide physical 4001M (301M free)
TotalPageFile size 16289M (AvailPageFile size 7M)
current process WorkingSet (physical memory assigned to process): 356M, peak: 356M
current process commit charge ("private bytes"): 389M, peak: 402M

vm_info: Java HotSpot(TM) 64-Bit Server VM (15.0.2+7-27) for windows-amd64 JRE (15.0.2+7-27), built on Dec  7 2020 20:07:01 by "mach5one" with unknown MS VC++:1925

END.
